[ 2019-07-09T11:36:15+08:00 ] ::1 /favicon.ico
INFO: [ app_init ] --START--
INFO: Run Behavior\BuildLiteBehavior [ RunTime:0.000017s ]
INFO: [ app_init ] --END-- [ RunTime:0.000499s ]
ERR: 无法加载模块:Favicon

[ 2019-07-09T11:53:52+08:00 ] 127.0.0.1 /Uploads/img/2019-07-095d240fc48360d
INFO: [ app_init ] --START--
INFO: Run Behavior\BuildLiteBehavior [ RunTime:0.000034s ]
INFO: [ app_init ] --END-- [ RunTime:0.000572s ]
ERR: 无法加载模块:Uploads

[ 2019-07-09T11:54:49+08:00 ] 127.0.0.1 /Uploads/img/2019-07-095d240fc48360d
INFO: [ app_init ] --START--
INFO: Run Behavior\BuildLiteBehavior [ RunTime:0.000050s ]
INFO: [ app_init ] --END-- [ RunTime:0.000852s ]
ERR: 无法加载模块:Uploads

[ 2019-07-09T11:54:50+08:00 ] 127.0.0.1 /Uploads/img/2019-07-095d240fc48360d
INFO: [ app_init ] --START--
INFO: Run Behavior\BuildLiteBehavior [ RunTime:0.000033s ]
INFO: [ app_init ] --END-- [ RunTime:0.000601s ]
ERR: 无法加载模块:Uploads

[ 2019-07-09T11:54:50+08:00 ] 127.0.0.1 /Uploads/img/2019-07-095d240fc48360d
INFO: [ app_init ] --START--
INFO: Run Behavior\BuildLiteBehavior [ RunTime:0.000045s ]
INFO: [ app_init ] --END-- [ RunTime:0.000722s ]
ERR: 无法加载模块:Uploads

[ 2019-07-09T11:54:51+08:00 ] 127.0.0.1 /Uploads/img/2019-07-095d240fc48360d
INFO: [ app_init ] --START--
INFO: Run Behavior\BuildLiteBehavior [ RunTime:0.000033s ]
INFO: [ app_init ] --END-- [ RunTime:0.000662s ]
ERR: 无法加载模块:Uploads

[ 2019-07-09T11:56:13+08:00 ] 127.0.0.1 /Uploads/img/2019-07-095d240fc48360d
INFO: [ app_init ] --START--
INFO: Run Behavior\BuildLiteBehavior [ RunTime:0.000058s ]
INFO: [ app_init ] --END-- [ RunTime:0.001067s ]
ERR: 无法加载模块:Uploads

[ 2019-07-09T11:56:14+08:00 ] 127.0.0.1 /Uploads/img/2019-07-095d240fc48360d
INFO: [ app_init ] --START--
INFO: Run Behavior\BuildLiteBehavior [ RunTime:0.000035s ]
INFO: [ app_init ] --END-- [ RunTime:0.000615s ]
ERR: 无法加载模块:Uploads

[ 2019-07-09T11:56:14+08:00 ] 127.0.0.1 /Uploads/img/2019-07-095d240fc48360d
INFO: [ app_init ] --START--
INFO: Run Behavior\BuildLiteBehavior [ RunTime:0.000031s ]
INFO: [ app_init ] --END-- [ RunTime:0.000610s ]
ERR: 无法加载模块:Uploads

[ 2019-07-09T11:56:15+08:00 ] 127.0.0.1 /Uploads/img/2019-07-095d240fc48360d
INFO: [ app_init ] --START--
INFO: Run Behavior\BuildLiteBehavior [ RunTime:0.000033s ]
INFO: [ app_init ] --END-- [ RunTime:0.000619s ]
ERR: 无法加载模块:Uploads

[ 2019-07-09T11:56:26+08:00 ] 127.0.0.1 /Uploads/img/2019-07-095d240fc48360d.jpg
INFO: [ app_init ] --START--
INFO: Run Behavior\BuildLiteBehavior [ RunTime:0.000057s ]
INFO: [ app_init ] --END-- [ RunTime:0.000778s ]
ERR: 无法加载模块:Uploads

[ 2019-07-09T11:56:28+08:00 ] 127.0.0.1 /Uploads/img/2019-07-095d240fc48360d.jpg
INFO: [ app_init ] --START--
INFO: Run Behavior\BuildLiteBehavior [ RunTime:0.000034s ]
INFO: [ app_init ] --END-- [ RunTime:0.000574s ]
ERR: 无法加载模块:Uploads

[ 2019-07-09T11:56:29+08:00 ] 127.0.0.1 /Uploads/img/2019-07-095d240fc48360d.jpg
INFO: [ app_init ] --START--
INFO: Run Behavior\BuildLiteBehavior [ RunTime:0.000042s ]
INFO: [ app_init ] --END-- [ RunTime:0.000756s ]
ERR: 无法加载模块:Uploads

[ 2019-07-09T12:19:29+08:00 ] 127.0.0.1 /Uploads/img/2019-07-095d2415c97d48d.jpg
INFO: [ app_init ] --START--
INFO: Run Behavior\BuildLiteBehavior [ RunTime:0.000032s ]
INFO: [ app_init ] --END-- [ RunTime:0.000562s ]
ERR: 无法加载模块:Uploads

[ 2019-07-09T12:21:47+08:00 ] 127.0.0.1 /Uploads/img/2019-07-095d2415c97d48d.jpg
INFO: [ app_init ] --START--
INFO: Run Behavior\BuildLiteBehavior [ RunTime:0.000031s ]
INFO: [ app_init ] --END-- [ RunTime:0.000536s ]
ERR: 无法加载模块:Uploads

[ 2019-07-09T12:56:08+08:00 ] 127.0.0.1 /Uploads/img/2019-07-095d241e581c8bc.jpg/Uploads/img/2019-07-095d241e581d4db.jpg
INFO: [ app_init ] --START--
INFO: Run Behavior\BuildLiteBehavior [ RunTime:0.000015s ]
INFO: [ app_init ] --END-- [ RunTime:0.000778s ]
ERR: 无法加载模块:Uploads

[ 2019-07-09T12:56:08+08:00 ] 127.0.0.1 /Uploads/img/2019-07-095d241e581dcf3.jpg
INFO: [ app_init ] --START--
INFO: Run Behavior\BuildLiteBehavior [ RunTime:0.000015s ]
INFO: [ app_init ] --END-- [ RunTime:0.000685s ]
ERR: 无法加载模块:Uploads

[ 2019-07-09T12:56:08+08:00 ] 127.0.0.1 /Uploads/img/2019-07-095d241e581e4d9.jpg
INFO: [ app_init ] --START--
INFO: Run Behavior\BuildLiteBehavior [ RunTime:0.000018s ]
INFO: [ app_init ] --END-- [ RunTime:0.000802s ]
ERR: 无法加载模块:Uploads

[ 2019-07-09T12:56:37+08:00 ] 127.0.0.1 /Uploads/img/2019-07-095d241e581c8bc.jpg/Uploads/img/2019-07-095d241e581d4db.jpg
INFO: [ app_init ] --START--
INFO: Run Behavior\BuildLiteBehavior [ RunTime:0.000033s ]
INFO: [ app_init ] --END-- [ RunTime:0.000584s ]
ERR: 无法加载模块:Uploads

[ 2019-07-09T12:56:37+08:00 ] 127.0.0.1 /Uploads/img/2019-07-095d241e581e4d9.jpg
INFO: [ app_init ] --START--
INFO: Run Behavior\BuildLiteBehavior [ RunTime:0.000013s ]
INFO: [ app_init ] --END-- [ RunTime:0.000605s ]
ERR: 无法加载模块:Uploads

[ 2019-07-09T12:56:37+08:00 ] 127.0.0.1 /Uploads/img/2019-07-095d241e581dcf3.jpg
INFO: [ app_init ] --START--
INFO: Run Behavior\BuildLiteBehavior [ RunTime:0.000015s ]
INFO: [ app_init ] --END-- [ RunTime:0.000650s ]
ERR: 无法加载模块:Uploads

[ 2019-07-09T12:57:34+08:00 ] 127.0.0.1 /Uploads/img/2019-07-095d241eb67f434.jpg
INFO: [ app_init ] --START--
INFO: Run Behavior\BuildLiteBehavior [ RunTime:0.000024s ]
INFO: [ app_init ] --END-- [ RunTime:0.000498s ]
ERR: 无法加载模块:Uploads

[ 2019-07-09T12:57:34+08:00 ] 127.0.0.1 /Uploads/img/2019-07-095d241eb67fc53.jpg
INFO: [ app_init ] --START--
INFO: Run Behavior\BuildLiteBehavior [ RunTime:0.000015s ]
INFO: [ app_init ] --END-- [ RunTime:0.000536s ]
ERR: 无法加载模块:Uploads

[ 2019-07-09T12:57:34+08:00 ] 127.0.0.1 /Uploads/img/2019-07-095d241eb6803f1.jpg
INFO: [ app_init ] --START--
INFO: Run Behavior\BuildLiteBehavior [ RunTime:0.000015s ]
INFO: [ app_init ] --END-- [ RunTime:0.000438s ]
ERR: 无法加载模块:Uploads

[ 2019-07-09T12:57:34+08:00 ] 127.0.0.1 /Uploads/img/2019-07-095d241eb680c2f.jpg
INFO: [ app_init ] --START--
INFO: Run Behavior\BuildLiteBehavior [ RunTime:0.000019s ]
INFO: [ app_init ] --END-- [ RunTime:0.000960s ]
ERR: 无法加载模块:Uploads

[ 2019-07-09T12:57:47+08:00 ] 127.0.0.1 /Uploads/img/2019-07-095d241eb67f434.jpg
INFO: [ app_init ] --START--
INFO: Run Behavior\BuildLiteBehavior [ RunTime:0.000028s ]
INFO: [ app_init ] --END-- [ RunTime:0.000809s ]
ERR: 无法加载模块:Uploads

[ 2019-07-09T12:57:47+08:00 ] 127.0.0.1 /Uploads/img/2019-07-095d241eb6803f1.jpg
INFO: [ app_init ] --START--
INFO: Run Behavior\BuildLiteBehavior [ RunTime:0.000047s ]
INFO: [ app_init ] --END-- [ RunTime:0.000823s ]
ERR: 无法加载模块:Uploads

[ 2019-07-09T12:57:47+08:00 ] 127.0.0.1 /Uploads/img/2019-07-095d241eb67fc53.jpg
INFO: [ app_init ] --START--
INFO: Run Behavior\BuildLiteBehavior [ RunTime:0.000014s ]
INFO: [ app_init ] --END-- [ RunTime:0.000759s ]
ERR: 无法加载模块:Uploads

[ 2019-07-09T12:57:47+08:00 ] 127.0.0.1 /Uploads/img/2019-07-095d241eb680c2f.jpg
INFO: [ app_init ] --START--
INFO: Run Behavior\BuildLiteBehavior [ RunTime:0.000018s ]
INFO: [ app_init ] --END-- [ RunTime:0.000638s ]
ERR: 无法加载模块:Uploads

[ 2019-07-09T12:57:47+08:00 ] 127.0.0.1 /Uploads/img/2019-07-095d241eb67fc53.jpg
INFO: [ app_init ] --START--
INFO: Run Behavior\BuildLiteBehavior [ RunTime:0.000033s ]
INFO: [ app_init ] --END-- [ RunTime:0.000714s ]
ERR: 无法加载模块:Uploads

[ 2019-07-09T12:57:47+08:00 ] 127.0.0.1 /Uploads/img/2019-07-095d241eb6803f1.jpg
INFO: [ app_init ] --START--
INFO: Run Behavior\BuildLiteBehavior [ RunTime:0.000025s ]
INFO: [ app_init ] --END-- [ RunTime:0.000816s ]
ERR: 无法加载模块:Uploads

[ 2019-07-09T12:57:47+08:00 ] 127.0.0.1 /Uploads/img/2019-07-095d241eb680c2f.jpg
INFO: [ app_init ] --START--
INFO: Run Behavior\BuildLiteBehavior [ RunTime:0.000047s ]
INFO: [ app_init ] --END-- [ RunTime:0.000823s ]
ERR: 无法加载模块:Uploads

[ 2019-07-09T12:57:47+08:00 ] 127.0.0.1 /Uploads/img/2019-07-095d241eb67f434.jpg
INFO: [ app_init ] --START--
INFO: Run Behavior\BuildLiteBehavior [ RunTime:0.000027s ]
INFO: [ app_init ] --END-- [ RunTime:0.000664s ]
ERR: 无法加载模块:Uploads

[ 2019-07-09T12:57:49+08:00 ] 127.0.0.1 /Uploads/img/2019-07-095d241eb6803f1.jpg
INFO: [ app_init ] --START--
INFO: Run Behavior\BuildLiteBehavior [ RunTime:0.000039s ]
INFO: [ app_init ] --END-- [ RunTime:0.000550s ]
ERR: 无法加载模块:Uploads

[ 2019-07-09T12:57:49+08:00 ] 127.0.0.1 /Uploads/img/2019-07-095d241eb680c2f.jpg
INFO: [ app_init ] --START--
INFO: Run Behavior\BuildLiteBehavior [ RunTime:0.000043s ]
INFO: [ app_init ] --END-- [ RunTime:0.000954s ]
ERR: 无法加载模块:Uploads

[ 2019-07-09T12:57:49+08:00 ] 127.0.0.1 /Uploads/img/2019-07-095d241eb67fc53.jpg
INFO: [ app_init ] --START--
INFO: Run Behavior\BuildLiteBehavior [ RunTime:0.000016s ]
INFO: [ app_init ] --END-- [ RunTime:0.000592s ]
ERR: 无法加载模块:Uploads

[ 2019-07-09T12:57:49+08:00 ] 127.0.0.1 /Uploads/img/2019-07-095d241eb67f434.jpg
INFO: [ app_init ] --START--
INFO: Run Behavior\BuildLiteBehavior [ RunTime:0.000024s ]
INFO: [ app_init ] --END-- [ RunTime:0.000546s ]
ERR: 无法加载模块:Uploads

[ 2019-07-09T12:57:50+08:00 ] 127.0.0.1 /Uploads/img/2019-07-095d241eb680c2f.jpg
INFO: [ app_init ] --START--
INFO: Run Behavior\BuildLiteBehavior [ RunTime:0.000017s ]
INFO: [ app_init ] --END-- [ RunTime:0.000662s ]
ERR: 无法加载模块:Uploads

[ 2019-07-09T12:57:50+08:00 ] 127.0.0.1 /Uploads/img/2019-07-095d241eb67f434.jpg
INFO: [ app_init ] --START--
INFO: Run Behavior\BuildLiteBehavior [ RunTime:0.000030s ]
INFO: [ app_init ] --END-- [ RunTime:0.000866s ]
ERR: 无法加载模块:Uploads

[ 2019-07-09T12:57:50+08:00 ] 127.0.0.1 /Uploads/img/2019-07-095d241eb6803f1.jpg
INFO: [ app_init ] --START--
INFO: Run Behavior\BuildLiteBehavior [ RunTime:0.000018s ]
INFO: [ app_init ] --END-- [ RunTime:0.000629s ]
ERR: 无法加载模块:Uploads

[ 2019-07-09T12:57:50+08:00 ] 127.0.0.1 /Uploads/img/2019-07-095d241eb67fc53.jpg
INFO: [ app_init ] --START--
INFO: Run Behavior\BuildLiteBehavior [ RunTime:0.000014s ]
INFO: [ app_init ] --END-- [ RunTime:0.000516s ]
ERR: 无法加载模块:Uploads

[ 2019-07-09T12:57:50+08:00 ] 127.0.0.1 /Uploads/img/2019-07-095d241eb67fc53.jpg
INFO: [ app_init ] --START--
INFO: Run Behavior\BuildLiteBehavior [ RunTime:0.000016s ]
INFO: [ app_init ] --END-- [ RunTime:0.000490s ]
ERR: 无法加载模块:Uploads

[ 2019-07-09T12:57:50+08:00 ] 127.0.0.1 /Uploads/img/2019-07-095d241eb680c2f.jpg
INFO: [ app_init ] --START--
INFO: Run Behavior\BuildLiteBehavior [ RunTime:0.000016s ]
INFO: [ app_init ] --END-- [ RunTime:0.000468s ]
ERR: 无法加载模块:Uploads

[ 2019-07-09T12:57:50+08:00 ] 127.0.0.1 /Uploads/img/2019-07-095d241eb6803f1.jpg
INFO: [ app_init ] --START--
INFO: Run Behavior\BuildLiteBehavior [ RunTime:0.000021s ]
INFO: [ app_init ] --END-- [ RunTime:0.000458s ]
ERR: 无法加载模块:Uploads

[ 2019-07-09T12:57:50+08:00 ] 127.0.0.1 /Uploads/img/2019-07-095d241eb67f434.jpg
INFO: [ app_init ] --START--
INFO: Run Behavior\BuildLiteBehavior [ RunTime:0.000014s ]
INFO: [ app_init ] --END-- [ RunTime:0.000600s ]
ERR: 无法加载模块:Uploads

[ 2019-07-09T12:57:50+08:00 ] 127.0.0.1 /Uploads/img/2019-07-095d241eb67fc53.jpg
INFO: [ app_init ] --START--
INFO: Run Behavior\BuildLiteBehavior [ RunTime:0.000021s ]
INFO: [ app_init ] --END-- [ RunTime:0.000619s ]
ERR: 无法加载模块:Uploads

[ 2019-07-09T12:57:50+08:00 ] 127.0.0.1 /Uploads/img/2019-07-095d241eb67f434.jpg
INFO: [ app_init ] --START--
INFO: Run Behavior\BuildLiteBehavior [ RunTime:0.000014s ]
INFO: [ app_init ] --END-- [ RunTime:0.000649s ]
ERR: 无法加载模块:Uploads

[ 2019-07-09T12:57:50+08:00 ] 127.0.0.1 /Uploads/img/2019-07-095d241eb680c2f.jpg
INFO: [ app_init ] --START--
INFO: Run Behavior\BuildLiteBehavior [ RunTime:0.000015s ]
INFO: [ app_init ] --END-- [ RunTime:0.000547s ]
ERR: 无法加载模块:Uploads

[ 2019-07-09T12:57:51+08:00 ] 127.0.0.1 /Uploads/img/2019-07-095d241eb67f434.jpg
INFO: [ app_init ] --START--
INFO: Run Behavior\BuildLiteBehavior [ RunTime:0.000015s ]
INFO: [ app_init ] --END-- [ RunTime:0.000494s ]
ERR: 无法加载模块:Uploads

[ 2019-07-09T12:57:51+08:00 ] 127.0.0.1 /Uploads/img/2019-07-095d241eb67fc53.jpg
INFO: [ app_init ] --START--
INFO: Run Behavior\BuildLiteBehavior [ RunTime:0.000021s ]
INFO: [ app_init ] --END-- [ RunTime:0.000520s ]
ERR: 无法加载模块:Uploads

[ 2019-07-09T12:57:51+08:00 ] 127.0.0.1 /Uploads/img/2019-07-095d241eb680c2f.jpg
INFO: [ app_init ] --START--
INFO: Run Behavior\BuildLiteBehavior [ RunTime:0.000017s ]
INFO: [ app_init ] --END-- [ RunTime:0.000434s ]
ERR: 无法加载模块:Uploads

[ 2019-07-09T12:57:51+08:00 ] 127.0.0.1 /Uploads/img/2019-07-095d241eb6803f1.jpg
INFO: [ app_init ] --START--
INFO: Run Behavior\BuildLiteBehavior [ RunTime:0.000016s ]
INFO: [ app_init ] --END-- [ RunTime:0.000659s ]
ERR: 无法加载模块:Uploads

[ 2019-07-09T12:57:51+08:00 ] 127.0.0.1 /Uploads/img/2019-07-095d241eb6803f1.jpg
INFO: [ app_init ] --START--
INFO: Run Behavior\BuildLiteBehavior [ RunTime:0.000021s ]
INFO: [ app_init ] --END-- [ RunTime:0.000467s ]
ERR: 无法加载模块:Uploads

[ 2019-07-09T12:57:51+08:00 ] 127.0.0.1 /Uploads/img/2019-07-095d241eb67f434.jpg
INFO: [ app_init ] --START--
INFO: Run Behavior\BuildLiteBehavior [ RunTime:0.000014s ]
INFO: [ app_init ] --END-- [ RunTime:0.000580s ]
ERR: 无法加载模块:Uploads

[ 2019-07-09T12:57:51+08:00 ] 127.0.0.1 /Uploads/img/2019-07-095d241eb67fc53.jpg
INFO: [ app_init ] --START--
INFO: Run Behavior\BuildLiteBehavior [ RunTime:0.000017s ]
INFO: [ app_init ] --END-- [ RunTime:0.000490s ]
ERR: 无法加载模块:Uploads

[ 2019-07-09T12:57:51+08:00 ] 127.0.0.1 /Uploads/img/2019-07-095d241eb680c2f.jpg
INFO: [ app_init ] --START--
INFO: Run Behavior\BuildLiteBehavior [ RunTime:0.000032s ]
INFO: [ app_init ] --END-- [ RunTime:0.000457s ]
ERR: 无法加载模块:Uploads

[ 2019-07-09T12:57:51+08:00 ] 127.0.0.1 /Uploads/img/2019-07-095d241eb67f434.jpg
INFO: [ app_init ] --START--
INFO: Run Behavior\BuildLiteBehavior [ RunTime:0.000015s ]
INFO: [ app_init ] --END-- [ RunTime:0.000640s ]
ERR: 无法加载模块:Uploads

[ 2019-07-09T12:57:51+08:00 ] 127.0.0.1 /Uploads/img/2019-07-095d241eb67fc53.jpg
INFO: [ app_init ] --START--
INFO: Run Behavior\BuildLiteBehavior [ RunTime:0.000013s ]
INFO: [ app_init ] --END-- [ RunTime:0.000499s ]
ERR: 无法加载模块:Uploads

[ 2019-07-09T12:57:51+08:00 ] 127.0.0.1 /Uploads/img/2019-07-095d241eb6803f1.jpg
INFO: [ app_init ] --START--
INFO: Run Behavior\BuildLiteBehavior [ RunTime:0.000032s ]
INFO: [ app_init ] --END-- [ RunTime:0.000636s ]
ERR: 无法加载模块:Uploads

[ 2019-07-09T12:57:51+08:00 ] 127.0.0.1 /Uploads/img/2019-07-095d241eb680c2f.jpg
INFO: [ app_init ] --START--
INFO: Run Behavior\BuildLiteBehavior [ RunTime:0.000014s ]
INFO: [ app_init ] --END-- [ RunTime:0.000418s ]
ERR: 无法加载模块:Uploads

[ 2019-07-09T12:57:51+08:00 ] 127.0.0.1 /Uploads/img/2019-07-095d241eb67f434.jpg
INFO: [ app_init ] --START--
INFO: Run Behavior\BuildLiteBehavior [ RunTime:0.000016s ]
INFO: [ app_init ] --END-- [ RunTime:0.000588s ]
ERR: 无法加载模块:Uploads

[ 2019-07-09T12:57:51+08:00 ] 127.0.0.1 /Uploads/img/2019-07-095d241eb67fc53.jpg
INFO: [ app_init ] --START--
INFO: Run Behavior\BuildLiteBehavior [ RunTime:0.000030s ]
INFO: [ app_init ] --END-- [ RunTime:0.000615s ]
ERR: 无法加载模块:Uploads

[ 2019-07-09T12:57:51+08:00 ] 127.0.0.1 /Uploads/img/2019-07-095d241eb680c2f.jpg
INFO: [ app_init ] --START--
INFO: Run Behavior\BuildLiteBehavior [ RunTime:0.000015s ]
INFO: [ app_init ] --END-- [ RunTime:0.000510s ]
ERR: 无法加载模块:Uploads

[ 2019-07-09T12:57:51+08:00 ] 127.0.0.1 /Uploads/img/2019-07-095d241eb67fc53.jpg
INFO: [ app_init ] --START--
INFO: Run Behavior\BuildLiteBehavior [ RunTime:0.000016s ]
INFO: [ app_init ] --END-- [ RunTime:0.000488s ]
ERR: 无法加载模块:Uploads

[ 2019-07-09T12:57:52+08:00 ] 127.0.0.1 /Uploads/img/2019-07-095d241eb680c2f.jpg
INFO: [ app_init ] --START--
INFO: Run Behavior\BuildLiteBehavior [ RunTime:0.000016s ]
INFO: [ app_init ] --END-- [ RunTime:0.000562s ]
ERR: 无法加载模块:Uploads

[ 2019-07-09T12:57:52+08:00 ] 127.0.0.1 /Uploads/img/2019-07-095d241eb6803f1.jpg
INFO: [ app_init ] --START--
INFO: Run Behavior\BuildLiteBehavior [ RunTime:0.000017s ]
INFO: [ app_init ] --END-- [ RunTime:0.000452s ]
ERR: 无法加载模块:Uploads

[ 2019-07-09T12:57:52+08:00 ] 127.0.0.1 /Uploads/img/2019-07-095d241eb67fc53.jpg
INFO: [ app_init ] --START--
INFO: Run Behavior\BuildLiteBehavior [ RunTime:0.000018s ]
INFO: [ app_init ] --END-- [ RunTime:0.000666s ]
ERR: 无法加载模块:Uploads

[ 2019-07-09T12:57:52+08:00 ] 127.0.0.1 /Uploads/img/2019-07-095d241eb6803f1.jpg
INFO: [ app_init ] --START--
INFO: Run Behavior\BuildLiteBehavior [ RunTime:0.000015s ]
INFO: [ app_init ] --END-- [ RunTime:0.000588s ]
ERR: 无法加载模块:Uploads

[ 2019-07-09T12:57:52+08:00 ] 127.0.0.1 /Uploads/img/2019-07-095d241eb67f434.jpg
INFO: [ app_init ] --START--
INFO: Run Behavior\BuildLiteBehavior [ RunTime:0.000014s ]
INFO: [ app_init ] --END-- [ RunTime:0.000587s ]
ERR: 无法加载模块:Uploads

[ 2019-07-09T12:57:52+08:00 ] 127.0.0.1 /Uploads/img/2019-07-095d241eb680c2f.jpg
INFO: [ app_init ] --START--
INFO: Run Behavior\BuildLiteBehavior [ RunTime:0.000016s ]
INFO: [ app_init ] --END-- [ RunTime:0.000479s ]
ERR: 无法加载模块:Uploads

[ 2019-07-09T12:57:52+08:00 ] 127.0.0.1 /Uploads/img/2019-07-095d241eb67fc53.jpg
INFO: [ app_init ] --START--
INFO: Run Behavior\BuildLiteBehavior [ RunTime:0.000023s ]
INFO: [ app_init ] --END-- [ RunTime:0.000695s ]
ERR: 无法加载模块:Uploads

[ 2019-07-09T12:57:52+08:00 ] 127.0.0.1 /Uploads/img/2019-07-095d241eb680c2f.jpg
INFO: [ app_init ] --START--
INFO: Run Behavior\BuildLiteBehavior [ RunTime:0.000028s ]
INFO: [ app_init ] --END-- [ RunTime:0.000686s ]
ERR: 无法加载模块:Uploads

[ 2019-07-09T12:57:52+08:00 ] 127.0.0.1 /Uploads/img/2019-07-095d241eb67f434.jpg
INFO: [ app_init ] --START--
INFO: Run Behavior\BuildLiteBehavior [ RunTime:0.000014s ]
INFO: [ app_init ] --END-- [ RunTime:0.000415s ]
ERR: 无法加载模块:Uploads

[ 2019-07-09T12:57:52+08:00 ] 127.0.0.1 /Uploads/img/2019-07-095d241eb6803f1.jpg
INFO: [ app_init ] --START--
INFO: Run Behavior\BuildLiteBehavior [ RunTime:0.000049s ]
INFO: [ app_init ] --END-- [ RunTime:0.000493s ]
ERR: 无法加载模块:Uploads

[ 2019-07-09T12:57:52+08:00 ] 127.0.0.1 /Uploads/img/2019-07-095d241eb67fc53.jpg
INFO: [ app_init ] --START--
INFO: Run Behavior\BuildLiteBehavior [ RunTime:0.000024s ]
INFO: [ app_init ] --END-- [ RunTime:0.000761s ]
ERR: 无法加载模块:Uploads

[ 2019-07-09T12:57:52+08:00 ] 127.0.0.1 /Uploads/img/2019-07-095d241eb6803f1.jpg
INFO: [ app_init ] --START--
INFO: Run Behavior\BuildLiteBehavior [ RunTime:0.000030s ]
INFO: [ app_init ] --END-- [ RunTime:0.000761s ]
ERR: 无法加载模块:Uploads

[ 2019-07-09T12:57:52+08:00 ] 127.0.0.1 /Uploads/img/2019-07-095d241eb67f434.jpg
INFO: [ app_init ] --START--
INFO: Run Behavior\BuildLiteBehavior [ RunTime:0.000016s ]
INFO: [ app_init ] --END-- [ RunTime:0.000511s ]
ERR: 无法加载模块:Uploads

[ 2019-07-09T12:57:52+08:00 ] 127.0.0.1 /Uploads/img/2019-07-095d241eb680c2f.jpg
INFO: [ app_init ] --START--
INFO: Run Behavior\BuildLiteBehavior [ RunTime:0.000014s ]
INFO: [ app_init ] --END-- [ RunTime:0.000444s ]
ERR: 无法加载模块:Uploads

[ 2019-07-09T12:58:14+08:00 ] 127.0.0.1 /Uploads/img/2019-07-095d241eb6803f1.jpg
INFO: [ app_init ] --START--
INFO: Run Behavior\BuildLiteBehavior [ RunTime:0.000019s ]
INFO: [ app_init ] --END-- [ RunTime:0.000466s ]
ERR: 无法加载模块:Uploads

[ 2019-07-09T12:58:14+08:00 ] 127.0.0.1 /Uploads/img/2019-07-095d241eb67fc53.jpg
INFO: [ app_init ] --START--
INFO: Run Behavior\BuildLiteBehavior [ RunTime:0.000014s ]
INFO: [ app_init ] --END-- [ RunTime:0.000411s ]
ERR: 无法加载模块:Uploads

[ 2019-07-09T12:58:14+08:00 ] 127.0.0.1 /Uploads/img/2019-07-095d241eb67f434.jpg
INFO: [ app_init ] --START--
INFO: Run Behavior\BuildLiteBehavior [ RunTime:0.000014s ]
INFO: [ app_init ] --END-- [ RunTime:0.000461s ]
ERR: 无法加载模块:Uploads

[ 2019-07-09T12:58:14+08:00 ] 127.0.0.1 /Uploads/img/2019-07-095d241eb680c2f.jpg
INFO: [ app_init ] --START--
INFO: Run Behavior\BuildLiteBehavior [ RunTime:0.000016s ]
INFO: [ app_init ] --END-- [ RunTime:0.000572s ]
ERR: 无法加载模块:Uploads

[ 2019-07-09T12:58:45+08:00 ] 127.0.0.1 /Uploads/2019-04-30/5cc7eff88e01a.jpg
INFO: [ app_init ] --START--
INFO: Run Behavior\BuildLiteBehavior [ RunTime:0.000015s ]
INFO: [ app_init ] --END-- [ RunTime:0.000477s ]
ERR: 无法加载模块:Uploads

[ 2019-07-09T12:58:48+08:00 ] 127.0.0.1 /Uploads/img/2019-07-095d241eb67f434.jpg
INFO: [ app_init ] --START--
INFO: Run Behavior\BuildLiteBehavior [ RunTime:0.000015s ]
INFO: [ app_init ] --END-- [ RunTime:0.000493s ]
ERR: 无法加载模块:Uploads

[ 2019-07-09T12:58:48+08:00 ] 127.0.0.1 /Uploads/img/2019-07-095d241eb6803f1.jpg
INFO: [ app_init ] --START--
INFO: Run Behavior\BuildLiteBehavior [ RunTime:0.000048s ]
INFO: [ app_init ] --END-- [ RunTime:0.000640s ]
ERR: 无法加载模块:Uploads

[ 2019-07-09T12:58:48+08:00 ] 127.0.0.1 /Uploads/img/2019-07-095d241eb680c2f.jpg
INFO: [ app_init ] --START--
INFO: Run Behavior\BuildLiteBehavior [ RunTime:0.000018s ]
INFO: [ app_init ] --END-- [ RunTime:0.000618s ]
ERR: 无法加载模块:Uploads

[ 2019-07-09T12:58:48+08:00 ] 127.0.0.1 /Uploads/img/2019-07-095d241eb67fc53.jpg
INFO: [ app_init ] --START--
INFO: Run Behavior\BuildLiteBehavior [ RunTime:0.000016s ]
INFO: [ app_init ] --END-- [ RunTime:0.000601s ]
ERR: 无法加载模块:Uploads

[ 2019-07-09T12:59:10+08:00 ] 127.0.0.1 /Uploads/img/2019-07-095d241eb67f434.jpg
INFO: [ app_init ] --START--
INFO: Run Behavior\BuildLiteBehavior [ RunTime:0.000014s ]
INFO: [ app_init ] --END-- [ RunTime:0.000542s ]
ERR: 无法加载模块:Uploads

[ 2019-07-09T12:59:10+08:00 ] 127.0.0.1 /Uploads/img/2019-07-095d241eb67fc53.jpg
INFO: [ app_init ] --START--
INFO: Run Behavior\BuildLiteBehavior [ RunTime:0.000015s ]
INFO: [ app_init ] --END-- [ RunTime:0.000519s ]
ERR: 无法加载模块:Uploads

[ 2019-07-09T12:59:10+08:00 ] 127.0.0.1 /Uploads/img/2019-07-095d241eb6803f1.jpg
INFO: [ app_init ] --START--
INFO: Run Behavior\BuildLiteBehavior [ RunTime:0.000022s ]
INFO: [ app_init ] --END-- [ RunTime:0.000461s ]
ERR: 无法加载模块:Uploads

[ 2019-07-09T12:59:10+08:00 ] 127.0.0.1 /Uploads/img/2019-07-095d241eb680c2f.jpg
INFO: [ app_init ] --START--
INFO: Run Behavior\BuildLiteBehavior [ RunTime:0.000013s ]
INFO: [ app_init ] --END-- [ RunTime:0.000419s ]
ERR: 无法加载模块:Uploads

[ 2019-07-09T12:59:22+08:00 ] 127.0.0.1 /Uploads/img/2019-07-095d241eb67f434.jpg
INFO: [ app_init ] --START--
INFO: Run Behavior\BuildLiteBehavior [ RunTime:0.000015s ]
INFO: [ app_init ] --END-- [ RunTime:0.000613s ]
ERR: 无法加载模块:Uploads

[ 2019-07-09T12:59:22+08:00 ] 127.0.0.1 /Uploads/img/2019-07-095d241eb680c2f.jpg
INFO: [ app_init ] --START--
INFO: Run Behavior\BuildLiteBehavior [ RunTime:0.000041s ]
INFO: [ app_init ] --END-- [ RunTime:0.000630s ]
ERR: 无法加载模块:Uploads

[ 2019-07-09T12:59:22+08:00 ] 127.0.0.1 /Uploads/img/2019-07-095d241eb6803f1.jpg
INFO: [ app_init ] --START--
INFO: Run Behavior\BuildLiteBehavior [ RunTime:0.000030s ]
INFO: [ app_init ] --END-- [ RunTime:0.000691s ]
ERR: 无法加载模块:Uploads

[ 2019-07-09T12:59:22+08:00 ] 127.0.0.1 /Uploads/img/2019-07-095d241eb67fc53.jpg
INFO: [ app_init ] --START--
INFO: Run Behavior\BuildLiteBehavior [ RunTime:0.000014s ]
INFO: [ app_init ] --END-- [ RunTime:0.000486s ]
ERR: 无法加载模块:Uploads

[ 2019-07-09T12:59:22+08:00 ] 127.0.0.1 /Uploads/img/2019-07-095d241eb67fc53.jpg
INFO: [ app_init ] --START--
INFO: Run Behavior\BuildLiteBehavior [ RunTime:0.000017s ]
INFO: [ app_init ] --END-- [ RunTime:0.000475s ]
ERR: 无法加载模块:Uploads

[ 2019-07-09T12:59:22+08:00 ] 127.0.0.1 /Uploads/img/2019-07-095d241eb680c2f.jpg
INFO: [ app_init ] --START--
INFO: Run Behavior\BuildLiteBehavior [ RunTime:0.000017s ]
INFO: [ app_init ] --END-- [ RunTime:0.000534s ]
ERR: 无法加载模块:Uploads

[ 2019-07-09T12:59:22+08:00 ] 127.0.0.1 /Uploads/img/2019-07-095d241eb6803f1.jpg
INFO: [ app_init ] --START--
INFO: Run Behavior\BuildLiteBehavior [ RunTime:0.000018s ]
INFO: [ app_init ] --END-- [ RunTime:0.000860s ]
ERR: 无法加载模块:Uploads

[ 2019-07-09T12:59:22+08:00 ] 127.0.0.1 /Uploads/img/2019-07-095d241eb67f434.jpg
INFO: [ app_init ] --START--
INFO: Run Behavior\BuildLiteBehavior [ RunTime:0.000015s ]
INFO: [ app_init ] --END-- [ RunTime:0.000674s ]
ERR: 无法加载模块:Uploads

[ 2019-07-09T12:59:22+08:00 ] 127.0.0.1 /Uploads/img/2019-07-095d241eb67f434.jpg
INFO: [ app_init ] --START--
INFO: Run Behavior\BuildLiteBehavior [ RunTime:0.000021s ]
INFO: [ app_init ] --END-- [ RunTime:0.000691s ]
ERR: 无法加载模块:Uploads

[ 2019-07-09T12:59:22+08:00 ] 127.0.0.1 /Uploads/img/2019-07-095d241eb67fc53.jpg
INFO: [ app_init ] --START--
INFO: Run Behavior\BuildLiteBehavior [ RunTime:0.000053s ]
INFO: [ app_init ] --END-- [ RunTime:0.000582s ]
ERR: 无法加载模块:Uploads

[ 2019-07-09T12:59:22+08:00 ] 127.0.0.1 /Uploads/img/2019-07-095d241eb680c2f.jpg
INFO: [ app_init ] --START--
INFO: Run Behavior\BuildLiteBehavior [ RunTime:0.000020s ]
INFO: [ app_init ] --END-- [ RunTime:0.000703s ]
ERR: 无法加载模块:Uploads

[ 2019-07-09T12:59:23+08:00 ] 127.0.0.1 /Uploads/img/2019-07-095d241eb67f434.jpg
INFO: [ app_init ] --START--
INFO: Run Behavior\BuildLiteBehavior [ RunTime:0.000014s ]
INFO: [ app_init ] --END-- [ RunTime:0.000487s ]
ERR: 无法加载模块:Uploads

[ 2019-07-09T12:59:23+08:00 ] 127.0.0.1 /Uploads/img/2019-07-095d241eb67fc53.jpg
INFO: [ app_init ] --START--
INFO: Run Behavior\BuildLiteBehavior [ RunTime:0.000050s ]
INFO: [ app_init ] --END-- [ RunTime:0.000899s ]
ERR: 无法加载模块:Uploads

[ 2019-07-09T12:59:23+08:00 ] 127.0.0.1 /Uploads/img/2019-07-095d241eb680c2f.jpg
INFO: [ app_init ] --START--
INFO: Run Behavior\BuildLiteBehavior [ RunTime:0.000014s ]
INFO: [ app_init ] --END-- [ RunTime:0.000583s ]
ERR: 无法加载模块:Uploads

[ 2019-07-09T12:59:23+08:00 ] 127.0.0.1 /Uploads/img/2019-07-095d241eb6803f1.jpg
INFO: [ app_init ] --START--
INFO: Run Behavior\BuildLiteBehavior [ RunTime:0.000014s ]
INFO: [ app_init ] --END-- [ RunTime:0.000427s ]
ERR: 无法加载模块:Uploads

[ 2019-07-09T12:59:51+08:00 ] 127.0.0.1 /Uploads/img/2019-07-095d241eb67f434.jpg
INFO: [ app_init ] --START--
INFO: Run Behavior\BuildLiteBehavior [ RunTime:0.000034s ]
INFO: [ app_init ] --END-- [ RunTime:0.000548s ]
ERR: 无法加载模块:Uploads

[ 2019-07-09T12:59:51+08:00 ] 127.0.0.1 /Uploads/img/2019-07-095d241eb67fc53.jpg
INFO: [ app_init ] --START--
INFO: Run Behavior\BuildLiteBehavior [ RunTime:0.000016s ]
INFO: [ app_init ] --END-- [ RunTime:0.000546s ]
ERR: 无法加载模块:Uploads

[ 2019-07-09T12:59:51+08:00 ] 127.0.0.1 /Uploads/img/2019-07-095d241eb6803f1.jpg
INFO: [ app_init ] --START--
INFO: Run Behavior\BuildLiteBehavior [ RunTime:0.000017s ]
INFO: [ app_init ] --END-- [ RunTime:0.000500s ]
ERR: 无法加载模块:Uploads

[ 2019-07-09T12:59:51+08:00 ] 127.0.0.1 /Uploads/img/2019-07-095d241eb680c2f.jpg
INFO: [ app_init ] --START--
INFO: Run Behavior\BuildLiteBehavior [ RunTime:0.000063s ]
INFO: [ app_init ] --END-- [ RunTime:0.000756s ]
ERR: 无法加载模块:Uploads

[ 2019-07-09T12:59:51+08:00 ] 127.0.0.1 /Uploads/img/2019-07-095d241eb67f434.jpg
INFO: [ app_init ] --START--
INFO: Run Behavior\BuildLiteBehavior [ RunTime:0.000014s ]
INFO: [ app_init ] --END-- [ RunTime:0.000599s ]
ERR: 无法加载模块:Uploads

[ 2019-07-09T12:59:51+08:00 ] 127.0.0.1 /Uploads/img/2019-07-095d241eb6803f1.jpg
INFO: [ app_init ] --START--
INFO: Run Behavior\BuildLiteBehavior [ RunTime:0.000013s ]
INFO: [ app_init ] --END-- [ RunTime:0.000453s ]
ERR: 无法加载模块:Uploads

[ 2019-07-09T12:59:51+08:00 ] 127.0.0.1 /Uploads/img/2019-07-095d241eb67fc53.jpg
INFO: [ app_init ] --START--
INFO: Run Behavior\BuildLiteBehavior [ RunTime:0.000032s ]
INFO: [ app_init ] --END-- [ RunTime:0.000695s ]
ERR: 无法加载模块:Uploads

[ 2019-07-09T12:59:51+08:00 ] 127.0.0.1 /Uploads/img/2019-07-095d241eb680c2f.jpg
INFO: [ app_init ] --START--
INFO: Run Behavior\BuildLiteBehavior [ RunTime:0.000017s ]
INFO: [ app_init ] --END-- [ RunTime:0.000652s ]
ERR: 无法加载模块:Uploads

[ 2019-07-09T12:59:51+08:00 ] 127.0.0.1 /Uploads/img/2019-07-095d241eb67f434.jpg
INFO: [ app_init ] --START--
INFO: Run Behavior\BuildLiteBehavior [ RunTime:0.000017s ]
INFO: [ app_init ] --END-- [ RunTime:0.000429s ]
ERR: 无法加载模块:Uploads

[ 2019-07-09T12:59:51+08:00 ] 127.0.0.1 /Uploads/img/2019-07-095d241eb67fc53.jpg
INFO: [ app_init ] --START--
INFO: Run Behavior\BuildLiteBehavior [ RunTime:0.000014s ]
INFO: [ app_init ] --END-- [ RunTime:0.000493s ]
ERR: 无法加载模块:Uploads

[ 2019-07-09T12:59:51+08:00 ] 127.0.0.1 /Uploads/img/2019-07-095d241eb6803f1.jpg
INFO: [ app_init ] --START--
INFO: Run Behavior\BuildLiteBehavior [ RunTime:0.000035s ]
INFO: [ app_init ] --END-- [ RunTime:0.000540s ]
ERR: 无法加载模块:Uploads

[ 2019-07-09T12:59:51+08:00 ] 127.0.0.1 /Uploads/img/2019-07-095d241eb680c2f.jpg
INFO: [ app_init ] --START--
INFO: Run Behavior\BuildLiteBehavior [ RunTime:0.000017s ]
INFO: [ app_init ] --END-- [ RunTime:0.000791s ]
ERR: 无法加载模块:Uploads

[ 2019-07-09T12:59:52+08:00 ] 127.0.0.1 /Uploads/img/2019-07-095d241eb67f434.jpg
INFO: [ app_init ] --START--
INFO: Run Behavior\BuildLiteBehavior [ RunTime:0.000033s ]
INFO: [ app_init ] --END-- [ RunTime:0.000605s ]
ERR: 无法加载模块:Uploads

[ 2019-07-09T12:59:52+08:00 ] 127.0.0.1 /Uploads/img/2019-07-095d241eb680c2f.jpg
INFO: [ app_init ] --START--
INFO: Run Behavior\BuildLiteBehavior [ RunTime:0.000029s ]
INFO: [ app_init ] --END-- [ RunTime:0.000844s ]
ERR: 无法加载模块:Uploads

[ 2019-07-09T12:59:52+08:00 ] 127.0.0.1 /Uploads/img/2019-07-095d241eb6803f1.jpg
INFO: [ app_init ] --START--
INFO: Run Behavior\BuildLiteBehavior [ RunTime:0.000041s ]
INFO: [ app_init ] --END-- [ RunTime:0.000851s ]
ERR: 无法加载模块:Uploads

[ 2019-07-09T12:59:52+08:00 ] 127.0.0.1 /Uploads/img/2019-07-095d241eb67fc53.jpg
INFO: [ app_init ] --START--
INFO: Run Behavior\BuildLiteBehavior [ RunTime:0.000026s ]
INFO: [ app_init ] --END-- [ RunTime:0.000601s ]
ERR: 无法加载模块:Uploads

[ 2019-07-09T13:01:33+08:00 ] 127.0.0.1 /Uploads/img/2019-07-095d241eb67f434.jpg
INFO: [ app_init ] --START--
INFO: Run Behavior\BuildLiteBehavior [ RunTime:0.000050s ]
INFO: [ app_init ] --END-- [ RunTime:0.000464s ]
ERR: 无法加载模块:Uploads

[ 2019-07-09T13:01:33+08:00 ] 127.0.0.1 /Uploads/img/2019-07-095d241eb67fc53.jpg
INFO: [ app_init ] --START--
INFO: Run Behavior\BuildLiteBehavior [ RunTime:0.000013s ]
INFO: [ app_init ] --END-- [ RunTime:0.000414s ]
ERR: 无法加载模块:Uploads

[ 2019-07-09T13:01:33+08:00 ] 127.0.0.1 /Uploads/img/2019-07-095d241eb680c2f.jpg
INFO: [ app_init ] --START--
INFO: Run Behavior\BuildLiteBehavior [ RunTime:0.000013s ]
INFO: [ app_init ] --END-- [ RunTime:0.000458s ]
ERR: 无法加载模块:Uploads

[ 2019-07-09T13:01:33+08:00 ] 127.0.0.1 /Uploads/img/2019-07-095d241eb6803f1.jpg
INFO: [ app_init ] --START--
INFO: Run Behavior\BuildLiteBehavior [ RunTime:0.000015s ]
INFO: [ app_init ] --END-- [ RunTime:0.000654s ]
ERR: 无法加载模块:Uploads

[ 2019-07-09T13:01:34+08:00 ] 127.0.0.1 /Uploads/img/2019-07-095d241eb67fc53.jpg
INFO: [ app_init ] --START--
INFO: Run Behavior\BuildLiteBehavior [ RunTime:0.000014s ]
INFO: [ app_init ] --END-- [ RunTime:0.000590s ]
ERR: 无法加载模块:Uploads

[ 2019-07-09T13:01:34+08:00 ] 127.0.0.1 /Uploads/img/2019-07-095d241eb680c2f.jpg
INFO: [ app_init ] --START--
INFO: Run Behavior\BuildLiteBehavior [ RunTime:0.000014s ]
INFO: [ app_init ] --END-- [ RunTime:0.000489s ]
ERR: 无法加载模块:Uploads

[ 2019-07-09T13:01:34+08:00 ] 127.0.0.1 /Uploads/img/2019-07-095d241eb6803f1.jpg
INFO: [ app_init ] --START--
INFO: Run Behavior\BuildLiteBehavior [ RunTime:0.000022s ]
INFO: [ app_init ] --END-- [ RunTime:0.001049s ]
ERR: 无法加载模块:Uploads

[ 2019-07-09T13:01:34+08:00 ] 127.0.0.1 /Uploads/img/2019-07-095d241eb67f434.jpg
INFO: [ app_init ] --START--
INFO: Run Behavior\BuildLiteBehavior [ RunTime:0.000025s ]
INFO: [ app_init ] --END-- [ RunTime:0.001000s ]
ERR: 无法加载模块:Uploads

[ 2019-07-09T13:01:34+08:00 ] 127.0.0.1 /Uploads/img/2019-07-095d241eb67f434.jpg
INFO: [ app_init ] --START--
INFO: Run Behavior\BuildLiteBehavior [ RunTime:0.000015s ]
INFO: [ app_init ] --END-- [ RunTime:0.000625s ]
ERR: 无法加载模块:Uploads

[ 2019-07-09T13:01:34+08:00 ] 127.0.0.1 /Uploads/img/2019-07-095d241eb6803f1.jpg
INFO: [ app_init ] --START--
INFO: Run Behavior\BuildLiteBehavior [ RunTime:0.000013s ]
INFO: [ app_init ] --END-- [ RunTime:0.000509s ]
ERR: 无法加载模块:Uploads

[ 2019-07-09T13:01:34+08:00 ] 127.0.0.1 /Uploads/img/2019-07-095d241eb680c2f.jpg
INFO: [ app_init ] --START--
INFO: Run Behavior\BuildLiteBehavior [ RunTime:0.000013s ]
INFO: [ app_init ] --END-- [ RunTime:0.000453s ]
ERR: 无法加载模块:Uploads

[ 2019-07-09T13:01:34+08:00 ] 127.0.0.1 /Uploads/img/2019-07-095d241eb67fc53.jpg
INFO: [ app_init ] --START--
INFO: Run Behavior\BuildLiteBehavior [ RunTime:0.000015s ]
INFO: [ app_init ] --END-- [ RunTime:0.000517s ]
ERR: 无法加载模块:Uploads

[ 2019-07-09T13:01:34+08:00 ] 127.0.0.1 /Uploads/img/2019-07-095d241eb67fc53.jpg
INFO: [ app_init ] --START--
INFO: Run Behavior\BuildLiteBehavior [ RunTime:0.000018s ]
INFO: [ app_init ] --END-- [ RunTime:0.000985s ]
ERR: 无法加载模块:Uploads

[ 2019-07-09T13:01:34+08:00 ] 127.0.0.1 /Uploads/img/2019-07-095d241eb67f434.jpg
INFO: [ app_init ] --START--
INFO: Run Behavior\BuildLiteBehavior [ RunTime:0.000060s ]
INFO: [ app_init ] --END-- [ RunTime:0.000805s ]
ERR: 无法加载模块:Uploads

[ 2019-07-09T13:01:34+08:00 ] 127.0.0.1 /Uploads/img/2019-07-095d241eb680c2f.jpg
INFO: [ app_init ] --START--
INFO: Run Behavior\BuildLiteBehavior [ RunTime:0.000067s ]
INFO: [ app_init ] --END-- [ RunTime:0.000775s ]
ERR: 无法加载模块:Uploads

[ 2019-07-09T13:01:34+08:00 ] 127.0.0.1 /Uploads/img/2019-07-095d241eb6803f1.jpg
INFO: [ app_init ] --START--
INFO: Run Behavior\BuildLiteBehavior [ RunTime:0.000015s ]
INFO: [ app_init ] --END-- [ RunTime:0.000614s ]
ERR: 无法加载模块:Uploads

[ 2019-07-09T13:01:34+08:00 ] 127.0.0.1 /Uploads/img/2019-07-095d241eb67fc53.jpg
INFO: [ app_init ] --START--
INFO: Run Behavior\BuildLiteBehavior [ RunTime:0.000015s ]
INFO: [ app_init ] --END-- [ RunTime:0.000523s ]
ERR: 无法加载模块:Uploads

[ 2019-07-09T13:01:34+08:00 ] 127.0.0.1 /Uploads/img/2019-07-095d241eb67f434.jpg
INFO: [ app_init ] --START--
INFO: Run Behavior\BuildLiteBehavior [ RunTime:0.000015s ]
INFO: [ app_init ] --END-- [ RunTime:0.000536s ]
ERR: 无法加载模块:Uploads

[ 2019-07-09T13:01:34+08:00 ] 127.0.0.1 /Uploads/img/2019-07-095d241eb6803f1.jpg
INFO: [ app_init ] --START--
INFO: Run Behavior\BuildLiteBehavior [ RunTime:0.000019s ]
INFO: [ app_init ] --END-- [ RunTime:0.000815s ]
ERR: 无法加载模块:Uploads

[ 2019-07-09T13:01:34+08:00 ] 127.0.0.1 /Uploads/img/2019-07-095d241eb680c2f.jpg
INFO: [ app_init ] --START--
INFO: Run Behavior\BuildLiteBehavior [ RunTime:0.000024s ]
INFO: [ app_init ] --END-- [ RunTime:0.000703s ]
ERR: 无法加载模块:Uploads

[ 2019-07-09T13:02:12+08:00 ] 127.0.0.1 /Uploads/img/2019-07-095d241eb67f434.jpg
INFO: [ app_init ] --START--
INFO: Run Behavior\BuildLiteBehavior [ RunTime:0.000032s ]
INFO: [ app_init ] --END-- [ RunTime:0.000655s ]
ERR: 无法加载模块:Uploads

[ 2019-07-09T13:02:12+08:00 ] 127.0.0.1 /Uploads/img/2019-07-095d241eb6803f1.jpg
INFO: [ app_init ] --START--
INFO: Run Behavior\BuildLiteBehavior [ RunTime:0.000031s ]
INFO: [ app_init ] --END-- [ RunTime:0.000762s ]
ERR: 无法加载模块:Uploads

[ 2019-07-09T13:02:12+08:00 ] 127.0.0.1 /Uploads/img/2019-07-095d241eb67fc53.jpg
INFO: [ app_init ] --START--
INFO: Run Behavior\BuildLiteBehavior [ RunTime:0.000017s ]
INFO: [ app_init ] --END-- [ RunTime:0.000559s ]
ERR: 无法加载模块:Uploads

[ 2019-07-09T13:02:12+08:00 ] 127.0.0.1 /Uploads/img/2019-07-095d241eb680c2f.jpg
INFO: [ app_init ] --START--
INFO: Run Behavior\BuildLiteBehavior [ RunTime:0.000016s ]
INFO: [ app_init ] --END-- [ RunTime:0.000743s ]
ERR: 无法加载模块:Uploads

[ 2019-07-09T13:02:13+08:00 ] 127.0.0.1 /Uploads/img/2019-07-095d241eb680c2f.jpg
INFO: [ app_init ] --START--
INFO: Run Behavior\BuildLiteBehavior [ RunTime:0.000017s ]
INFO: [ app_init ] --END-- [ RunTime:0.000495s ]
ERR: 无法加载模块:Uploads

[ 2019-07-09T13:02:13+08:00 ] 127.0.0.1 /Uploads/img/2019-07-095d241eb67f434.jpg
INFO: [ app_init ] --START--
INFO: Run Behavior\BuildLiteBehavior [ RunTime:0.000014s ]
INFO: [ app_init ] --END-- [ RunTime:0.000490s ]
ERR: 无法加载模块:Uploads

[ 2019-07-09T13:02:13+08:00 ] 127.0.0.1 /Uploads/img/2019-07-095d241eb67fc53.jpg
INFO: [ app_init ] --START--
INFO: Run Behavior\BuildLiteBehavior [ RunTime:0.000025s ]
INFO: [ app_init ] --END-- [ RunTime:0.000634s ]
ERR: 无法加载模块:Uploads

[ 2019-07-09T13:02:13+08:00 ] 127.0.0.1 /Uploads/img/2019-07-095d241eb6803f1.jpg
INFO: [ app_init ] --START--
INFO: Run Behavior\BuildLiteBehavior [ RunTime:0.000019s ]
INFO: [ app_init ] --END-- [ RunTime:0.000790s ]
ERR: 无法加载模块:Uploads

[ 2019-07-09T13:02:13+08:00 ] 127.0.0.1 /Uploads/img/2019-07-095d241eb6803f1.jpg
INFO: [ app_init ] --START--
INFO: Run Behavior\BuildLiteBehavior [ RunTime:0.000016s ]
INFO: [ app_init ] --END-- [ RunTime:0.000511s ]
ERR: 无法加载模块:Uploads

[ 2019-07-09T13:02:13+08:00 ] 127.0.0.1 /Uploads/img/2019-07-095d241eb680c2f.jpg
INFO: [ app_init ] --START--
INFO: Run Behavior\BuildLiteBehavior [ RunTime:0.000014s ]
INFO: [ app_init ] --END-- [ RunTime:0.000486s ]
ERR: 无法加载模块:Uploads

[ 2019-07-09T13:02:13+08:00 ] 127.0.0.1 /Uploads/img/2019-07-095d241eb67f434.jpg
INFO: [ app_init ] --START--
INFO: Run Behavior\BuildLiteBehavior [ RunTime:0.000016s ]
INFO: [ app_init ] --END-- [ RunTime:0.000440s ]
ERR: 无法加载模块:Uploads

[ 2019-07-09T13:02:13+08:00 ] 127.0.0.1 /Uploads/img/2019-07-095d241eb67fc53.jpg
INFO: [ app_init ] --START--
INFO: Run Behavior\BuildLiteBehavior [ RunTime:0.000033s ]
INFO: [ app_init ] --END-- [ RunTime:0.000637s ]
ERR: 无法加载模块:Uploads

[ 2019-07-09T13:04:05+08:00 ] 127.0.0.1 /Uploads/img/2019-07-095d241eb67f434.jpg
INFO: [ app_init ] --START--
INFO: Run Behavior\BuildLiteBehavior [ RunTime:0.000056s ]
INFO: [ app_init ] --END-- [ RunTime:0.000903s ]
ERR: 无法加载模块:Uploads

[ 2019-07-09T13:04:05+08:00 ] 127.0.0.1 /Uploads/img/2019-07-095d241eb680c2f.jpg
INFO: [ app_init ] --START--
INFO: Run Behavior\BuildLiteBehavior [ RunTime:0.000052s ]
INFO: [ app_init ] --END-- [ RunTime:0.000710s ]
ERR: 无法加载模块:Uploads

[ 2019-07-09T13:04:05+08:00 ] 127.0.0.1 /Uploads/img/2019-07-095d241eb6803f1.jpg
INFO: [ app_init ] --START--
INFO: Run Behavior\BuildLiteBehavior [ RunTime:0.000017s ]
INFO: [ app_init ] --END-- [ RunTime:0.000686s ]
ERR: 无法加载模块:Uploads

[ 2019-07-09T13:04:05+08:00 ] 127.0.0.1 /Uploads/img/2019-07-095d241eb67fc53.jpg
INFO: [ app_init ] --START--
INFO: Run Behavior\BuildLiteBehavior [ RunTime:0.000015s ]
INFO: [ app_init ] --END-- [ RunTime:0.000602s ]
ERR: 无法加载模块:Uploads

