[ 2019-06-14T17:34:51+08:00 ] ::1 /index.php/Summary/RoleSummary/index/func/search.html?funcid=X103005&__ajax=1
INFO: [ app_init ] --START--
INFO: Run Behavior\BuildLiteBehavior [ RunTime:0.000014s ]
INFO: [ app_init ] --END-- [ RunTime:0.000504s ]
INFO: [ app_begin ] --START--
INFO: Run Behavior\ReadHtmlCacheBehavior [ RunTime:0.000823s ]
INFO: [ app_begin ] --END-- [ RunTime:0.000872s ]
SQL: SHOW COLUMNS FROM `erp_user` [ RunTime:0.0065s ]
SQL: SELECT * FROM `erp_user` WHERE ( id = 1 ) LIMIT 1   [ RunTime:0.0003s ]
NOTIC: [8] Undefined index: customer_id C:\xampp\htdocs\project\exploitproject\exploit1\websource\Application\Home\Controller\BasicController.class.php 第 83 行.
NOTIC: [8] Undefined index: customer_id C:\xampp\htdocs\project\exploitproject\exploit1\websource\Application\Home\Controller\BasicController.class.php 第 91 行.
SQL: SHOW COLUMNS FROM `erp_system_parameter` [ RunTime:0.0150s ]
SQL: SELECT `value` FROM `erp_system_parameter` WHERE ( code = 'notice_open' AND status = 1 ) LIMIT 1   [ RunTime:0.0003s ]
SQL: SELECT `value` FROM `erp_system_parameter` WHERE ( code = 'notice_title' AND status = 1 ) LIMIT 1   [ RunTime:0.0003s ]
SQL: SHOW COLUMNS FROM `erp_node` [ RunTime:0.0048s ]
SQL: SELECT name as `key` FROM `erp_node` WHERE ( level = 3 AND module = '/Summary/RoleSummary' )  [ RunTime:0.0003s ]
SQL: SELECT name as `key` FROM `erp_node` WHERE ( level = 3 AND module = '/Summary/RoleSummary' )  [ RunTime:0.0002s ]
SQL: SHOW COLUMNS FROM `erp_user_summary_column` [ RunTime:0.0050s ]
SQL: SELECT * FROM `erp_user_summary_column` WHERE ( user_code='admin' AND summary='RoleSummary' ) ORDER BY sort  [ RunTime:0.0003s ]
SQL: select count(*) as cnt from erp_role    where 1=1  [ RunTime:0.0002s ]
SQL: select  erp_role.status , erp_role.id , erp_role.name , '' newcolumn , erp_role.remark  from erp_role   Where 1=1   LIMIT 0, 10 [ RunTime:0.0002s ]
INFO: [ view_parse ] --START--
INFO: [ template_filter ] --START--
INFO: Run Behavior\ContentReplaceBehavior [ RunTime:0.000087s ]
INFO: [ template_filter ] --END-- [ RunTime:0.000141s ]
NOTIC: [8] Undefined offset: 1 C:\xampp\htdocs\project\exploitproject\exploit1\websource\Application\Common\Common\function.php 第 520 行.
NOTIC: [8] Undefined offset: 1 C:\xampp\htdocs\project\exploitproject\exploit1\websource\Application\Common\Common\function.php 第 520 行.
NOTIC: [2] Use of undefined constant status - assumed 'status' (this will throw an Error in a future version of PHP) C:\xampp\htdocs\project\exploitproject\exploit1\websource\Application\Runtime\Cache\Summary\848eb10da00af07bc96399646db63ae2.php 第 159 行.
NOTIC: [8] Undefined offset: 1 C:\xampp\htdocs\project\exploitproject\exploit1\websource\Application\Common\Common\function.php 第 520 行.
NOTIC: [8] Undefined offset: 1 C:\xampp\htdocs\project\exploitproject\exploit1\websource\Application\Common\Common\function.php 第 520 行.
NOTIC: [8] Undefined offset: 1 C:\xampp\htdocs\project\exploitproject\exploit1\websource\Application\Common\Common\function.php 第 520 行.
NOTIC: [8] Undefined offset: 1 C:\xampp\htdocs\project\exploitproject\exploit1\websource\Application\Common\Common\function.php 第 520 行.
NOTIC: [8] Undefined offset: 1 C:\xampp\htdocs\project\exploitproject\exploit1\websource\Application\Common\Common\function.php 第 520 行.
NOTIC: [2] Use of undefined constant status - assumed 'status' (this will throw an Error in a future version of PHP) C:\xampp\htdocs\project\exploitproject\exploit1\websource\Application\Runtime\Cache\Summary\848eb10da00af07bc96399646db63ae2.php 第 159 行.
NOTIC: [8] Undefined offset: 1 C:\xampp\htdocs\project\exploitproject\exploit1\websource\Application\Common\Common\function.php 第 520 行.
NOTIC: [8] Undefined offset: 1 C:\xampp\htdocs\project\exploitproject\exploit1\websource\Application\Common\Common\function.php 第 520 行.
NOTIC: [8] Undefined offset: 1 C:\xampp\htdocs\project\exploitproject\exploit1\websource\Application\Common\Common\function.php 第 520 行.
NOTIC: [8] Undefined offset: 1 C:\xampp\htdocs\project\exploitproject\exploit1\websource\Application\Common\Common\function.php 第 520 行.
NOTIC: [8] Undefined offset: 1 C:\xampp\htdocs\project\exploitproject\exploit1\websource\Application\Common\Common\function.php 第 520 行.
INFO: Run Behavior\ParseTemplateBehavior [ RunTime:0.013167s ]
INFO: [ view_parse ] --END-- [ RunTime:0.013221s ]
INFO: [ view_filter ] --START--
INFO: Run Behavior\WriteHtmlCacheBehavior [ RunTime:0.000647s ]
INFO: [ view_filter ] --END-- [ RunTime:0.000689s ]
INFO: [ app_end ] --START--
INFO: Run Behavior\ShowPageTraceBehavior [ RunTime:0.001141s ]
INFO: [ app_end ] --END-- [ RunTime:0.001391s ]

[ 2019-06-14T17:42:06+08:00 ] ::1 /index.php/Summary/RoleNodeSummary/index/func/search.html?funcid=X103010&__ajax=1
INFO: [ app_init ] --START--
INFO: Run Behavior\BuildLiteBehavior [ RunTime:0.000015s ]
INFO: [ app_init ] --END-- [ RunTime:0.000475s ]
INFO: [ app_begin ] --START--
INFO: Run Behavior\ReadHtmlCacheBehavior [ RunTime:0.000787s ]
INFO: [ app_begin ] --END-- [ RunTime:0.000851s ]
SQL: SHOW COLUMNS FROM `erp_user` [ RunTime:0.0039s ]
SQL: SELECT * FROM `erp_user` WHERE ( id = 1 ) LIMIT 1   [ RunTime:0.0003s ]
NOTIC: [8] Undefined index: customer_id C:\xampp\htdocs\project\exploitproject\exploit1\websource\Application\Home\Controller\BasicController.class.php 第 83 行.
NOTIC: [8] Undefined index: customer_id C:\xampp\htdocs\project\exploitproject\exploit1\websource\Application\Home\Controller\BasicController.class.php 第 91 行.
SQL: SHOW COLUMNS FROM `erp_system_parameter` [ RunTime:0.0036s ]
SQL: SELECT `value` FROM `erp_system_parameter` WHERE ( code = 'notice_open' AND status = 1 ) LIMIT 1   [ RunTime:0.0003s ]
SQL: SELECT `value` FROM `erp_system_parameter` WHERE ( code = 'notice_title' AND status = 1 ) LIMIT 1   [ RunTime:0.0002s ]
SQL: SHOW COLUMNS FROM `erp_node` [ RunTime:0.0210s ]
SQL: SELECT name as `key` FROM `erp_node` WHERE ( level = 3 AND module = '/Summary/RoleNodeSummary' )  [ RunTime:0.0004s ]
SQL: SELECT name as `key` FROM `erp_node` WHERE ( level = 3 AND module = '/Summary/RoleNodeSummary' )  [ RunTime:0.0004s ]
SQL: SHOW COLUMNS FROM `erp_user_summary_column` [ RunTime:0.0039s ]
SQL: SELECT * FROM `erp_user_summary_column` WHERE ( user_code='admin' AND summary='RoleNodeSummary' ) ORDER BY sort  [ RunTime:0.0003s ]
NOTIC: [8] Undefined variable: condition_node C:\xampp\htdocs\project\exploitproject\exploit1\websource\Application\Summary\Controller\RoleNodeSummaryController.class.php 第 185 行.
SQL: select count(*) as cnt from erp_role_node LEFT JOIN erp_node ON erp_node.id=erp_role_node.node_id    where 1=1  [ RunTime:0.0004s ]
SQL: select  erp_role_node.role_id , erp_role_node.node_name , erp_node.title , erp_role_node.level , erp_role_node.module  from erp_role_node LEFT JOIN erp_node ON erp_node.id=erp_role_node.node_id   Where 1=1   LIMIT 0, 10 [ RunTime:0.0004s ]
INFO: [ view_parse ] --START--
INFO: [ template_filter ] --START--
INFO: Run Behavior\ContentReplaceBehavior [ RunTime:0.000081s ]
INFO: [ template_filter ] --END-- [ RunTime:0.000134s ]
NOTIC: [8] Undefined index: level C:\xampp\htdocs\project\exploitproject\exploit1\websource\Application\Runtime\Cache\Summary\5d2f05d7a03ef1b49f73b8c69429fdf7.php 第 45 行.
NOTIC: [8] Undefined index: level C:\xampp\htdocs\project\exploitproject\exploit1\websource\Application\Runtime\Cache\Summary\5d2f05d7a03ef1b49f73b8c69429fdf7.php 第 45 行.
NOTIC: [8] Undefined offset: 1 C:\xampp\htdocs\project\exploitproject\exploit1\websource\Application\Common\Common\function.php 第 520 行.
NOTIC: [8] Undefined index:  C:\xampp\htdocs\project\exploitproject\exploit1\websource\Application\Runtime\Cache\Summary\5d2f05d7a03ef1b49f73b8c69429fdf7.php 第 160 行.
NOTIC: [8] Undefined index:  C:\xampp\htdocs\project\exploitproject\exploit1\websource\Application\Runtime\Cache\Summary\5d2f05d7a03ef1b49f73b8c69429fdf7.php 第 160 行.
NOTIC: [8] Undefined index:  C:\xampp\htdocs\project\exploitproject\exploit1\websource\Application\Runtime\Cache\Summary\5d2f05d7a03ef1b49f73b8c69429fdf7.php 第 160 行.
NOTIC: [8] Undefined index:  C:\xampp\htdocs\project\exploitproject\exploit1\websource\Application\Runtime\Cache\Summary\5d2f05d7a03ef1b49f73b8c69429fdf7.php 第 160 行.
NOTIC: [8] Undefined index:  C:\xampp\htdocs\project\exploitproject\exploit1\websource\Application\Runtime\Cache\Summary\5d2f05d7a03ef1b49f73b8c69429fdf7.php 第 160 行.
NOTIC: [8] Undefined index:  C:\xampp\htdocs\project\exploitproject\exploit1\websource\Application\Runtime\Cache\Summary\5d2f05d7a03ef1b49f73b8c69429fdf7.php 第 160 行.
NOTIC: [8] Undefined index:  C:\xampp\htdocs\project\exploitproject\exploit1\websource\Application\Runtime\Cache\Summary\5d2f05d7a03ef1b49f73b8c69429fdf7.php 第 160 行.
NOTIC: [8] Undefined index:  C:\xampp\htdocs\project\exploitproject\exploit1\websource\Application\Runtime\Cache\Summary\5d2f05d7a03ef1b49f73b8c69429fdf7.php 第 160 行.
NOTIC: [8] Undefined index:  C:\xampp\htdocs\project\exploitproject\exploit1\websource\Application\Runtime\Cache\Summary\5d2f05d7a03ef1b49f73b8c69429fdf7.php 第 160 行.
NOTIC: [8] Undefined index:  C:\xampp\htdocs\project\exploitproject\exploit1\websource\Application\Runtime\Cache\Summary\5d2f05d7a03ef1b49f73b8c69429fdf7.php 第 160 行.
INFO: Run Behavior\ParseTemplateBehavior [ RunTime:0.012637s ]
INFO: [ view_parse ] --END-- [ RunTime:0.012695s ]
INFO: [ view_filter ] --START--
INFO: Run Behavior\WriteHtmlCacheBehavior [ RunTime:0.000534s ]
INFO: [ view_filter ] --END-- [ RunTime:0.000581s ]
INFO: [ app_end ] --START--
INFO: Run Behavior\ShowPageTraceBehavior [ RunTime:0.000842s ]
INFO: [ app_end ] --END-- [ RunTime:0.000925s ]

[ 2019-06-14T17:42:07+08:00 ] ::1 /index.php/Summary/RoleUserSummary/index/func/search.html?funcid=X103015&__ajax=1
INFO: [ app_init ] --START--
INFO: Run Behavior\BuildLiteBehavior [ RunTime:0.000015s ]
INFO: [ app_init ] --END-- [ RunTime:0.000474s ]
INFO: [ app_begin ] --START--
INFO: Run Behavior\ReadHtmlCacheBehavior [ RunTime:0.000701s ]
INFO: [ app_begin ] --END-- [ RunTime:0.000746s ]
SQL: SHOW COLUMNS FROM `erp_user` [ RunTime:0.0035s ]
SQL: SELECT * FROM `erp_user` WHERE ( id = 1 ) LIMIT 1   [ RunTime:0.0003s ]
NOTIC: [8] Undefined index: customer_id C:\xampp\htdocs\project\exploitproject\exploit1\websource\Application\Home\Controller\BasicController.class.php 第 83 行.
NOTIC: [8] Undefined index: customer_id C:\xampp\htdocs\project\exploitproject\exploit1\websource\Application\Home\Controller\BasicController.class.php 第 91 行.
SQL: SHOW COLUMNS FROM `erp_system_parameter` [ RunTime:0.0038s ]
SQL: SELECT `value` FROM `erp_system_parameter` WHERE ( code = 'notice_open' AND status = 1 ) LIMIT 1   [ RunTime:0.0003s ]
SQL: SELECT `value` FROM `erp_system_parameter` WHERE ( code = 'notice_title' AND status = 1 ) LIMIT 1   [ RunTime:0.0003s ]
SQL: SHOW COLUMNS FROM `erp_node` [ RunTime:0.0049s ]
SQL: SELECT name as `key` FROM `erp_node` WHERE ( level = 3 AND module = '/Summary/RoleUserSummary' )  [ RunTime:0.0003s ]
SQL: SELECT name as `key` FROM `erp_node` WHERE ( level = 3 AND module = '/Summary/RoleUserSummary' )  [ RunTime:0.0002s ]
SQL: SHOW COLUMNS FROM `erp_user_summary_column` [ RunTime:0.0036s ]
SQL: SELECT * FROM `erp_user_summary_column` WHERE ( user_code='admin' AND summary='RoleUserSummary' ) ORDER BY sort  [ RunTime:0.0003s ]
SQL: select count(*) as cnt from erp_role_user    where 1=1  [ RunTime:0.0002s ]
SQL: select  erp_role_user.role_id , erp_role_user.user_id  from erp_role_user   Where 1=1   LIMIT 0, 10 [ RunTime:0.0002s ]
INFO: [ view_parse ] --START--
INFO: [ template_filter ] --START--
INFO: Run Behavior\ContentReplaceBehavior [ RunTime:0.000116s ]
INFO: [ template_filter ] --END-- [ RunTime:0.000166s ]
NOTIC: [8] Undefined index: level C:\xampp\htdocs\project\exploitproject\exploit1\websource\Application\Runtime\Cache\Summary\a0d9dfb823e3045af8d115c774276545.php 第 45 行.
NOTIC: [8] Undefined index: level C:\xampp\htdocs\project\exploitproject\exploit1\websource\Application\Runtime\Cache\Summary\a0d9dfb823e3045af8d115c774276545.php 第 45 行.
NOTIC: [8] Undefined index: level C:\xampp\htdocs\project\exploitproject\exploit1\websource\Application\Runtime\Cache\Summary\a0d9dfb823e3045af8d115c774276545.php 第 64 行.
NOTIC: [8] Undefined index: level C:\xampp\htdocs\project\exploitproject\exploit1\websource\Application\Runtime\Cache\Summary\a0d9dfb823e3045af8d115c774276545.php 第 64 行.
NOTIC: [8] Undefined index: level C:\xampp\htdocs\project\exploitproject\exploit1\websource\Application\Runtime\Cache\Summary\a0d9dfb823e3045af8d115c774276545.php 第 64 行.
NOTIC: [8] Undefined index: level C:\xampp\htdocs\project\exploitproject\exploit1\websource\Application\Runtime\Cache\Summary\a0d9dfb823e3045af8d115c774276545.php 第 64 行.
NOTIC: [8] Undefined offset: 1 C:\xampp\htdocs\project\exploitproject\exploit1\websource\Application\Common\Common\function.php 第 520 行.
NOTIC: [8] Undefined index:  C:\xampp\htdocs\project\exploitproject\exploit1\websource\Application\Runtime\Cache\Summary\a0d9dfb823e3045af8d115c774276545.php 第 129 行.
NOTIC: [8] Undefined index:  C:\xampp\htdocs\project\exploitproject\exploit1\websource\Application\Runtime\Cache\Summary\a0d9dfb823e3045af8d115c774276545.php 第 129 行.
NOTIC: [8] Undefined index:  C:\xampp\htdocs\project\exploitproject\exploit1\websource\Application\Runtime\Cache\Summary\a0d9dfb823e3045af8d115c774276545.php 第 129 行.
NOTIC: [8] Undefined index:  C:\xampp\htdocs\project\exploitproject\exploit1\websource\Application\Runtime\Cache\Summary\a0d9dfb823e3045af8d115c774276545.php 第 129 行.
NOTIC: [8] Undefined index:  C:\xampp\htdocs\project\exploitproject\exploit1\websource\Application\Runtime\Cache\Summary\a0d9dfb823e3045af8d115c774276545.php 第 129 行.
INFO: Run Behavior\ParseTemplateBehavior [ RunTime:0.013715s ]
INFO: [ view_parse ] --END-- [ RunTime:0.013768s ]
INFO: [ view_filter ] --START--
INFO: Run Behavior\WriteHtmlCacheBehavior [ RunTime:0.000548s ]
INFO: [ view_filter ] --END-- [ RunTime:0.000596s ]
INFO: [ app_end ] --START--
INFO: Run Behavior\ShowPageTraceBehavior [ RunTime:0.001040s ]
INFO: [ app_end ] --END-- [ RunTime:0.001109s ]

[ 2019-06-14T17:42:08+08:00 ] ::1 /index.php/Summary/RoleNodeSummary/index/func/search.html?funcid=X103010&__ajax=1
INFO: [ app_init ] --START--
INFO: Run Behavior\BuildLiteBehavior [ RunTime:0.000015s ]
INFO: [ app_init ] --END-- [ RunTime:0.000572s ]
INFO: [ app_begin ] --START--
INFO: Run Behavior\ReadHtmlCacheBehavior [ RunTime:0.001032s ]
INFO: [ app_begin ] --END-- [ RunTime:0.001101s ]
SQL: SHOW COLUMNS FROM `erp_user` [ RunTime:0.0062s ]
SQL: SELECT * FROM `erp_user` WHERE ( id = 1 ) LIMIT 1   [ RunTime:0.0007s ]
NOTIC: [8] Undefined index: customer_id C:\xampp\htdocs\project\exploitproject\exploit1\websource\Application\Home\Controller\BasicController.class.php 第 83 行.
NOTIC: [8] Undefined index: customer_id C:\xampp\htdocs\project\exploitproject\exploit1\websource\Application\Home\Controller\BasicController.class.php 第 91 行.
SQL: SHOW COLUMNS FROM `erp_system_parameter` [ RunTime:0.0049s ]
SQL: SELECT `value` FROM `erp_system_parameter` WHERE ( code = 'notice_open' AND status = 1 ) LIMIT 1   [ RunTime:0.0003s ]
SQL: SELECT `value` FROM `erp_system_parameter` WHERE ( code = 'notice_title' AND status = 1 ) LIMIT 1   [ RunTime:0.0002s ]
SQL: SHOW COLUMNS FROM `erp_node` [ RunTime:0.0039s ]
SQL: SELECT name as `key` FROM `erp_node` WHERE ( level = 3 AND module = '/Summary/RoleNodeSummary' )  [ RunTime:0.0005s ]
SQL: SELECT name as `key` FROM `erp_node` WHERE ( level = 3 AND module = '/Summary/RoleNodeSummary' )  [ RunTime:0.0003s ]
SQL: SHOW COLUMNS FROM `erp_user_summary_column` [ RunTime:0.0041s ]
SQL: SELECT * FROM `erp_user_summary_column` WHERE ( user_code='admin' AND summary='RoleNodeSummary' ) ORDER BY sort  [ RunTime:0.0004s ]
NOTIC: [8] Undefined variable: condition_node C:\xampp\htdocs\project\exploitproject\exploit1\websource\Application\Summary\Controller\RoleNodeSummaryController.class.php 第 185 行.
SQL: select count(*) as cnt from erp_role_node LEFT JOIN erp_node ON erp_node.id=erp_role_node.node_id    where 1=1  [ RunTime:0.0005s ]
SQL: select  erp_role_node.role_id , erp_role_node.node_name , erp_node.title , erp_role_node.level , erp_role_node.module  from erp_role_node LEFT JOIN erp_node ON erp_node.id=erp_role_node.node_id   Where 1=1   LIMIT 0, 10 [ RunTime:0.0006s ]
INFO: [ view_parse ] --START--
INFO: [ template_filter ] --START--
INFO: Run Behavior\ContentReplaceBehavior [ RunTime:0.000079s ]
INFO: [ template_filter ] --END-- [ RunTime:0.000128s ]
NOTIC: [8] Undefined index: level C:\xampp\htdocs\project\exploitproject\exploit1\websource\Application\Runtime\Cache\Summary\5d2f05d7a03ef1b49f73b8c69429fdf7.php 第 45 行.
NOTIC: [8] Undefined index: level C:\xampp\htdocs\project\exploitproject\exploit1\websource\Application\Runtime\Cache\Summary\5d2f05d7a03ef1b49f73b8c69429fdf7.php 第 45 行.
NOTIC: [8] Undefined offset: 1 C:\xampp\htdocs\project\exploitproject\exploit1\websource\Application\Common\Common\function.php 第 520 行.
NOTIC: [8] Undefined index:  C:\xampp\htdocs\project\exploitproject\exploit1\websource\Application\Runtime\Cache\Summary\5d2f05d7a03ef1b49f73b8c69429fdf7.php 第 160 行.
NOTIC: [8] Undefined index:  C:\xampp\htdocs\project\exploitproject\exploit1\websource\Application\Runtime\Cache\Summary\5d2f05d7a03ef1b49f73b8c69429fdf7.php 第 160 行.
NOTIC: [8] Undefined index:  C:\xampp\htdocs\project\exploitproject\exploit1\websource\Application\Runtime\Cache\Summary\5d2f05d7a03ef1b49f73b8c69429fdf7.php 第 160 行.
NOTIC: [8] Undefined index:  C:\xampp\htdocs\project\exploitproject\exploit1\websource\Application\Runtime\Cache\Summary\5d2f05d7a03ef1b49f73b8c69429fdf7.php 第 160 行.
NOTIC: [8] Undefined index:  C:\xampp\htdocs\project\exploitproject\exploit1\websource\Application\Runtime\Cache\Summary\5d2f05d7a03ef1b49f73b8c69429fdf7.php 第 160 行.
NOTIC: [8] Undefined index:  C:\xampp\htdocs\project\exploitproject\exploit1\websource\Application\Runtime\Cache\Summary\5d2f05d7a03ef1b49f73b8c69429fdf7.php 第 160 行.
NOTIC: [8] Undefined index:  C:\xampp\htdocs\project\exploitproject\exploit1\websource\Application\Runtime\Cache\Summary\5d2f05d7a03ef1b49f73b8c69429fdf7.php 第 160 行.
NOTIC: [8] Undefined index:  C:\xampp\htdocs\project\exploitproject\exploit1\websource\Application\Runtime\Cache\Summary\5d2f05d7a03ef1b49f73b8c69429fdf7.php 第 160 行.
NOTIC: [8] Undefined index:  C:\xampp\htdocs\project\exploitproject\exploit1\websource\Application\Runtime\Cache\Summary\5d2f05d7a03ef1b49f73b8c69429fdf7.php 第 160 行.
NOTIC: [8] Undefined index:  C:\xampp\htdocs\project\exploitproject\exploit1\websource\Application\Runtime\Cache\Summary\5d2f05d7a03ef1b49f73b8c69429fdf7.php 第 160 行.
INFO: Run Behavior\ParseTemplateBehavior [ RunTime:0.010640s ]
INFO: [ view_parse ] --END-- [ RunTime:0.010697s ]
INFO: [ view_filter ] --START--
INFO: Run Behavior\WriteHtmlCacheBehavior [ RunTime:0.000702s ]
INFO: [ view_filter ] --END-- [ RunTime:0.000756s ]
INFO: [ app_end ] --START--
INFO: Run Behavior\ShowPageTraceBehavior [ RunTime:0.001249s ]
INFO: [ app_end ] --END-- [ RunTime:0.001306s ]

[ 2019-06-14T17:42:09+08:00 ] ::1 /index.php/Summary/RoleSummary/index/func/search.html?funcid=X103005&__ajax=1
INFO: [ app_init ] --START--
INFO: Run Behavior\BuildLiteBehavior [ RunTime:0.000021s ]
INFO: [ app_init ] --END-- [ RunTime:0.000478s ]
INFO: [ app_begin ] --START--
INFO: Run Behavior\ReadHtmlCacheBehavior [ RunTime:0.000763s ]
INFO: [ app_begin ] --END-- [ RunTime:0.000816s ]
SQL: SHOW COLUMNS FROM `erp_user` [ RunTime:0.0063s ]
SQL: SELECT * FROM `erp_user` WHERE ( id = 1 ) LIMIT 1   [ RunTime:0.0009s ]
NOTIC: [8] Undefined index: customer_id C:\xampp\htdocs\project\exploitproject\exploit1\websource\Application\Home\Controller\BasicController.class.php 第 83 行.
NOTIC: [8] Undefined index: customer_id C:\xampp\htdocs\project\exploitproject\exploit1\websource\Application\Home\Controller\BasicController.class.php 第 91 行.
SQL: SHOW COLUMNS FROM `erp_system_parameter` [ RunTime:0.0047s ]
SQL: SELECT `value` FROM `erp_system_parameter` WHERE ( code = 'notice_open' AND status = 1 ) LIMIT 1   [ RunTime:0.0003s ]
SQL: SELECT `value` FROM `erp_system_parameter` WHERE ( code = 'notice_title' AND status = 1 ) LIMIT 1   [ RunTime:0.0002s ]
SQL: SHOW COLUMNS FROM `erp_node` [ RunTime:0.0038s ]
SQL: SELECT name as `key` FROM `erp_node` WHERE ( level = 3 AND module = '/Summary/RoleSummary' )  [ RunTime:0.0005s ]
SQL: SELECT name as `key` FROM `erp_node` WHERE ( level = 3 AND module = '/Summary/RoleSummary' )  [ RunTime:0.0003s ]
SQL: SHOW COLUMNS FROM `erp_user_summary_column` [ RunTime:0.0042s ]
SQL: SELECT * FROM `erp_user_summary_column` WHERE ( user_code='admin' AND summary='RoleSummary' ) ORDER BY sort  [ RunTime:0.0003s ]
SQL: select count(*) as cnt from erp_role    where 1=1  [ RunTime:0.0003s ]
SQL: select  erp_role.status , erp_role.id , erp_role.name , '' newcolumn , erp_role.remark  from erp_role   Where 1=1   LIMIT 0, 10 [ RunTime:0.0003s ]
INFO: [ view_parse ] --START--
INFO: [ template_filter ] --START--
INFO: Run Behavior\ContentReplaceBehavior [ RunTime:0.000082s ]
INFO: [ template_filter ] --END-- [ RunTime:0.000128s ]
NOTIC: [8] Undefined offset: 1 C:\xampp\htdocs\project\exploitproject\exploit1\websource\Application\Common\Common\function.php 第 520 行.
NOTIC: [8] Undefined offset: 1 C:\xampp\htdocs\project\exploitproject\exploit1\websource\Application\Common\Common\function.php 第 520 行.
NOTIC: [2] Use of undefined constant status - assumed 'status' (this will throw an Error in a future version of PHP) C:\xampp\htdocs\project\exploitproject\exploit1\websource\Application\Runtime\Cache\Summary\848eb10da00af07bc96399646db63ae2.php 第 159 行.
NOTIC: [8] Undefined offset: 1 C:\xampp\htdocs\project\exploitproject\exploit1\websource\Application\Common\Common\function.php 第 520 行.
NOTIC: [8] Undefined offset: 1 C:\xampp\htdocs\project\exploitproject\exploit1\websource\Application\Common\Common\function.php 第 520 行.
NOTIC: [8] Undefined offset: 1 C:\xampp\htdocs\project\exploitproject\exploit1\websource\Application\Common\Common\function.php 第 520 行.
NOTIC: [8] Undefined offset: 1 C:\xampp\htdocs\project\exploitproject\exploit1\websource\Application\Common\Common\function.php 第 520 行.
NOTIC: [8] Undefined offset: 1 C:\xampp\htdocs\project\exploitproject\exploit1\websource\Application\Common\Common\function.php 第 520 行.
NOTIC: [2] Use of undefined constant status - assumed 'status' (this will throw an Error in a future version of PHP) C:\xampp\htdocs\project\exploitproject\exploit1\websource\Application\Runtime\Cache\Summary\848eb10da00af07bc96399646db63ae2.php 第 159 行.
NOTIC: [8] Undefined offset: 1 C:\xampp\htdocs\project\exploitproject\exploit1\websource\Application\Common\Common\function.php 第 520 行.
NOTIC: [8] Undefined offset: 1 C:\xampp\htdocs\project\exploitproject\exploit1\websource\Application\Common\Common\function.php 第 520 行.
NOTIC: [8] Undefined offset: 1 C:\xampp\htdocs\project\exploitproject\exploit1\websource\Application\Common\Common\function.php 第 520 行.
NOTIC: [8] Undefined offset: 1 C:\xampp\htdocs\project\exploitproject\exploit1\websource\Application\Common\Common\function.php 第 520 行.
NOTIC: [8] Undefined offset: 1 C:\xampp\htdocs\project\exploitproject\exploit1\websource\Application\Common\Common\function.php 第 520 行.
INFO: Run Behavior\ParseTemplateBehavior [ RunTime:0.010822s ]
INFO: [ view_parse ] --END-- [ RunTime:0.010879s ]
INFO: [ view_filter ] --START--
INFO: Run Behavior\WriteHtmlCacheBehavior [ RunTime:0.000694s ]
INFO: [ view_filter ] --END-- [ RunTime:0.000771s ]
INFO: [ app_end ] --START--
INFO: Run Behavior\ShowPageTraceBehavior [ RunTime:0.001150s ]
INFO: [ app_end ] --END-- [ RunTime:0.001231s ]

[ 2019-06-14T17:42:20+08:00 ] ::1 /index.php/Summary/RoleSummary/index/func/search.html?funcid=X103005&__ajax=1
INFO: [ app_init ] --START--
INFO: Run Behavior\BuildLiteBehavior [ RunTime:0.000016s ]
INFO: [ app_init ] --END-- [ RunTime:0.000635s ]
INFO: [ app_begin ] --START--
INFO: Run Behavior\ReadHtmlCacheBehavior [ RunTime:0.000730s ]
INFO: [ app_begin ] --END-- [ RunTime:0.000776s ]
SQL: SHOW COLUMNS FROM `erp_user` [ RunTime:0.0063s ]
SQL: SELECT * FROM `erp_user` WHERE ( id = 1 ) LIMIT 1   [ RunTime:0.0003s ]
NOTIC: [8] Undefined index: customer_id C:\xampp\htdocs\project\exploitproject\exploit1\websource\Application\Home\Controller\BasicController.class.php 第 83 行.
NOTIC: [8] Undefined index: customer_id C:\xampp\htdocs\project\exploitproject\exploit1\websource\Application\Home\Controller\BasicController.class.php 第 91 行.
SQL: SHOW COLUMNS FROM `erp_system_parameter` [ RunTime:0.0036s ]
SQL: SELECT `value` FROM `erp_system_parameter` WHERE ( code = 'notice_open' AND status = 1 ) LIMIT 1   [ RunTime:0.0005s ]
SQL: SELECT `value` FROM `erp_system_parameter` WHERE ( code = 'notice_title' AND status = 1 ) LIMIT 1   [ RunTime:0.0002s ]
SQL: SHOW COLUMNS FROM `erp_node` [ RunTime:0.0044s ]
SQL: SELECT name as `key` FROM `erp_node` WHERE ( level = 3 AND module = '/Summary/RoleSummary' )  [ RunTime:0.0003s ]
SQL: SELECT name as `key` FROM `erp_node` WHERE ( level = 3 AND module = '/Summary/RoleSummary' )  [ RunTime:0.0002s ]
SQL: SHOW COLUMNS FROM `erp_user_summary_column` [ RunTime:0.0037s ]
SQL: SELECT * FROM `erp_user_summary_column` WHERE ( user_code='admin' AND summary='RoleSummary' ) ORDER BY sort  [ RunTime:0.0004s ]
SQL: select count(*) as cnt from erp_role    where 1=1  [ RunTime:0.0002s ]
SQL: select  erp_role.status , erp_role.id , erp_role.name , '' newcolumn , erp_role.remark  from erp_role   Where 1=1   LIMIT 0, 10 [ RunTime:0.0002s ]
INFO: [ view_parse ] --START--
INFO: [ template_filter ] --START--
INFO: Run Behavior\ContentReplaceBehavior [ RunTime:0.000081s ]
INFO: [ template_filter ] --END-- [ RunTime:0.000125s ]
NOTIC: [8] Undefined offset: 1 C:\xampp\htdocs\project\exploitproject\exploit1\websource\Application\Common\Common\function.php 第 520 行.
NOTIC: [8] Undefined offset: 1 C:\xampp\htdocs\project\exploitproject\exploit1\websource\Application\Common\Common\function.php 第 520 行.
NOTIC: [2] Use of undefined constant status - assumed 'status' (this will throw an Error in a future version of PHP) C:\xampp\htdocs\project\exploitproject\exploit1\websource\Application\Runtime\Cache\Summary\848eb10da00af07bc96399646db63ae2.php 第 159 行.
NOTIC: [8] Undefined offset: 1 C:\xampp\htdocs\project\exploitproject\exploit1\websource\Application\Common\Common\function.php 第 520 行.
NOTIC: [8] Undefined offset: 1 C:\xampp\htdocs\project\exploitproject\exploit1\websource\Application\Common\Common\function.php 第 520 行.
NOTIC: [8] Undefined offset: 1 C:\xampp\htdocs\project\exploitproject\exploit1\websource\Application\Common\Common\function.php 第 520 行.
NOTIC: [8] Undefined offset: 1 C:\xampp\htdocs\project\exploitproject\exploit1\websource\Application\Common\Common\function.php 第 520 行.
NOTIC: [8] Undefined offset: 1 C:\xampp\htdocs\project\exploitproject\exploit1\websource\Application\Common\Common\function.php 第 520 行.
NOTIC: [2] Use of undefined constant status - assumed 'status' (this will throw an Error in a future version of PHP) C:\xampp\htdocs\project\exploitproject\exploit1\websource\Application\Runtime\Cache\Summary\848eb10da00af07bc96399646db63ae2.php 第 159 行.
NOTIC: [8] Undefined offset: 1 C:\xampp\htdocs\project\exploitproject\exploit1\websource\Application\Common\Common\function.php 第 520 行.
NOTIC: [8] Undefined offset: 1 C:\xampp\htdocs\project\exploitproject\exploit1\websource\Application\Common\Common\function.php 第 520 行.
NOTIC: [8] Undefined offset: 1 C:\xampp\htdocs\project\exploitproject\exploit1\websource\Application\Common\Common\function.php 第 520 行.
NOTIC: [8] Undefined offset: 1 C:\xampp\htdocs\project\exploitproject\exploit1\websource\Application\Common\Common\function.php 第 520 行.
NOTIC: [8] Undefined offset: 1 C:\xampp\htdocs\project\exploitproject\exploit1\websource\Application\Common\Common\function.php 第 520 行.
INFO: Run Behavior\ParseTemplateBehavior [ RunTime:0.011848s ]
INFO: [ view_parse ] --END-- [ RunTime:0.011903s ]
INFO: [ view_filter ] --START--
INFO: Run Behavior\WriteHtmlCacheBehavior [ RunTime:0.000726s ]
INFO: [ view_filter ] --END-- [ RunTime:0.000776s ]
INFO: [ app_end ] --START--
INFO: Run Behavior\ShowPageTraceBehavior [ RunTime:0.001072s ]
INFO: [ app_end ] --END-- [ RunTime:0.001125s ]

[ 2019-06-14T17:42:22+08:00 ] ::1 /index.php/Summary/RoleNodeSummary/index/func/search.html?funcid=X103010&__ajax=1
INFO: [ app_init ] --START--
INFO: Run Behavior\BuildLiteBehavior [ RunTime:0.000017s ]
INFO: [ app_init ] --END-- [ RunTime:0.000731s ]
INFO: [ app_begin ] --START--
INFO: Run Behavior\ReadHtmlCacheBehavior [ RunTime:0.000861s ]
INFO: [ app_begin ] --END-- [ RunTime:0.000913s ]
SQL: SHOW COLUMNS FROM `erp_user` [ RunTime:0.0061s ]
SQL: SELECT * FROM `erp_user` WHERE ( id = 1 ) LIMIT 1   [ RunTime:0.0003s ]
NOTIC: [8] Undefined index: customer_id C:\xampp\htdocs\project\exploitproject\exploit1\websource\Application\Home\Controller\BasicController.class.php 第 83 行.
NOTIC: [8] Undefined index: customer_id C:\xampp\htdocs\project\exploitproject\exploit1\websource\Application\Home\Controller\BasicController.class.php 第 91 行.
SQL: SHOW COLUMNS FROM `erp_system_parameter` [ RunTime:0.0039s ]
SQL: SELECT `value` FROM `erp_system_parameter` WHERE ( code = 'notice_open' AND status = 1 ) LIMIT 1   [ RunTime:0.0003s ]
SQL: SELECT `value` FROM `erp_system_parameter` WHERE ( code = 'notice_title' AND status = 1 ) LIMIT 1   [ RunTime:0.0002s ]
SQL: SHOW COLUMNS FROM `erp_node` [ RunTime:0.0037s ]
SQL: SELECT name as `key` FROM `erp_node` WHERE ( level = 3 AND module = '/Summary/RoleNodeSummary' )  [ RunTime:0.0004s ]
SQL: SELECT name as `key` FROM `erp_node` WHERE ( level = 3 AND module = '/Summary/RoleNodeSummary' )  [ RunTime:0.0004s ]
SQL: SHOW COLUMNS FROM `erp_user_summary_column` [ RunTime:0.0045s ]
SQL: SELECT * FROM `erp_user_summary_column` WHERE ( user_code='admin' AND summary='RoleNodeSummary' ) ORDER BY sort  [ RunTime:0.0003s ]
NOTIC: [8] Undefined variable: condition_node C:\xampp\htdocs\project\exploitproject\exploit1\websource\Application\Summary\Controller\RoleNodeSummaryController.class.php 第 185 行.
SQL: select count(*) as cnt from erp_role_node LEFT JOIN erp_node ON erp_node.id=erp_role_node.node_id    where 1=1  [ RunTime:0.0004s ]
SQL: select  erp_role_node.role_id , erp_role_node.node_name , erp_node.title , erp_role_node.level , erp_role_node.module  from erp_role_node LEFT JOIN erp_node ON erp_node.id=erp_role_node.node_id   Where 1=1   LIMIT 0, 10 [ RunTime:0.0004s ]
INFO: [ view_parse ] --START--
INFO: [ template_filter ] --START--
INFO: Run Behavior\ContentReplaceBehavior [ RunTime:0.000105s ]
INFO: [ template_filter ] --END-- [ RunTime:0.000189s ]
NOTIC: [8] Undefined index: level C:\xampp\htdocs\project\exploitproject\exploit1\websource\Application\Runtime\Cache\Summary\5d2f05d7a03ef1b49f73b8c69429fdf7.php 第 45 行.
NOTIC: [8] Undefined index: level C:\xampp\htdocs\project\exploitproject\exploit1\websource\Application\Runtime\Cache\Summary\5d2f05d7a03ef1b49f73b8c69429fdf7.php 第 45 行.
NOTIC: [8] Undefined offset: 1 C:\xampp\htdocs\project\exploitproject\exploit1\websource\Application\Common\Common\function.php 第 520 行.
NOTIC: [8] Undefined index:  C:\xampp\htdocs\project\exploitproject\exploit1\websource\Application\Runtime\Cache\Summary\5d2f05d7a03ef1b49f73b8c69429fdf7.php 第 160 行.
NOTIC: [8] Undefined index:  C:\xampp\htdocs\project\exploitproject\exploit1\websource\Application\Runtime\Cache\Summary\5d2f05d7a03ef1b49f73b8c69429fdf7.php 第 160 行.
NOTIC: [8] Undefined index:  C:\xampp\htdocs\project\exploitproject\exploit1\websource\Application\Runtime\Cache\Summary\5d2f05d7a03ef1b49f73b8c69429fdf7.php 第 160 行.
NOTIC: [8] Undefined index:  C:\xampp\htdocs\project\exploitproject\exploit1\websource\Application\Runtime\Cache\Summary\5d2f05d7a03ef1b49f73b8c69429fdf7.php 第 160 行.
NOTIC: [8] Undefined index:  C:\xampp\htdocs\project\exploitproject\exploit1\websource\Application\Runtime\Cache\Summary\5d2f05d7a03ef1b49f73b8c69429fdf7.php 第 160 行.
NOTIC: [8] Undefined index:  C:\xampp\htdocs\project\exploitproject\exploit1\websource\Application\Runtime\Cache\Summary\5d2f05d7a03ef1b49f73b8c69429fdf7.php 第 160 行.
NOTIC: [8] Undefined index:  C:\xampp\htdocs\project\exploitproject\exploit1\websource\Application\Runtime\Cache\Summary\5d2f05d7a03ef1b49f73b8c69429fdf7.php 第 160 行.
NOTIC: [8] Undefined index:  C:\xampp\htdocs\project\exploitproject\exploit1\websource\Application\Runtime\Cache\Summary\5d2f05d7a03ef1b49f73b8c69429fdf7.php 第 160 行.
NOTIC: [8] Undefined index:  C:\xampp\htdocs\project\exploitproject\exploit1\websource\Application\Runtime\Cache\Summary\5d2f05d7a03ef1b49f73b8c69429fdf7.php 第 160 行.
NOTIC: [8] Undefined index:  C:\xampp\htdocs\project\exploitproject\exploit1\websource\Application\Runtime\Cache\Summary\5d2f05d7a03ef1b49f73b8c69429fdf7.php 第 160 行.
INFO: Run Behavior\ParseTemplateBehavior [ RunTime:0.011960s ]
INFO: [ view_parse ] --END-- [ RunTime:0.012016s ]
INFO: [ view_filter ] --START--
INFO: Run Behavior\WriteHtmlCacheBehavior [ RunTime:0.000547s ]
INFO: [ view_filter ] --END-- [ RunTime:0.000596s ]
INFO: [ app_end ] --START--
INFO: Run Behavior\ShowPageTraceBehavior [ RunTime:0.001053s ]
INFO: [ app_end ] --END-- [ RunTime:0.001118s ]

[ 2019-06-14T17:42:22+08:00 ] ::1 /index.php/Summary/RoleUserSummary/index/func/search.html?funcid=X103015&__ajax=1
INFO: [ app_init ] --START--
INFO: Run Behavior\BuildLiteBehavior [ RunTime:0.000013s ]
INFO: [ app_init ] --END-- [ RunTime:0.000439s ]
INFO: [ app_begin ] --START--
INFO: Run Behavior\ReadHtmlCacheBehavior [ RunTime:0.000690s ]
INFO: [ app_begin ] --END-- [ RunTime:0.000734s ]
SQL: SHOW COLUMNS FROM `erp_user` [ RunTime:0.0064s ]
SQL: SELECT * FROM `erp_user` WHERE ( id = 1 ) LIMIT 1   [ RunTime:0.0003s ]
NOTIC: [8] Undefined index: customer_id C:\xampp\htdocs\project\exploitproject\exploit1\websource\Application\Home\Controller\BasicController.class.php 第 83 行.
NOTIC: [8] Undefined index: customer_id C:\xampp\htdocs\project\exploitproject\exploit1\websource\Application\Home\Controller\BasicController.class.php 第 91 行.
SQL: SHOW COLUMNS FROM `erp_system_parameter` [ RunTime:0.0038s ]
SQL: SELECT `value` FROM `erp_system_parameter` WHERE ( code = 'notice_open' AND status = 1 ) LIMIT 1   [ RunTime:0.0003s ]
SQL: SELECT `value` FROM `erp_system_parameter` WHERE ( code = 'notice_title' AND status = 1 ) LIMIT 1   [ RunTime:0.0002s ]
SQL: SHOW COLUMNS FROM `erp_node` [ RunTime:0.0048s ]
SQL: SELECT name as `key` FROM `erp_node` WHERE ( level = 3 AND module = '/Summary/RoleUserSummary' )  [ RunTime:0.0003s ]
SQL: SELECT name as `key` FROM `erp_node` WHERE ( level = 3 AND module = '/Summary/RoleUserSummary' )  [ RunTime:0.0002s ]
SQL: SHOW COLUMNS FROM `erp_user_summary_column` [ RunTime:0.0038s ]
SQL: SELECT * FROM `erp_user_summary_column` WHERE ( user_code='admin' AND summary='RoleUserSummary' ) ORDER BY sort  [ RunTime:0.0005s ]
SQL: select count(*) as cnt from erp_role_user    where 1=1  [ RunTime:0.0003s ]
SQL: select  erp_role_user.role_id , erp_role_user.user_id  from erp_role_user   Where 1=1   LIMIT 0, 10 [ RunTime:0.0003s ]
INFO: [ view_parse ] --START--
INFO: [ template_filter ] --START--
INFO: Run Behavior\ContentReplaceBehavior [ RunTime:0.000075s ]
INFO: [ template_filter ] --END-- [ RunTime:0.000126s ]
NOTIC: [8] Undefined index: level C:\xampp\htdocs\project\exploitproject\exploit1\websource\Application\Runtime\Cache\Summary\a0d9dfb823e3045af8d115c774276545.php 第 45 行.
NOTIC: [8] Undefined index: level C:\xampp\htdocs\project\exploitproject\exploit1\websource\Application\Runtime\Cache\Summary\a0d9dfb823e3045af8d115c774276545.php 第 45 行.
NOTIC: [8] Undefined index: level C:\xampp\htdocs\project\exploitproject\exploit1\websource\Application\Runtime\Cache\Summary\a0d9dfb823e3045af8d115c774276545.php 第 64 行.
NOTIC: [8] Undefined index: level C:\xampp\htdocs\project\exploitproject\exploit1\websource\Application\Runtime\Cache\Summary\a0d9dfb823e3045af8d115c774276545.php 第 64 行.
NOTIC: [8] Undefined index: level C:\xampp\htdocs\project\exploitproject\exploit1\websource\Application\Runtime\Cache\Summary\a0d9dfb823e3045af8d115c774276545.php 第 64 行.
NOTIC: [8] Undefined index: level C:\xampp\htdocs\project\exploitproject\exploit1\websource\Application\Runtime\Cache\Summary\a0d9dfb823e3045af8d115c774276545.php 第 64 行.
NOTIC: [8] Undefined offset: 1 C:\xampp\htdocs\project\exploitproject\exploit1\websource\Application\Common\Common\function.php 第 520 行.
NOTIC: [8] Undefined index:  C:\xampp\htdocs\project\exploitproject\exploit1\websource\Application\Runtime\Cache\Summary\a0d9dfb823e3045af8d115c774276545.php 第 129 行.
NOTIC: [8] Undefined index:  C:\xampp\htdocs\project\exploitproject\exploit1\websource\Application\Runtime\Cache\Summary\a0d9dfb823e3045af8d115c774276545.php 第 129 行.
NOTIC: [8] Undefined index:  C:\xampp\htdocs\project\exploitproject\exploit1\websource\Application\Runtime\Cache\Summary\a0d9dfb823e3045af8d115c774276545.php 第 129 行.
NOTIC: [8] Undefined index:  C:\xampp\htdocs\project\exploitproject\exploit1\websource\Application\Runtime\Cache\Summary\a0d9dfb823e3045af8d115c774276545.php 第 129 行.
NOTIC: [8] Undefined index:  C:\xampp\htdocs\project\exploitproject\exploit1\websource\Application\Runtime\Cache\Summary\a0d9dfb823e3045af8d115c774276545.php 第 129 行.
INFO: Run Behavior\ParseTemplateBehavior [ RunTime:0.013279s ]
INFO: [ view_parse ] --END-- [ RunTime:0.013351s ]
INFO: [ view_filter ] --START--
INFO: Run Behavior\WriteHtmlCacheBehavior [ RunTime:0.000539s ]
INFO: [ view_filter ] --END-- [ RunTime:0.000587s ]
INFO: [ app_end ] --START--
INFO: Run Behavior\ShowPageTraceBehavior [ RunTime:0.000987s ]
INFO: [ app_end ] --END-- [ RunTime:0.001048s ]

