[ 2019-04-13T18:58:11+08:00 ] ::1 /index.php/Summary/QuestionSummary/index/func/search.html?funcid=X100205&__ajax=1
INFO: [ app_init ] --START--
INFO: Run Behavior\BuildLiteBehavior [ RunTime:0.000006s ]
INFO: [ app_init ] --END-- [ RunTime:0.000501s ]
INFO: [ app_begin ] --START--
INFO: Run Behavior\ReadHtmlCacheBehavior [ RunTime:0.001006s ]
INFO: [ app_begin ] --END-- [ RunTime:0.001114s ]
SQL: SHOW COLUMNS FROM `erp_user` [ RunTime:0.0033s ]
SQL: SELECT * FROM `erp_user` WHERE ( id = 1 ) LIMIT 1   [ RunTime:0.0003s ]
NOTIC: [8] Undefined index: customer_id C:\xampp\htdocs\project\project2\websource\Application\Home\Controller\BasicController.class.php 第 83 行.
NOTIC: [8] Undefined index: customer_id C:\xampp\htdocs\project\project2\websource\Application\Home\Controller\BasicController.class.php 第 91 行.
SQL: SHOW COLUMNS FROM `erp_system_parameter` [ RunTime:0.0030s ]
SQL: SELECT `value` FROM `erp_system_parameter` WHERE ( code = 'notice_open' AND status = 1 ) LIMIT 1   [ RunTime:0.0003s ]
SQL: SELECT `value` FROM `erp_system_parameter` WHERE ( code = 'notice_title' AND status = 1 ) LIMIT 1   [ RunTime:0.0002s ]
SQL: SHOW COLUMNS FROM `erp_node` [ RunTime:0.0037s ]
SQL: SELECT name as `key` FROM `erp_node` WHERE ( level = 3 AND module = '/Summary/QuestionSummary' )  [ RunTime:0.0008s ]
SQL: SELECT name as `key` FROM `erp_node` WHERE ( level = 3 AND module = '/Summary/QuestionSummary' )  [ RunTime:0.0003s ]
SQL: SHOW COLUMNS FROM `erp_user_summary_column` [ RunTime:0.0047s ]
SQL: SELECT * FROM `erp_user_summary_column` WHERE ( user_code='admin' AND summary='QuestionSummary' ) ORDER BY sort  [ RunTime:0.0003s ]
SQL: select count(*) as cnt from erp_question    where 1=1  AND (erp_question.type!='2') [ RunTime:0.0029s ]
SQL: select  erp_question.status , erp_question.code , erp_question.category_name , erp_question.kind , erp_question.stem , erp_question.using , erp_question.type , erp_question.childs , erp_question.id  from erp_question   Where 1=1  AND (erp_question.type!='2')  order by erp_question.code LIMIT 0, 10 [ RunTime:0.0005s ]
INFO: [ view_parse ] --START--
INFO: [ template_filter ] --START--
INFO: Run Behavior\ContentReplaceBehavior [ RunTime:0.000082s ]
INFO: [ template_filter ] --END-- [ RunTime:0.000101s ]
NOTIC: [8] Undefined offset: 1 C:\xampp\htdocs\project\project2\websource\Application\Common\Common\function.php 第 520 行.
NOTIC: [8] Undefined offset: 1 C:\xampp\htdocs\project\project2\websource\Application\Common\Common\function.php 第 520 行.
SQL: SHOW COLUMNS FROM `erp_subcode` [ RunTime:0.0042s ]
SQL: SELECT `id`,`code`,`name` FROM `erp_subcode` WHERE ( status=1 and type='question:kind' ) ORDER BY sort  [ RunTime:0.0005s ]
NOTIC: [8] Undefined index: level C:\xampp\htdocs\project\project2\websource\Application\Runtime\Cache\Summary\3d522cd5bc2bd2aceef31c8b44c41bdd.php 第 102 行.
NOTIC: [8] Undefined index: level C:\xampp\htdocs\project\project2\websource\Application\Runtime\Cache\Summary\3d522cd5bc2bd2aceef31c8b44c41bdd.php 第 102 行.
NOTIC: [8] Undefined index: level C:\xampp\htdocs\project\project2\websource\Application\Runtime\Cache\Summary\3d522cd5bc2bd2aceef31c8b44c41bdd.php 第 102 行.
NOTIC: [8] Undefined index: level C:\xampp\htdocs\project\project2\websource\Application\Runtime\Cache\Summary\3d522cd5bc2bd2aceef31c8b44c41bdd.php 第 102 行.
NOTIC: [8] Undefined index: level C:\xampp\htdocs\project\project2\websource\Application\Runtime\Cache\Summary\3d522cd5bc2bd2aceef31c8b44c41bdd.php 第 102 行.
NOTIC: [8] Undefined index: level C:\xampp\htdocs\project\project2\websource\Application\Runtime\Cache\Summary\3d522cd5bc2bd2aceef31c8b44c41bdd.php 第 145 行.
NOTIC: [8] Undefined index: level C:\xampp\htdocs\project\project2\websource\Application\Runtime\Cache\Summary\3d522cd5bc2bd2aceef31c8b44c41bdd.php 第 145 行.
NOTIC: [8] Undefined index: level C:\xampp\htdocs\project\project2\websource\Application\Runtime\Cache\Summary\3d522cd5bc2bd2aceef31c8b44c41bdd.php 第 145 行.
NOTIC: [8] Undefined offset: 1 C:\xampp\htdocs\project\project2\websource\Application\Common\Common\function.php 第 520 行.
NOTIC: [2] Use of undefined constant status - assumed 'status' (this will throw an Error in a future version of PHP) C:\xampp\htdocs\project\project2\websource\Application\Runtime\Cache\Summary\3d522cd5bc2bd2aceef31c8b44c41bdd.php 第 247 行.
NOTIC: [8] Undefined offset: 1 C:\xampp\htdocs\project\project2\websource\Application\Common\Common\function.php 第 520 行.
NOTIC: [8] Undefined offset: 1 C:\xampp\htdocs\project\project2\websource\Application\Common\Common\function.php 第 520 行.
SQL: SELECT `name` FROM `erp_subcode` WHERE ( type='question:kind' and code='xz' ) LIMIT 1   [ RunTime:0.0003s ]
NOTIC: [8] Undefined offset: 1 C:\xampp\htdocs\project\project2\websource\Application\Common\Common\function.php 第 520 行.
NOTIC: [2] Use of undefined constant status - assumed 'status' (this will throw an Error in a future version of PHP) C:\xampp\htdocs\project\project2\websource\Application\Runtime\Cache\Summary\3d522cd5bc2bd2aceef31c8b44c41bdd.php 第 247 行.
NOTIC: [8] Undefined offset: 1 C:\xampp\htdocs\project\project2\websource\Application\Common\Common\function.php 第 520 行.
NOTIC: [8] Undefined offset: 1 C:\xampp\htdocs\project\project2\websource\Application\Common\Common\function.php 第 520 行.
SQL: SELECT `name` FROM `erp_subcode` WHERE ( type='question:kind' and code='xz' ) LIMIT 1   [ RunTime:0.0003s ]
NOTIC: [8] Undefined offset: 1 C:\xampp\htdocs\project\project2\websource\Application\Common\Common\function.php 第 520 行.
NOTIC: [2] Use of undefined constant status - assumed 'status' (this will throw an Error in a future version of PHP) C:\xampp\htdocs\project\project2\websource\Application\Runtime\Cache\Summary\3d522cd5bc2bd2aceef31c8b44c41bdd.php 第 247 行.
NOTIC: [8] Undefined offset: 1 C:\xampp\htdocs\project\project2\websource\Application\Common\Common\function.php 第 520 行.
NOTIC: [8] Undefined offset: 1 C:\xampp\htdocs\project\project2\websource\Application\Common\Common\function.php 第 520 行.
SQL: SELECT `name` FROM `erp_subcode` WHERE ( type='question:kind' and code='xz' ) LIMIT 1   [ RunTime:0.0003s ]
NOTIC: [8] Undefined offset: 1 C:\xampp\htdocs\project\project2\websource\Application\Common\Common\function.php 第 520 行.
NOTIC: [2] Use of undefined constant status - assumed 'status' (this will throw an Error in a future version of PHP) C:\xampp\htdocs\project\project2\websource\Application\Runtime\Cache\Summary\3d522cd5bc2bd2aceef31c8b44c41bdd.php 第 247 行.
NOTIC: [8] Undefined offset: 1 C:\xampp\htdocs\project\project2\websource\Application\Common\Common\function.php 第 520 行.
NOTIC: [8] Undefined offset: 1 C:\xampp\htdocs\project\project2\websource\Application\Common\Common\function.php 第 520 行.
SQL: SELECT `name` FROM `erp_subcode` WHERE ( type='question:kind' and code='yd' ) LIMIT 1   [ RunTime:0.0003s ]
NOTIC: [8] Undefined offset: 1 C:\xampp\htdocs\project\project2\websource\Application\Common\Common\function.php 第 520 行.
NOTIC: [2] Use of undefined constant status - assumed 'status' (this will throw an Error in a future version of PHP) C:\xampp\htdocs\project\project2\websource\Application\Runtime\Cache\Summary\3d522cd5bc2bd2aceef31c8b44c41bdd.php 第 247 行.
NOTIC: [8] Undefined offset: 1 C:\xampp\htdocs\project\project2\websource\Application\Common\Common\function.php 第 520 行.
NOTIC: [8] Undefined offset: 1 C:\xampp\htdocs\project\project2\websource\Application\Common\Common\function.php 第 520 行.
NOTIC: [8] Undefined offset: 1 C:\xampp\htdocs\project\project2\websource\Application\Common\Common\function.php 第 520 行.
SQL: SELECT `name` FROM `erp_subcode` WHERE ( type='question:kind' and code='xz' ) LIMIT 1   [ RunTime:0.0003s ]
NOTIC: [8] Undefined offset: 1 C:\xampp\htdocs\project\project2\websource\Application\Common\Common\function.php 第 520 行.
NOTIC: [2] Use of undefined constant status - assumed 'status' (this will throw an Error in a future version of PHP) C:\xampp\htdocs\project\project2\websource\Application\Runtime\Cache\Summary\3d522cd5bc2bd2aceef31c8b44c41bdd.php 第 247 行.
NOTIC: [8] Undefined offset: 1 C:\xampp\htdocs\project\project2\websource\Application\Common\Common\function.php 第 520 行.
NOTIC: [8] Undefined offset: 1 C:\xampp\htdocs\project\project2\websource\Application\Common\Common\function.php 第 520 行.
SQL: SELECT `name` FROM `erp_subcode` WHERE ( type='question:kind' and code='xz' ) LIMIT 1   [ RunTime:0.0003s ]
NOTIC: [8] Undefined offset: 1 C:\xampp\htdocs\project\project2\websource\Application\Common\Common\function.php 第 520 行.
NOTIC: [2] Use of undefined constant status - assumed 'status' (this will throw an Error in a future version of PHP) C:\xampp\htdocs\project\project2\websource\Application\Runtime\Cache\Summary\3d522cd5bc2bd2aceef31c8b44c41bdd.php 第 247 行.
NOTIC: [8] Undefined offset: 1 C:\xampp\htdocs\project\project2\websource\Application\Common\Common\function.php 第 520 行.
NOTIC: [8] Undefined offset: 1 C:\xampp\htdocs\project\project2\websource\Application\Common\Common\function.php 第 520 行.
NOTIC: [8] Undefined offset: 1 C:\xampp\htdocs\project\project2\websource\Application\Common\Common\function.php 第 520 行.
SQL: SELECT `name` FROM `erp_subcode` WHERE ( type='question:kind' and code='dx' ) LIMIT 1   [ RunTime:0.0003s ]
NOTIC: [8] Undefined offset: 1 C:\xampp\htdocs\project\project2\websource\Application\Common\Common\function.php 第 520 行.
NOTIC: [2] Use of undefined constant status - assumed 'status' (this will throw an Error in a future version of PHP) C:\xampp\htdocs\project\project2\websource\Application\Runtime\Cache\Summary\3d522cd5bc2bd2aceef31c8b44c41bdd.php 第 247 行.
NOTIC: [8] Undefined offset: 1 C:\xampp\htdocs\project\project2\websource\Application\Common\Common\function.php 第 520 行.
NOTIC: [8] Undefined offset: 1 C:\xampp\htdocs\project\project2\websource\Application\Common\Common\function.php 第 520 行.
SQL: SELECT `name` FROM `erp_subcode` WHERE ( type='question:kind' and code='dx' ) LIMIT 1   [ RunTime:0.0003s ]
NOTIC: [8] Undefined offset: 1 C:\xampp\htdocs\project\project2\websource\Application\Common\Common\function.php 第 520 行.
NOTIC: [2] Use of undefined constant status - assumed 'status' (this will throw an Error in a future version of PHP) C:\xampp\htdocs\project\project2\websource\Application\Runtime\Cache\Summary\3d522cd5bc2bd2aceef31c8b44c41bdd.php 第 247 行.
NOTIC: [8] Undefined offset: 1 C:\xampp\htdocs\project\project2\websource\Application\Common\Common\function.php 第 520 行.
NOTIC: [8] Undefined offset: 1 C:\xampp\htdocs\project\project2\websource\Application\Common\Common\function.php 第 520 行.
SQL: SELECT `name` FROM `erp_subcode` WHERE ( type='question:kind' and code='dx' ) LIMIT 1   [ RunTime:0.0003s ]
NOTIC: [8] Undefined offset: 1 C:\xampp\htdocs\project\project2\websource\Application\Common\Common\function.php 第 520 行.
NOTIC: [2] Use of undefined constant status - assumed 'status' (this will throw an Error in a future version of PHP) C:\xampp\htdocs\project\project2\websource\Application\Runtime\Cache\Summary\3d522cd5bc2bd2aceef31c8b44c41bdd.php 第 247 行.
NOTIC: [8] Undefined offset: 1 C:\xampp\htdocs\project\project2\websource\Application\Common\Common\function.php 第 520 行.
NOTIC: [8] Undefined offset: 1 C:\xampp\htdocs\project\project2\websource\Application\Common\Common\function.php 第 520 行.
SQL: SELECT `name` FROM `erp_subcode` WHERE ( type='question:kind' and code='dx' ) LIMIT 1   [ RunTime:0.0003s ]
NOTIC: [8] Undefined offset: 1 C:\xampp\htdocs\project\project2\websource\Application\Common\Common\function.php 第 520 行.
INFO: Run Behavior\ParseTemplateBehavior [ RunTime:0.023178s ]
INFO: [ view_parse ] --END-- [ RunTime:0.023198s ]
INFO: [ view_filter ] --START--
INFO: Run Behavior\WriteHtmlCacheBehavior [ RunTime:0.000697s ]
INFO: [ view_filter ] --END-- [ RunTime:0.000710s ]
INFO: [ app_end ] --START--
INFO: Run Behavior\ShowPageTraceBehavior [ RunTime:0.001162s ]
INFO: [ app_end ] --END-- [ RunTime:0.001181s ]

