[ 2019-06-13T18:27:31+08:00 ] ::1 /index.php/Summary/QuestionSummary/index/func/search.html?funcid=X100205&__ajax=1
INFO: [ app_init ] --START--
INFO: Run Behavior\BuildLiteBehavior [ RunTime:0.000014s ]
INFO: [ app_init ] --END-- [ RunTime:0.000626s ]
INFO: [ app_begin ] --START--
INFO: Run Behavior\ReadHtmlCacheBehavior [ RunTime:0.001054s ]
INFO: [ app_begin ] --END-- [ RunTime:0.001107s ]
SQL: SHOW COLUMNS FROM `erp_user` [ RunTime:0.0059s ]
SQL: SELECT * FROM `erp_user` WHERE ( id = 1 ) LIMIT 1   [ RunTime:0.0004s ]
NOTIC: [8] Undefined index: customer_id C:\xampp\htdocs\project\exploitproject\exploit1\websource\Application\Home\Controller\BasicController.class.php 第 83 行.
NOTIC: [8] Undefined index: customer_id C:\xampp\htdocs\project\exploitproject\exploit1\websource\Application\Home\Controller\BasicController.class.php 第 91 行.
SQL: SHOW COLUMNS FROM `erp_system_parameter` [ RunTime:0.0040s ]
SQL: SELECT `value` FROM `erp_system_parameter` WHERE ( code = 'notice_open' AND status = 1 ) LIMIT 1   [ RunTime:0.0003s ]
SQL: SELECT `value` FROM `erp_system_parameter` WHERE ( code = 'notice_title' AND status = 1 ) LIMIT 1   [ RunTime:0.0002s ]
SQL: SHOW COLUMNS FROM `erp_node` [ RunTime:0.0059s ]
SQL: SELECT name as `key` FROM `erp_node` WHERE ( level = 3 AND module = '/Summary/QuestionSummary' )  [ RunTime:0.0003s ]
SQL: SELECT name as `key` FROM `erp_node` WHERE ( level = 3 AND module = '/Summary/QuestionSummary' )  [ RunTime:0.0003s ]
SQL: SHOW COLUMNS FROM `erp_user_summary_column` [ RunTime:0.0068s ]
SQL: SELECT * FROM `erp_user_summary_column` WHERE ( user_code='admin' AND summary='QuestionSummary' ) ORDER BY sort  [ RunTime:0.0004s ]
SQL: select count(*) as cnt from erp_question    where 1=1  AND (erp_question.type!='2') [ RunTime:0.0048s ]
SQL: select  erp_question.status , erp_question.code , erp_question.category_name , erp_question.kind , erp_question.stem , erp_question.using , erp_question.type , erp_question.childs , erp_question.id  from erp_question   Where 1=1  AND (erp_question.type!='2')  order by erp_question.code LIMIT 0, 10 [ RunTime:0.0005s ]
INFO: [ view_parse ] --START--
INFO: [ template_filter ] --START--
INFO: Run Behavior\ContentReplaceBehavior [ RunTime:0.000107s ]
INFO: [ template_filter ] --END-- [ RunTime:0.000157s ]
NOTIC: [8] Undefined offset: 1 C:\xampp\htdocs\project\exploitproject\exploit1\websource\Application\Common\Common\function.php 第 520 行.
NOTIC: [8] Undefined offset: 1 C:\xampp\htdocs\project\exploitproject\exploit1\websource\Application\Common\Common\function.php 第 520 行.
SQL: SHOW COLUMNS FROM `erp_subcode` [ RunTime:0.0071s ]
SQL: SELECT `id`,`code`,`name` FROM `erp_subcode` WHERE ( status=1 and type='question:kind' ) ORDER BY sort  [ RunTime:0.0006s ]
NOTIC: [8] Undefined index: level C:\xampp\htdocs\project\exploitproject\exploit1\websource\Application\Runtime\Cache\Summary\3d522cd5bc2bd2aceef31c8b44c41bdd.php 第 102 行.
NOTIC: [8] Undefined index: level C:\xampp\htdocs\project\exploitproject\exploit1\websource\Application\Runtime\Cache\Summary\3d522cd5bc2bd2aceef31c8b44c41bdd.php 第 102 行.
NOTIC: [8] Undefined index: level C:\xampp\htdocs\project\exploitproject\exploit1\websource\Application\Runtime\Cache\Summary\3d522cd5bc2bd2aceef31c8b44c41bdd.php 第 102 行.
NOTIC: [8] Undefined index: level C:\xampp\htdocs\project\exploitproject\exploit1\websource\Application\Runtime\Cache\Summary\3d522cd5bc2bd2aceef31c8b44c41bdd.php 第 102 行.
NOTIC: [8] Undefined index: level C:\xampp\htdocs\project\exploitproject\exploit1\websource\Application\Runtime\Cache\Summary\3d522cd5bc2bd2aceef31c8b44c41bdd.php 第 145 行.
NOTIC: [8] Undefined index: level C:\xampp\htdocs\project\exploitproject\exploit1\websource\Application\Runtime\Cache\Summary\3d522cd5bc2bd2aceef31c8b44c41bdd.php 第 145 行.
NOTIC: [8] Undefined index: level C:\xampp\htdocs\project\exploitproject\exploit1\websource\Application\Runtime\Cache\Summary\3d522cd5bc2bd2aceef31c8b44c41bdd.php 第 145 行.
NOTIC: [8] Undefined offset: 1 C:\xampp\htdocs\project\exploitproject\exploit1\websource\Application\Common\Common\function.php 第 520 行.
NOTIC: [2] Use of undefined constant status - assumed 'status' (this will throw an Error in a future version of PHP) C:\xampp\htdocs\project\exploitproject\exploit1\websource\Application\Runtime\Cache\Summary\3d522cd5bc2bd2aceef31c8b44c41bdd.php 第 247 行.
NOTIC: [8] Undefined offset: 1 C:\xampp\htdocs\project\exploitproject\exploit1\websource\Application\Common\Common\function.php 第 520 行.
NOTIC: [8] Undefined offset: 1 C:\xampp\htdocs\project\exploitproject\exploit1\websource\Application\Common\Common\function.php 第 520 行.
SQL: SELECT `name` FROM `erp_subcode` WHERE ( type='question:kind' and code='xz' ) LIMIT 1   [ RunTime:0.0003s ]
NOTIC: [8] Undefined offset: 1 C:\xampp\htdocs\project\exploitproject\exploit1\websource\Application\Common\Common\function.php 第 520 行.
NOTIC: [2] Use of undefined constant status - assumed 'status' (this will throw an Error in a future version of PHP) C:\xampp\htdocs\project\exploitproject\exploit1\websource\Application\Runtime\Cache\Summary\3d522cd5bc2bd2aceef31c8b44c41bdd.php 第 247 行.
NOTIC: [8] Undefined offset: 1 C:\xampp\htdocs\project\exploitproject\exploit1\websource\Application\Common\Common\function.php 第 520 行.
NOTIC: [8] Undefined offset: 1 C:\xampp\htdocs\project\exploitproject\exploit1\websource\Application\Common\Common\function.php 第 520 行.
SQL: SELECT `name` FROM `erp_subcode` WHERE ( type='question:kind' and code='xz' ) LIMIT 1   [ RunTime:0.0003s ]
NOTIC: [8] Undefined offset: 1 C:\xampp\htdocs\project\exploitproject\exploit1\websource\Application\Common\Common\function.php 第 520 行.
NOTIC: [2] Use of undefined constant status - assumed 'status' (this will throw an Error in a future version of PHP) C:\xampp\htdocs\project\exploitproject\exploit1\websource\Application\Runtime\Cache\Summary\3d522cd5bc2bd2aceef31c8b44c41bdd.php 第 247 行.
NOTIC: [8] Undefined offset: 1 C:\xampp\htdocs\project\exploitproject\exploit1\websource\Application\Common\Common\function.php 第 520 行.
NOTIC: [8] Undefined offset: 1 C:\xampp\htdocs\project\exploitproject\exploit1\websource\Application\Common\Common\function.php 第 520 行.
SQL: SELECT `name` FROM `erp_subcode` WHERE ( type='question:kind' and code='xz' ) LIMIT 1   [ RunTime:0.0003s ]
NOTIC: [8] Undefined offset: 1 C:\xampp\htdocs\project\exploitproject\exploit1\websource\Application\Common\Common\function.php 第 520 行.
NOTIC: [2] Use of undefined constant status - assumed 'status' (this will throw an Error in a future version of PHP) C:\xampp\htdocs\project\exploitproject\exploit1\websource\Application\Runtime\Cache\Summary\3d522cd5bc2bd2aceef31c8b44c41bdd.php 第 247 行.
NOTIC: [8] Undefined offset: 1 C:\xampp\htdocs\project\exploitproject\exploit1\websource\Application\Common\Common\function.php 第 520 行.
NOTIC: [8] Undefined offset: 1 C:\xampp\htdocs\project\exploitproject\exploit1\websource\Application\Common\Common\function.php 第 520 行.
SQL: SELECT `name` FROM `erp_subcode` WHERE ( type='question:kind' and code='xz' ) LIMIT 1   [ RunTime:0.0003s ]
NOTIC: [8] Undefined offset: 1 C:\xampp\htdocs\project\exploitproject\exploit1\websource\Application\Common\Common\function.php 第 520 行.
NOTIC: [2] Use of undefined constant status - assumed 'status' (this will throw an Error in a future version of PHP) C:\xampp\htdocs\project\exploitproject\exploit1\websource\Application\Runtime\Cache\Summary\3d522cd5bc2bd2aceef31c8b44c41bdd.php 第 247 行.
NOTIC: [8] Undefined offset: 1 C:\xampp\htdocs\project\exploitproject\exploit1\websource\Application\Common\Common\function.php 第 520 行.
NOTIC: [8] Undefined offset: 1 C:\xampp\htdocs\project\exploitproject\exploit1\websource\Application\Common\Common\function.php 第 520 行.
SQL: SELECT `name` FROM `erp_subcode` WHERE ( type='question:kind' and code='xz' ) LIMIT 1   [ RunTime:0.0002s ]
NOTIC: [8] Undefined offset: 1 C:\xampp\htdocs\project\exploitproject\exploit1\websource\Application\Common\Common\function.php 第 520 行.
NOTIC: [2] Use of undefined constant status - assumed 'status' (this will throw an Error in a future version of PHP) C:\xampp\htdocs\project\exploitproject\exploit1\websource\Application\Runtime\Cache\Summary\3d522cd5bc2bd2aceef31c8b44c41bdd.php 第 247 行.
NOTIC: [8] Undefined offset: 1 C:\xampp\htdocs\project\exploitproject\exploit1\websource\Application\Common\Common\function.php 第 520 行.
NOTIC: [8] Undefined offset: 1 C:\xampp\htdocs\project\exploitproject\exploit1\websource\Application\Common\Common\function.php 第 520 行.
SQL: SELECT `name` FROM `erp_subcode` WHERE ( type='question:kind' and code='xz' ) LIMIT 1   [ RunTime:0.0003s ]
NOTIC: [8] Undefined offset: 1 C:\xampp\htdocs\project\exploitproject\exploit1\websource\Application\Common\Common\function.php 第 520 行.
NOTIC: [2] Use of undefined constant status - assumed 'status' (this will throw an Error in a future version of PHP) C:\xampp\htdocs\project\exploitproject\exploit1\websource\Application\Runtime\Cache\Summary\3d522cd5bc2bd2aceef31c8b44c41bdd.php 第 247 行.
NOTIC: [8] Undefined offset: 1 C:\xampp\htdocs\project\exploitproject\exploit1\websource\Application\Common\Common\function.php 第 520 行.
NOTIC: [8] Undefined offset: 1 C:\xampp\htdocs\project\exploitproject\exploit1\websource\Application\Common\Common\function.php 第 520 行.
SQL: SELECT `name` FROM `erp_subcode` WHERE ( type='question:kind' and code='xz' ) LIMIT 1   [ RunTime:0.0003s ]
NOTIC: [8] Undefined offset: 1 C:\xampp\htdocs\project\exploitproject\exploit1\websource\Application\Common\Common\function.php 第 520 行.
NOTIC: [2] Use of undefined constant status - assumed 'status' (this will throw an Error in a future version of PHP) C:\xampp\htdocs\project\exploitproject\exploit1\websource\Application\Runtime\Cache\Summary\3d522cd5bc2bd2aceef31c8b44c41bdd.php 第 247 行.
NOTIC: [8] Undefined offset: 1 C:\xampp\htdocs\project\exploitproject\exploit1\websource\Application\Common\Common\function.php 第 520 行.
NOTIC: [8] Undefined offset: 1 C:\xampp\htdocs\project\exploitproject\exploit1\websource\Application\Common\Common\function.php 第 520 行.
SQL: SELECT `name` FROM `erp_subcode` WHERE ( type='question:kind' and code='xz' ) LIMIT 1   [ RunTime:0.0003s ]
NOTIC: [8] Undefined offset: 1 C:\xampp\htdocs\project\exploitproject\exploit1\websource\Application\Common\Common\function.php 第 520 行.
NOTIC: [2] Use of undefined constant status - assumed 'status' (this will throw an Error in a future version of PHP) C:\xampp\htdocs\project\exploitproject\exploit1\websource\Application\Runtime\Cache\Summary\3d522cd5bc2bd2aceef31c8b44c41bdd.php 第 247 行.
NOTIC: [8] Undefined offset: 1 C:\xampp\htdocs\project\exploitproject\exploit1\websource\Application\Common\Common\function.php 第 520 行.
NOTIC: [8] Undefined offset: 1 C:\xampp\htdocs\project\exploitproject\exploit1\websource\Application\Common\Common\function.php 第 520 行.
SQL: SELECT `name` FROM `erp_subcode` WHERE ( type='question:kind' and code='xz' ) LIMIT 1   [ RunTime:0.0006s ]
NOTIC: [8] Undefined offset: 1 C:\xampp\htdocs\project\exploitproject\exploit1\websource\Application\Common\Common\function.php 第 520 行.
NOTIC: [2] Use of undefined constant status - assumed 'status' (this will throw an Error in a future version of PHP) C:\xampp\htdocs\project\exploitproject\exploit1\websource\Application\Runtime\Cache\Summary\3d522cd5bc2bd2aceef31c8b44c41bdd.php 第 247 行.
NOTIC: [8] Undefined offset: 1 C:\xampp\htdocs\project\exploitproject\exploit1\websource\Application\Common\Common\function.php 第 520 行.
NOTIC: [8] Undefined offset: 1 C:\xampp\htdocs\project\exploitproject\exploit1\websource\Application\Common\Common\function.php 第 520 行.
SQL: SELECT `name` FROM `erp_subcode` WHERE ( type='question:kind' and code='xz' ) LIMIT 1   [ RunTime:0.0006s ]
NOTIC: [8] Undefined offset: 1 C:\xampp\htdocs\project\exploitproject\exploit1\websource\Application\Common\Common\function.php 第 520 行.
INFO: Run Behavior\ParseTemplateBehavior [ RunTime:0.031310s ]
INFO: [ view_parse ] --END-- [ RunTime:0.031367s ]
INFO: [ view_filter ] --START--
INFO: Run Behavior\WriteHtmlCacheBehavior [ RunTime:0.000844s ]
INFO: [ view_filter ] --END-- [ RunTime:0.000893s ]
INFO: [ app_end ] --START--
INFO: Run Behavior\ShowPageTraceBehavior [ RunTime:0.001322s ]
INFO: [ app_end ] --END-- [ RunTime:0.001391s ]

[ 2019-06-13T18:27:31+08:00 ] ::1 /index.php/Summary/QuestionCategorySummary/index/func/search.html?funcid=X100210&__ajax=1
INFO: [ app_init ] --START--
INFO: Run Behavior\BuildLiteBehavior [ RunTime:0.000015s ]
INFO: [ app_init ] --END-- [ RunTime:0.000490s ]
INFO: [ app_begin ] --START--
INFO: Run Behavior\ReadHtmlCacheBehavior [ RunTime:0.000760s ]
INFO: [ app_begin ] --END-- [ RunTime:0.000806s ]
SQL: SHOW COLUMNS FROM `erp_user` [ RunTime:0.0053s ]
SQL: SELECT * FROM `erp_user` WHERE ( id = 1 ) LIMIT 1   [ RunTime:0.0003s ]
NOTIC: [8] Undefined index: customer_id C:\xampp\htdocs\project\exploitproject\exploit1\websource\Application\Home\Controller\BasicController.class.php 第 83 行.
NOTIC: [8] Undefined index: customer_id C:\xampp\htdocs\project\exploitproject\exploit1\websource\Application\Home\Controller\BasicController.class.php 第 91 行.
SQL: SHOW COLUMNS FROM `erp_system_parameter` [ RunTime:0.0150s ]
SQL: SELECT `value` FROM `erp_system_parameter` WHERE ( code = 'notice_open' AND status = 1 ) LIMIT 1   [ RunTime:0.0003s ]
SQL: SELECT `value` FROM `erp_system_parameter` WHERE ( code = 'notice_title' AND status = 1 ) LIMIT 1   [ RunTime:0.0003s ]
SQL: SHOW COLUMNS FROM `erp_node` [ RunTime:0.0054s ]
SQL: SELECT name as `key` FROM `erp_node` WHERE ( level = 3 AND module = '/Summary/QuestionCategorySummary' )  [ RunTime:0.0004s ]
SQL: SELECT name as `key` FROM `erp_node` WHERE ( level = 3 AND module = '/Summary/QuestionCategorySummary' )  [ RunTime:0.0004s ]
SQL: SHOW COLUMNS FROM `erp_user_summary_column` [ RunTime:0.0046s ]
SQL: SELECT * FROM `erp_user_summary_column` WHERE ( user_code='admin' AND summary='QuestionCategorySummary' ) ORDER BY sort  [ RunTime:0.0003s ]
NOTIC: [8] Undefined variable: condition_a C:\xampp\htdocs\project\exploitproject\exploit1\websource\Application\Summary\Controller\QuestionCategorySummaryController.class.php 第 248 行.
SQL: select count(*) as cnt from erp_question_category LEFT JOIN erp_question_category a ON a.id=erp_question_category.parent_id    where 1=1  [ RunTime:0.0034s ]
SQL: select  erp_question_category.status , erp_question_category.id , erp_question_category.parent_id , a.name question_category_name , erp_question_category.code , erp_question_category.name , erp_question_category.full_path , erp_question_category.level , erp_question_category.approval_require , erp_question_category.alarm_days , erp_question_category.onlyone , erp_question_category.sort , erp_question_category.create_time , erp_question_category.modify_time  from erp_question_category LEFT JOIN erp_question_category a ON a.id=erp_question_category.parent_id   Where 1=1   order by erp_question_category.sort LIMIT 0, 10 [ RunTime:0.0004s ]
INFO: [ view_parse ] --START--
INFO: [ template_filter ] --START--
INFO: Run Behavior\ContentReplaceBehavior [ RunTime:0.000114s ]
INFO: [ template_filter ] --END-- [ RunTime:0.000168s ]
NOTIC: [8] Undefined offset: 1 C:\xampp\htdocs\project\exploitproject\exploit1\websource\Application\Common\Common\function.php 第 520 行.
NOTIC: [8] Undefined index: level C:\xampp\htdocs\project\exploitproject\exploit1\websource\Application\Runtime\Cache\Summary\ca3226bdfc95de6aae640492abd95be3.php 第 143 行.
NOTIC: [8] Undefined index: level C:\xampp\htdocs\project\exploitproject\exploit1\websource\Application\Runtime\Cache\Summary\ca3226bdfc95de6aae640492abd95be3.php 第 143 行.
NOTIC: [8] Undefined index: level C:\xampp\htdocs\project\exploitproject\exploit1\websource\Application\Runtime\Cache\Summary\ca3226bdfc95de6aae640492abd95be3.php 第 143 行.
NOTIC: [8] Undefined index: level C:\xampp\htdocs\project\exploitproject\exploit1\websource\Application\Runtime\Cache\Summary\ca3226bdfc95de6aae640492abd95be3.php 第 143 行.
NOTIC: [8] Undefined offset: 1 C:\xampp\htdocs\project\exploitproject\exploit1\websource\Application\Common\Common\function.php 第 520 行.
NOTIC: [2] Use of undefined constant status - assumed 'status' (this will throw an Error in a future version of PHP) C:\xampp\htdocs\project\exploitproject\exploit1\websource\Application\Runtime\Cache\Summary\ca3226bdfc95de6aae640492abd95be3.php 第 275 行.
NOTIC: [8] Undefined offset: 1 C:\xampp\htdocs\project\exploitproject\exploit1\websource\Application\Common\Common\function.php 第 520 行.
NOTIC: [8] Undefined offset: 1 C:\xampp\htdocs\project\exploitproject\exploit1\websource\Application\Common\Common\function.php 第 520 行.
NOTIC: [8] Undefined offset: 1 C:\xampp\htdocs\project\exploitproject\exploit1\websource\Application\Common\Common\function.php 第 520 行.
NOTIC: [2] Use of undefined constant status - assumed 'status' (this will throw an Error in a future version of PHP) C:\xampp\htdocs\project\exploitproject\exploit1\websource\Application\Runtime\Cache\Summary\ca3226bdfc95de6aae640492abd95be3.php 第 275 行.
NOTIC: [8] Undefined offset: 1 C:\xampp\htdocs\project\exploitproject\exploit1\websource\Application\Common\Common\function.php 第 520 行.
NOTIC: [8] Undefined offset: 1 C:\xampp\htdocs\project\exploitproject\exploit1\websource\Application\Common\Common\function.php 第 520 行.
NOTIC: [8] Undefined offset: 1 C:\xampp\htdocs\project\exploitproject\exploit1\websource\Application\Common\Common\function.php 第 520 行.
NOTIC: [2] Use of undefined constant status - assumed 'status' (this will throw an Error in a future version of PHP) C:\xampp\htdocs\project\exploitproject\exploit1\websource\Application\Runtime\Cache\Summary\ca3226bdfc95de6aae640492abd95be3.php 第 275 行.
NOTIC: [8] Undefined offset: 1 C:\xampp\htdocs\project\exploitproject\exploit1\websource\Application\Common\Common\function.php 第 520 行.
NOTIC: [8] Undefined offset: 1 C:\xampp\htdocs\project\exploitproject\exploit1\websource\Application\Common\Common\function.php 第 520 行.
NOTIC: [8] Undefined offset: 1 C:\xampp\htdocs\project\exploitproject\exploit1\websource\Application\Common\Common\function.php 第 520 行.
NOTIC: [2] Use of undefined constant status - assumed 'status' (this will throw an Error in a future version of PHP) C:\xampp\htdocs\project\exploitproject\exploit1\websource\Application\Runtime\Cache\Summary\ca3226bdfc95de6aae640492abd95be3.php 第 275 行.
NOTIC: [8] Undefined offset: 1 C:\xampp\htdocs\project\exploitproject\exploit1\websource\Application\Common\Common\function.php 第 520 行.
NOTIC: [8] Undefined offset: 1 C:\xampp\htdocs\project\exploitproject\exploit1\websource\Application\Common\Common\function.php 第 520 行.
NOTIC: [8] Undefined offset: 1 C:\xampp\htdocs\project\exploitproject\exploit1\websource\Application\Common\Common\function.php 第 520 行.
NOTIC: [2] Use of undefined constant status - assumed 'status' (this will throw an Error in a future version of PHP) C:\xampp\htdocs\project\exploitproject\exploit1\websource\Application\Runtime\Cache\Summary\ca3226bdfc95de6aae640492abd95be3.php 第 275 行.
NOTIC: [8] Undefined offset: 1 C:\xampp\htdocs\project\exploitproject\exploit1\websource\Application\Common\Common\function.php 第 520 行.
NOTIC: [8] Undefined offset: 1 C:\xampp\htdocs\project\exploitproject\exploit1\websource\Application\Common\Common\function.php 第 520 行.
NOTIC: [8] Undefined offset: 1 C:\xampp\htdocs\project\exploitproject\exploit1\websource\Application\Common\Common\function.php 第 520 行.
NOTIC: [2] Use of undefined constant status - assumed 'status' (this will throw an Error in a future version of PHP) C:\xampp\htdocs\project\exploitproject\exploit1\websource\Application\Runtime\Cache\Summary\ca3226bdfc95de6aae640492abd95be3.php 第 275 行.
NOTIC: [8] Undefined offset: 1 C:\xampp\htdocs\project\exploitproject\exploit1\websource\Application\Common\Common\function.php 第 520 行.
NOTIC: [8] Undefined offset: 1 C:\xampp\htdocs\project\exploitproject\exploit1\websource\Application\Common\Common\function.php 第 520 行.
NOTIC: [8] Undefined offset: 1 C:\xampp\htdocs\project\exploitproject\exploit1\websource\Application\Common\Common\function.php 第 520 行.
NOTIC: [2] Use of undefined constant status - assumed 'status' (this will throw an Error in a future version of PHP) C:\xampp\htdocs\project\exploitproject\exploit1\websource\Application\Runtime\Cache\Summary\ca3226bdfc95de6aae640492abd95be3.php 第 275 行.
NOTIC: [8] Undefined offset: 1 C:\xampp\htdocs\project\exploitproject\exploit1\websource\Application\Common\Common\function.php 第 520 行.
NOTIC: [8] Undefined offset: 1 C:\xampp\htdocs\project\exploitproject\exploit1\websource\Application\Common\Common\function.php 第 520 行.
NOTIC: [8] Undefined offset: 1 C:\xampp\htdocs\project\exploitproject\exploit1\websource\Application\Common\Common\function.php 第 520 行.
NOTIC: [2] Use of undefined constant status - assumed 'status' (this will throw an Error in a future version of PHP) C:\xampp\htdocs\project\exploitproject\exploit1\websource\Application\Runtime\Cache\Summary\ca3226bdfc95de6aae640492abd95be3.php 第 275 行.
NOTIC: [8] Undefined offset: 1 C:\xampp\htdocs\project\exploitproject\exploit1\websource\Application\Common\Common\function.php 第 520 行.
NOTIC: [8] Undefined offset: 1 C:\xampp\htdocs\project\exploitproject\exploit1\websource\Application\Common\Common\function.php 第 520 行.
NOTIC: [8] Undefined offset: 1 C:\xampp\htdocs\project\exploitproject\exploit1\websource\Application\Common\Common\function.php 第 520 行.
NOTIC: [2] Use of undefined constant status - assumed 'status' (this will throw an Error in a future version of PHP) C:\xampp\htdocs\project\exploitproject\exploit1\websource\Application\Runtime\Cache\Summary\ca3226bdfc95de6aae640492abd95be3.php 第 275 行.
NOTIC: [8] Undefined offset: 1 C:\xampp\htdocs\project\exploitproject\exploit1\websource\Application\Common\Common\function.php 第 520 行.
NOTIC: [8] Undefined offset: 1 C:\xampp\htdocs\project\exploitproject\exploit1\websource\Application\Common\Common\function.php 第 520 行.
NOTIC: [8] Undefined offset: 1 C:\xampp\htdocs\project\exploitproject\exploit1\websource\Application\Common\Common\function.php 第 520 行.
NOTIC: [2] Use of undefined constant status - assumed 'status' (this will throw an Error in a future version of PHP) C:\xampp\htdocs\project\exploitproject\exploit1\websource\Application\Runtime\Cache\Summary\ca3226bdfc95de6aae640492abd95be3.php 第 275 行.
NOTIC: [8] Undefined offset: 1 C:\xampp\htdocs\project\exploitproject\exploit1\websource\Application\Common\Common\function.php 第 520 行.
NOTIC: [8] Undefined offset: 1 C:\xampp\htdocs\project\exploitproject\exploit1\websource\Application\Common\Common\function.php 第 520 行.
NOTIC: [8] Undefined offset: 1 C:\xampp\htdocs\project\exploitproject\exploit1\websource\Application\Common\Common\function.php 第 520 行.
INFO: Run Behavior\ParseTemplateBehavior [ RunTime:0.020496s ]
INFO: [ view_parse ] --END-- [ RunTime:0.020549s ]
INFO: [ view_filter ] --START--
INFO: Run Behavior\WriteHtmlCacheBehavior [ RunTime:0.000716s ]
INFO: [ view_filter ] --END-- [ RunTime:0.000762s ]
INFO: [ app_end ] --START--
INFO: Run Behavior\ShowPageTraceBehavior [ RunTime:0.001133s ]
INFO: [ app_end ] --END-- [ RunTime:0.001233s ]

[ 2019-06-13T18:27:38+08:00 ] ::1 /index.php/Summary/QuestionSummary/index/func/search.html?funcid=X100205&__ajax=1
INFO: [ app_init ] --START--
INFO: Run Behavior\BuildLiteBehavior [ RunTime:0.000036s ]
INFO: [ app_init ] --END-- [ RunTime:0.000802s ]
INFO: [ app_begin ] --START--
INFO: Run Behavior\ReadHtmlCacheBehavior [ RunTime:0.000787s ]
INFO: [ app_begin ] --END-- [ RunTime:0.000840s ]
SQL: SHOW COLUMNS FROM `erp_user` [ RunTime:0.0038s ]
SQL: SELECT * FROM `erp_user` WHERE ( id = 1 ) LIMIT 1   [ RunTime:0.0003s ]
NOTIC: [8] Undefined index: customer_id C:\xampp\htdocs\project\exploitproject\exploit1\websource\Application\Home\Controller\BasicController.class.php 第 83 行.
NOTIC: [8] Undefined index: customer_id C:\xampp\htdocs\project\exploitproject\exploit1\websource\Application\Home\Controller\BasicController.class.php 第 91 行.
SQL: SHOW COLUMNS FROM `erp_system_parameter` [ RunTime:0.0042s ]
SQL: SELECT `value` FROM `erp_system_parameter` WHERE ( code = 'notice_open' AND status = 1 ) LIMIT 1   [ RunTime:0.0003s ]
SQL: SELECT `value` FROM `erp_system_parameter` WHERE ( code = 'notice_title' AND status = 1 ) LIMIT 1   [ RunTime:0.0002s ]
SQL: SHOW COLUMNS FROM `erp_node` [ RunTime:0.0054s ]
SQL: SELECT name as `key` FROM `erp_node` WHERE ( level = 3 AND module = '/Summary/QuestionSummary' )  [ RunTime:0.0003s ]
SQL: SELECT name as `key` FROM `erp_node` WHERE ( level = 3 AND module = '/Summary/QuestionSummary' )  [ RunTime:0.0003s ]
SQL: SHOW COLUMNS FROM `erp_user_summary_column` [ RunTime:0.0038s ]
SQL: SELECT * FROM `erp_user_summary_column` WHERE ( user_code='admin' AND summary='QuestionSummary' ) ORDER BY sort  [ RunTime:0.0003s ]
SQL: select count(*) as cnt from erp_question    where 1=1  AND (erp_question.type!='2') [ RunTime:0.0003s ]
SQL: select  erp_question.status , erp_question.code , erp_question.category_name , erp_question.kind , erp_question.stem , erp_question.using , erp_question.type , erp_question.childs , erp_question.id  from erp_question   Where 1=1  AND (erp_question.type!='2')  order by erp_question.code LIMIT 0, 10 [ RunTime:0.0004s ]
INFO: [ view_parse ] --START--
INFO: [ template_filter ] --START--
INFO: Run Behavior\ContentReplaceBehavior [ RunTime:0.000103s ]
INFO: [ template_filter ] --END-- [ RunTime:0.000152s ]
NOTIC: [8] Undefined offset: 1 C:\xampp\htdocs\project\exploitproject\exploit1\websource\Application\Common\Common\function.php 第 520 行.
NOTIC: [8] Undefined offset: 1 C:\xampp\htdocs\project\exploitproject\exploit1\websource\Application\Common\Common\function.php 第 520 行.
SQL: SHOW COLUMNS FROM `erp_subcode` [ RunTime:0.0045s ]
SQL: SELECT `id`,`code`,`name` FROM `erp_subcode` WHERE ( status=1 and type='question:kind' ) ORDER BY sort  [ RunTime:0.0004s ]
NOTIC: [8] Undefined index: level C:\xampp\htdocs\project\exploitproject\exploit1\websource\Application\Runtime\Cache\Summary\3d522cd5bc2bd2aceef31c8b44c41bdd.php 第 102 行.
NOTIC: [8] Undefined index: level C:\xampp\htdocs\project\exploitproject\exploit1\websource\Application\Runtime\Cache\Summary\3d522cd5bc2bd2aceef31c8b44c41bdd.php 第 102 行.
NOTIC: [8] Undefined index: level C:\xampp\htdocs\project\exploitproject\exploit1\websource\Application\Runtime\Cache\Summary\3d522cd5bc2bd2aceef31c8b44c41bdd.php 第 102 行.
NOTIC: [8] Undefined index: level C:\xampp\htdocs\project\exploitproject\exploit1\websource\Application\Runtime\Cache\Summary\3d522cd5bc2bd2aceef31c8b44c41bdd.php 第 102 行.
NOTIC: [8] Undefined index: level C:\xampp\htdocs\project\exploitproject\exploit1\websource\Application\Runtime\Cache\Summary\3d522cd5bc2bd2aceef31c8b44c41bdd.php 第 145 行.
NOTIC: [8] Undefined index: level C:\xampp\htdocs\project\exploitproject\exploit1\websource\Application\Runtime\Cache\Summary\3d522cd5bc2bd2aceef31c8b44c41bdd.php 第 145 行.
NOTIC: [8] Undefined index: level C:\xampp\htdocs\project\exploitproject\exploit1\websource\Application\Runtime\Cache\Summary\3d522cd5bc2bd2aceef31c8b44c41bdd.php 第 145 行.
NOTIC: [8] Undefined offset: 1 C:\xampp\htdocs\project\exploitproject\exploit1\websource\Application\Common\Common\function.php 第 520 行.
NOTIC: [2] Use of undefined constant status - assumed 'status' (this will throw an Error in a future version of PHP) C:\xampp\htdocs\project\exploitproject\exploit1\websource\Application\Runtime\Cache\Summary\3d522cd5bc2bd2aceef31c8b44c41bdd.php 第 247 行.
NOTIC: [8] Undefined offset: 1 C:\xampp\htdocs\project\exploitproject\exploit1\websource\Application\Common\Common\function.php 第 520 行.
NOTIC: [8] Undefined offset: 1 C:\xampp\htdocs\project\exploitproject\exploit1\websource\Application\Common\Common\function.php 第 520 行.
SQL: SELECT `name` FROM `erp_subcode` WHERE ( type='question:kind' and code='xz' ) LIMIT 1   [ RunTime:0.0007s ]
NOTIC: [8] Undefined offset: 1 C:\xampp\htdocs\project\exploitproject\exploit1\websource\Application\Common\Common\function.php 第 520 行.
NOTIC: [2] Use of undefined constant status - assumed 'status' (this will throw an Error in a future version of PHP) C:\xampp\htdocs\project\exploitproject\exploit1\websource\Application\Runtime\Cache\Summary\3d522cd5bc2bd2aceef31c8b44c41bdd.php 第 247 行.
NOTIC: [8] Undefined offset: 1 C:\xampp\htdocs\project\exploitproject\exploit1\websource\Application\Common\Common\function.php 第 520 行.
NOTIC: [8] Undefined offset: 1 C:\xampp\htdocs\project\exploitproject\exploit1\websource\Application\Common\Common\function.php 第 520 行.
SQL: SELECT `name` FROM `erp_subcode` WHERE ( type='question:kind' and code='xz' ) LIMIT 1   [ RunTime:0.0005s ]
NOTIC: [8] Undefined offset: 1 C:\xampp\htdocs\project\exploitproject\exploit1\websource\Application\Common\Common\function.php 第 520 行.
NOTIC: [2] Use of undefined constant status - assumed 'status' (this will throw an Error in a future version of PHP) C:\xampp\htdocs\project\exploitproject\exploit1\websource\Application\Runtime\Cache\Summary\3d522cd5bc2bd2aceef31c8b44c41bdd.php 第 247 行.
NOTIC: [8] Undefined offset: 1 C:\xampp\htdocs\project\exploitproject\exploit1\websource\Application\Common\Common\function.php 第 520 行.
NOTIC: [8] Undefined offset: 1 C:\xampp\htdocs\project\exploitproject\exploit1\websource\Application\Common\Common\function.php 第 520 行.
SQL: SELECT `name` FROM `erp_subcode` WHERE ( type='question:kind' and code='xz' ) LIMIT 1   [ RunTime:0.0004s ]
NOTIC: [8] Undefined offset: 1 C:\xampp\htdocs\project\exploitproject\exploit1\websource\Application\Common\Common\function.php 第 520 行.
NOTIC: [2] Use of undefined constant status - assumed 'status' (this will throw an Error in a future version of PHP) C:\xampp\htdocs\project\exploitproject\exploit1\websource\Application\Runtime\Cache\Summary\3d522cd5bc2bd2aceef31c8b44c41bdd.php 第 247 行.
NOTIC: [8] Undefined offset: 1 C:\xampp\htdocs\project\exploitproject\exploit1\websource\Application\Common\Common\function.php 第 520 行.
NOTIC: [8] Undefined offset: 1 C:\xampp\htdocs\project\exploitproject\exploit1\websource\Application\Common\Common\function.php 第 520 行.
SQL: SELECT `name` FROM `erp_subcode` WHERE ( type='question:kind' and code='xz' ) LIMIT 1   [ RunTime:0.0003s ]
NOTIC: [8] Undefined offset: 1 C:\xampp\htdocs\project\exploitproject\exploit1\websource\Application\Common\Common\function.php 第 520 行.
NOTIC: [2] Use of undefined constant status - assumed 'status' (this will throw an Error in a future version of PHP) C:\xampp\htdocs\project\exploitproject\exploit1\websource\Application\Runtime\Cache\Summary\3d522cd5bc2bd2aceef31c8b44c41bdd.php 第 247 行.
NOTIC: [8] Undefined offset: 1 C:\xampp\htdocs\project\exploitproject\exploit1\websource\Application\Common\Common\function.php 第 520 行.
NOTIC: [8] Undefined offset: 1 C:\xampp\htdocs\project\exploitproject\exploit1\websource\Application\Common\Common\function.php 第 520 行.
SQL: SELECT `name` FROM `erp_subcode` WHERE ( type='question:kind' and code='xz' ) LIMIT 1   [ RunTime:0.0003s ]
NOTIC: [8] Undefined offset: 1 C:\xampp\htdocs\project\exploitproject\exploit1\websource\Application\Common\Common\function.php 第 520 行.
NOTIC: [2] Use of undefined constant status - assumed 'status' (this will throw an Error in a future version of PHP) C:\xampp\htdocs\project\exploitproject\exploit1\websource\Application\Runtime\Cache\Summary\3d522cd5bc2bd2aceef31c8b44c41bdd.php 第 247 行.
NOTIC: [8] Undefined offset: 1 C:\xampp\htdocs\project\exploitproject\exploit1\websource\Application\Common\Common\function.php 第 520 行.
NOTIC: [8] Undefined offset: 1 C:\xampp\htdocs\project\exploitproject\exploit1\websource\Application\Common\Common\function.php 第 520 行.
SQL: SELECT `name` FROM `erp_subcode` WHERE ( type='question:kind' and code='xz' ) LIMIT 1   [ RunTime:0.0003s ]
NOTIC: [8] Undefined offset: 1 C:\xampp\htdocs\project\exploitproject\exploit1\websource\Application\Common\Common\function.php 第 520 行.
NOTIC: [2] Use of undefined constant status - assumed 'status' (this will throw an Error in a future version of PHP) C:\xampp\htdocs\project\exploitproject\exploit1\websource\Application\Runtime\Cache\Summary\3d522cd5bc2bd2aceef31c8b44c41bdd.php 第 247 行.
NOTIC: [8] Undefined offset: 1 C:\xampp\htdocs\project\exploitproject\exploit1\websource\Application\Common\Common\function.php 第 520 行.
NOTIC: [8] Undefined offset: 1 C:\xampp\htdocs\project\exploitproject\exploit1\websource\Application\Common\Common\function.php 第 520 行.
SQL: SELECT `name` FROM `erp_subcode` WHERE ( type='question:kind' and code='xz' ) LIMIT 1   [ RunTime:0.0003s ]
NOTIC: [8] Undefined offset: 1 C:\xampp\htdocs\project\exploitproject\exploit1\websource\Application\Common\Common\function.php 第 520 行.
NOTIC: [2] Use of undefined constant status - assumed 'status' (this will throw an Error in a future version of PHP) C:\xampp\htdocs\project\exploitproject\exploit1\websource\Application\Runtime\Cache\Summary\3d522cd5bc2bd2aceef31c8b44c41bdd.php 第 247 行.
NOTIC: [8] Undefined offset: 1 C:\xampp\htdocs\project\exploitproject\exploit1\websource\Application\Common\Common\function.php 第 520 行.
NOTIC: [8] Undefined offset: 1 C:\xampp\htdocs\project\exploitproject\exploit1\websource\Application\Common\Common\function.php 第 520 行.
SQL: SELECT `name` FROM `erp_subcode` WHERE ( type='question:kind' and code='xz' ) LIMIT 1   [ RunTime:0.0003s ]
NOTIC: [8] Undefined offset: 1 C:\xampp\htdocs\project\exploitproject\exploit1\websource\Application\Common\Common\function.php 第 520 行.
NOTIC: [2] Use of undefined constant status - assumed 'status' (this will throw an Error in a future version of PHP) C:\xampp\htdocs\project\exploitproject\exploit1\websource\Application\Runtime\Cache\Summary\3d522cd5bc2bd2aceef31c8b44c41bdd.php 第 247 行.
NOTIC: [8] Undefined offset: 1 C:\xampp\htdocs\project\exploitproject\exploit1\websource\Application\Common\Common\function.php 第 520 行.
NOTIC: [8] Undefined offset: 1 C:\xampp\htdocs\project\exploitproject\exploit1\websource\Application\Common\Common\function.php 第 520 行.
SQL: SELECT `name` FROM `erp_subcode` WHERE ( type='question:kind' and code='xz' ) LIMIT 1   [ RunTime:0.0003s ]
NOTIC: [8] Undefined offset: 1 C:\xampp\htdocs\project\exploitproject\exploit1\websource\Application\Common\Common\function.php 第 520 行.
NOTIC: [2] Use of undefined constant status - assumed 'status' (this will throw an Error in a future version of PHP) C:\xampp\htdocs\project\exploitproject\exploit1\websource\Application\Runtime\Cache\Summary\3d522cd5bc2bd2aceef31c8b44c41bdd.php 第 247 行.
NOTIC: [8] Undefined offset: 1 C:\xampp\htdocs\project\exploitproject\exploit1\websource\Application\Common\Common\function.php 第 520 行.
NOTIC: [8] Undefined offset: 1 C:\xampp\htdocs\project\exploitproject\exploit1\websource\Application\Common\Common\function.php 第 520 行.
SQL: SELECT `name` FROM `erp_subcode` WHERE ( type='question:kind' and code='xz' ) LIMIT 1   [ RunTime:0.0004s ]
NOTIC: [8] Undefined offset: 1 C:\xampp\htdocs\project\exploitproject\exploit1\websource\Application\Common\Common\function.php 第 520 行.
INFO: Run Behavior\ParseTemplateBehavior [ RunTime:0.028854s ]
INFO: [ view_parse ] --END-- [ RunTime:0.028908s ]
INFO: [ view_filter ] --START--
INFO: Run Behavior\WriteHtmlCacheBehavior [ RunTime:0.000651s ]
INFO: [ view_filter ] --END-- [ RunTime:0.000696s ]
INFO: [ app_end ] --START--
INFO: Run Behavior\ShowPageTraceBehavior [ RunTime:0.000831s ]
INFO: [ app_end ] --END-- [ RunTime:0.000885s ]

[ 2019-06-13T18:35:25+08:00 ] ::1 /index.php/Summary/QuestionSummary/index/func/search.html?funcid=X100205&__ajax=1
INFO: [ app_init ] --START--
INFO: Run Behavior\BuildLiteBehavior [ RunTime:0.000033s ]
INFO: [ app_init ] --END-- [ RunTime:0.000617s ]
INFO: [ app_begin ] --START--
INFO: Run Behavior\ReadHtmlCacheBehavior [ RunTime:0.000893s ]
INFO: [ app_begin ] --END-- [ RunTime:0.001037s ]
SQL: SHOW COLUMNS FROM `erp_user` [ RunTime:0.0064s ]
SQL: SELECT * FROM `erp_user` WHERE ( id = 1 ) LIMIT 1   [ RunTime:0.0007s ]
NOTIC: [8] Undefined index: customer_id C:\xampp\htdocs\project\exploitproject\exploit1\websource\Application\Home\Controller\BasicController.class.php 第 83 行.
NOTIC: [8] Undefined index: customer_id C:\xampp\htdocs\project\exploitproject\exploit1\websource\Application\Home\Controller\BasicController.class.php 第 91 行.
SQL: SHOW COLUMNS FROM `erp_system_parameter` [ RunTime:0.0049s ]
SQL: SELECT `value` FROM `erp_system_parameter` WHERE ( code = 'notice_open' AND status = 1 ) LIMIT 1   [ RunTime:0.0003s ]
SQL: SELECT `value` FROM `erp_system_parameter` WHERE ( code = 'notice_title' AND status = 1 ) LIMIT 1   [ RunTime:0.0002s ]
SQL: SHOW COLUMNS FROM `erp_node` [ RunTime:0.0046s ]
SQL: SELECT name as `key` FROM `erp_node` WHERE ( level = 3 AND module = '/Summary/QuestionSummary' )  [ RunTime:0.0004s ]
SQL: SELECT name as `key` FROM `erp_node` WHERE ( level = 3 AND module = '/Summary/QuestionSummary' )  [ RunTime:0.0003s ]
SQL: SHOW COLUMNS FROM `erp_user_summary_column` [ RunTime:0.0052s ]
SQL: SELECT * FROM `erp_user_summary_column` WHERE ( user_code='admin' AND summary='QuestionSummary' ) ORDER BY sort  [ RunTime:0.0005s ]
SQL: select count(*) as cnt from erp_question    where 1=1  AND (erp_question.type!='2') [ RunTime:0.0004s ]
SQL: select  erp_question.status , erp_question.code , erp_question.category_name , erp_question.kind , erp_question.stem , erp_question.using , erp_question.type , erp_question.childs , erp_question.id  from erp_question   Where 1=1  AND (erp_question.type!='2')  order by erp_question.code LIMIT 0, 10 [ RunTime:0.0077s ]
INFO: [ view_parse ] --START--
INFO: [ template_filter ] --START--
INFO: Run Behavior\ContentReplaceBehavior [ RunTime:0.000170s ]
INFO: [ template_filter ] --END-- [ RunTime:0.000292s ]
NOTIC: [8] Undefined offset: 1 C:\xampp\htdocs\project\exploitproject\exploit1\websource\Application\Common\Common\function.php 第 520 行.
NOTIC: [8] Undefined offset: 1 C:\xampp\htdocs\project\exploitproject\exploit1\websource\Application\Common\Common\function.php 第 520 行.
SQL: SHOW COLUMNS FROM `erp_subcode` [ RunTime:0.0050s ]
SQL: SELECT `id`,`code`,`name` FROM `erp_subcode` WHERE ( status=1 and type='question:kind' ) ORDER BY sort  [ RunTime:0.0004s ]
NOTIC: [8] Undefined index: level C:\xampp\htdocs\project\exploitproject\exploit1\websource\Application\Runtime\Cache\Summary\3d522cd5bc2bd2aceef31c8b44c41bdd.php 第 102 行.
NOTIC: [8] Undefined index: level C:\xampp\htdocs\project\exploitproject\exploit1\websource\Application\Runtime\Cache\Summary\3d522cd5bc2bd2aceef31c8b44c41bdd.php 第 102 行.
NOTIC: [8] Undefined index: level C:\xampp\htdocs\project\exploitproject\exploit1\websource\Application\Runtime\Cache\Summary\3d522cd5bc2bd2aceef31c8b44c41bdd.php 第 102 行.
NOTIC: [8] Undefined index: level C:\xampp\htdocs\project\exploitproject\exploit1\websource\Application\Runtime\Cache\Summary\3d522cd5bc2bd2aceef31c8b44c41bdd.php 第 102 行.
NOTIC: [8] Undefined index: level C:\xampp\htdocs\project\exploitproject\exploit1\websource\Application\Runtime\Cache\Summary\3d522cd5bc2bd2aceef31c8b44c41bdd.php 第 145 行.
NOTIC: [8] Undefined index: level C:\xampp\htdocs\project\exploitproject\exploit1\websource\Application\Runtime\Cache\Summary\3d522cd5bc2bd2aceef31c8b44c41bdd.php 第 145 行.
NOTIC: [8] Undefined index: level C:\xampp\htdocs\project\exploitproject\exploit1\websource\Application\Runtime\Cache\Summary\3d522cd5bc2bd2aceef31c8b44c41bdd.php 第 145 行.
NOTIC: [8] Undefined offset: 1 C:\xampp\htdocs\project\exploitproject\exploit1\websource\Application\Common\Common\function.php 第 520 行.
NOTIC: [2] Use of undefined constant status - assumed 'status' (this will throw an Error in a future version of PHP) C:\xampp\htdocs\project\exploitproject\exploit1\websource\Application\Runtime\Cache\Summary\3d522cd5bc2bd2aceef31c8b44c41bdd.php 第 247 行.
NOTIC: [8] Undefined offset: 1 C:\xampp\htdocs\project\exploitproject\exploit1\websource\Application\Common\Common\function.php 第 520 行.
NOTIC: [8] Undefined offset: 1 C:\xampp\htdocs\project\exploitproject\exploit1\websource\Application\Common\Common\function.php 第 520 行.
SQL: SELECT `name` FROM `erp_subcode` WHERE ( type='question:kind' and code='xz' ) LIMIT 1   [ RunTime:0.0003s ]
NOTIC: [8] Undefined offset: 1 C:\xampp\htdocs\project\exploitproject\exploit1\websource\Application\Common\Common\function.php 第 520 行.
NOTIC: [2] Use of undefined constant status - assumed 'status' (this will throw an Error in a future version of PHP) C:\xampp\htdocs\project\exploitproject\exploit1\websource\Application\Runtime\Cache\Summary\3d522cd5bc2bd2aceef31c8b44c41bdd.php 第 247 行.
NOTIC: [8] Undefined offset: 1 C:\xampp\htdocs\project\exploitproject\exploit1\websource\Application\Common\Common\function.php 第 520 行.
NOTIC: [8] Undefined offset: 1 C:\xampp\htdocs\project\exploitproject\exploit1\websource\Application\Common\Common\function.php 第 520 行.
SQL: SELECT `name` FROM `erp_subcode` WHERE ( type='question:kind' and code='xz' ) LIMIT 1   [ RunTime:0.0003s ]
NOTIC: [8] Undefined offset: 1 C:\xampp\htdocs\project\exploitproject\exploit1\websource\Application\Common\Common\function.php 第 520 行.
NOTIC: [2] Use of undefined constant status - assumed 'status' (this will throw an Error in a future version of PHP) C:\xampp\htdocs\project\exploitproject\exploit1\websource\Application\Runtime\Cache\Summary\3d522cd5bc2bd2aceef31c8b44c41bdd.php 第 247 行.
NOTIC: [8] Undefined offset: 1 C:\xampp\htdocs\project\exploitproject\exploit1\websource\Application\Common\Common\function.php 第 520 行.
NOTIC: [8] Undefined offset: 1 C:\xampp\htdocs\project\exploitproject\exploit1\websource\Application\Common\Common\function.php 第 520 行.
SQL: SELECT `name` FROM `erp_subcode` WHERE ( type='question:kind' and code='xz' ) LIMIT 1   [ RunTime:0.0003s ]
NOTIC: [8] Undefined offset: 1 C:\xampp\htdocs\project\exploitproject\exploit1\websource\Application\Common\Common\function.php 第 520 行.
NOTIC: [2] Use of undefined constant status - assumed 'status' (this will throw an Error in a future version of PHP) C:\xampp\htdocs\project\exploitproject\exploit1\websource\Application\Runtime\Cache\Summary\3d522cd5bc2bd2aceef31c8b44c41bdd.php 第 247 行.
NOTIC: [8] Undefined offset: 1 C:\xampp\htdocs\project\exploitproject\exploit1\websource\Application\Common\Common\function.php 第 520 行.
NOTIC: [8] Undefined offset: 1 C:\xampp\htdocs\project\exploitproject\exploit1\websource\Application\Common\Common\function.php 第 520 行.
SQL: SELECT `name` FROM `erp_subcode` WHERE ( type='question:kind' and code='xz' ) LIMIT 1   [ RunTime:0.0005s ]
NOTIC: [8] Undefined offset: 1 C:\xampp\htdocs\project\exploitproject\exploit1\websource\Application\Common\Common\function.php 第 520 行.
NOTIC: [2] Use of undefined constant status - assumed 'status' (this will throw an Error in a future version of PHP) C:\xampp\htdocs\project\exploitproject\exploit1\websource\Application\Runtime\Cache\Summary\3d522cd5bc2bd2aceef31c8b44c41bdd.php 第 247 行.
NOTIC: [8] Undefined offset: 1 C:\xampp\htdocs\project\exploitproject\exploit1\websource\Application\Common\Common\function.php 第 520 行.
NOTIC: [8] Undefined offset: 1 C:\xampp\htdocs\project\exploitproject\exploit1\websource\Application\Common\Common\function.php 第 520 行.
SQL: SELECT `name` FROM `erp_subcode` WHERE ( type='question:kind' and code='xz' ) LIMIT 1   [ RunTime:0.0004s ]
NOTIC: [8] Undefined offset: 1 C:\xampp\htdocs\project\exploitproject\exploit1\websource\Application\Common\Common\function.php 第 520 行.
NOTIC: [2] Use of undefined constant status - assumed 'status' (this will throw an Error in a future version of PHP) C:\xampp\htdocs\project\exploitproject\exploit1\websource\Application\Runtime\Cache\Summary\3d522cd5bc2bd2aceef31c8b44c41bdd.php 第 247 行.
NOTIC: [8] Undefined offset: 1 C:\xampp\htdocs\project\exploitproject\exploit1\websource\Application\Common\Common\function.php 第 520 行.
NOTIC: [8] Undefined offset: 1 C:\xampp\htdocs\project\exploitproject\exploit1\websource\Application\Common\Common\function.php 第 520 行.
SQL: SELECT `name` FROM `erp_subcode` WHERE ( type='question:kind' and code='xz' ) LIMIT 1   [ RunTime:0.0003s ]
NOTIC: [8] Undefined offset: 1 C:\xampp\htdocs\project\exploitproject\exploit1\websource\Application\Common\Common\function.php 第 520 行.
NOTIC: [2] Use of undefined constant status - assumed 'status' (this will throw an Error in a future version of PHP) C:\xampp\htdocs\project\exploitproject\exploit1\websource\Application\Runtime\Cache\Summary\3d522cd5bc2bd2aceef31c8b44c41bdd.php 第 247 行.
NOTIC: [8] Undefined offset: 1 C:\xampp\htdocs\project\exploitproject\exploit1\websource\Application\Common\Common\function.php 第 520 行.
NOTIC: [8] Undefined offset: 1 C:\xampp\htdocs\project\exploitproject\exploit1\websource\Application\Common\Common\function.php 第 520 行.
SQL: SELECT `name` FROM `erp_subcode` WHERE ( type='question:kind' and code='xz' ) LIMIT 1   [ RunTime:0.0003s ]
NOTIC: [8] Undefined offset: 1 C:\xampp\htdocs\project\exploitproject\exploit1\websource\Application\Common\Common\function.php 第 520 行.
NOTIC: [2] Use of undefined constant status - assumed 'status' (this will throw an Error in a future version of PHP) C:\xampp\htdocs\project\exploitproject\exploit1\websource\Application\Runtime\Cache\Summary\3d522cd5bc2bd2aceef31c8b44c41bdd.php 第 247 行.
NOTIC: [8] Undefined offset: 1 C:\xampp\htdocs\project\exploitproject\exploit1\websource\Application\Common\Common\function.php 第 520 行.
NOTIC: [8] Undefined offset: 1 C:\xampp\htdocs\project\exploitproject\exploit1\websource\Application\Common\Common\function.php 第 520 行.
SQL: SELECT `name` FROM `erp_subcode` WHERE ( type='question:kind' and code='xz' ) LIMIT 1   [ RunTime:0.0004s ]
NOTIC: [8] Undefined offset: 1 C:\xampp\htdocs\project\exploitproject\exploit1\websource\Application\Common\Common\function.php 第 520 行.
NOTIC: [2] Use of undefined constant status - assumed 'status' (this will throw an Error in a future version of PHP) C:\xampp\htdocs\project\exploitproject\exploit1\websource\Application\Runtime\Cache\Summary\3d522cd5bc2bd2aceef31c8b44c41bdd.php 第 247 行.
NOTIC: [8] Undefined offset: 1 C:\xampp\htdocs\project\exploitproject\exploit1\websource\Application\Common\Common\function.php 第 520 行.
NOTIC: [8] Undefined offset: 1 C:\xampp\htdocs\project\exploitproject\exploit1\websource\Application\Common\Common\function.php 第 520 行.
SQL: SELECT `name` FROM `erp_subcode` WHERE ( type='question:kind' and code='xz' ) LIMIT 1   [ RunTime:0.0003s ]
NOTIC: [8] Undefined offset: 1 C:\xampp\htdocs\project\exploitproject\exploit1\websource\Application\Common\Common\function.php 第 520 行.
NOTIC: [2] Use of undefined constant status - assumed 'status' (this will throw an Error in a future version of PHP) C:\xampp\htdocs\project\exploitproject\exploit1\websource\Application\Runtime\Cache\Summary\3d522cd5bc2bd2aceef31c8b44c41bdd.php 第 247 行.
NOTIC: [8] Undefined offset: 1 C:\xampp\htdocs\project\exploitproject\exploit1\websource\Application\Common\Common\function.php 第 520 行.
NOTIC: [8] Undefined offset: 1 C:\xampp\htdocs\project\exploitproject\exploit1\websource\Application\Common\Common\function.php 第 520 行.
SQL: SELECT `name` FROM `erp_subcode` WHERE ( type='question:kind' and code='xz' ) LIMIT 1   [ RunTime:0.0003s ]
NOTIC: [8] Undefined offset: 1 C:\xampp\htdocs\project\exploitproject\exploit1\websource\Application\Common\Common\function.php 第 520 行.
INFO: Run Behavior\ParseTemplateBehavior [ RunTime:0.044399s ]
INFO: [ view_parse ] --END-- [ RunTime:0.044521s ]
INFO: [ view_filter ] --START--
INFO: Run Behavior\WriteHtmlCacheBehavior [ RunTime:0.000665s ]
INFO: [ view_filter ] --END-- [ RunTime:0.000777s ]
INFO: [ app_end ] --START--
INFO: Run Behavior\ShowPageTraceBehavior [ RunTime:0.002014s ]
INFO: [ app_end ] --END-- [ RunTime:0.002316s ]

[ 2019-06-13T18:54:19+08:00 ] ::1 /index.php/Summary/QuestionSummary/index.html?func=search&funcid=X100205&__ajax=1&__refresh=1&__ajax=1
INFO: [ app_init ] --START--
INFO: Run Behavior\BuildLiteBehavior [ RunTime:0.000036s ]
INFO: [ app_init ] --END-- [ RunTime:0.000658s ]
INFO: [ app_begin ] --START--
INFO: Run Behavior\ReadHtmlCacheBehavior [ RunTime:0.001084s ]
INFO: [ app_begin ] --END-- [ RunTime:0.001288s ]
SQL: SHOW COLUMNS FROM `erp_user` [ RunTime:0.0044s ]
SQL: SELECT * FROM `erp_user` WHERE ( id = 1 ) LIMIT 1   [ RunTime:0.0003s ]
NOTIC: [8] Undefined index: customer_id C:\xampp\htdocs\project\exploitproject\exploit1\websource\Application\Home\Controller\BasicController.class.php 第 83 行.
NOTIC: [8] Undefined index: customer_id C:\xampp\htdocs\project\exploitproject\exploit1\websource\Application\Home\Controller\BasicController.class.php 第 91 行.
SQL: SHOW COLUMNS FROM `erp_system_parameter` [ RunTime:0.0050s ]
SQL: SELECT `value` FROM `erp_system_parameter` WHERE ( code = 'notice_open' AND status = 1 ) LIMIT 1   [ RunTime:0.0004s ]
SQL: SELECT `value` FROM `erp_system_parameter` WHERE ( code = 'notice_title' AND status = 1 ) LIMIT 1   [ RunTime:0.0003s ]
SQL: SHOW COLUMNS FROM `erp_node` [ RunTime:0.0043s ]
SQL: SELECT name as `key` FROM `erp_node` WHERE ( level = 3 AND module = '/Summary/QuestionSummary' )  [ RunTime:0.0003s ]
SQL: SELECT name as `key` FROM `erp_node` WHERE ( level = 3 AND module = '/Summary/QuestionSummary' )  [ RunTime:0.0004s ]
SQL: SHOW COLUMNS FROM `erp_user_summary_column` [ RunTime:0.0045s ]
SQL: SELECT * FROM `erp_user_summary_column` WHERE ( user_code='admin' AND summary='QuestionSummary' ) ORDER BY sort  [ RunTime:0.0003s ]
SQL: select count(*) as cnt from erp_question    where 1=1  AND (erp_question.type!='2') [ RunTime:0.0003s ]
SQL: select  erp_question.status , erp_question.code , erp_question.category_name , erp_question.kind , erp_question.stem , erp_question.using , erp_question.type , erp_question.childs , erp_question.id  from erp_question   Where 1=1  AND (erp_question.type!='2')  order by erp_question.code LIMIT 0, 10 [ RunTime:0.0003s ]
INFO: [ view_parse ] --START--
INFO: [ template_filter ] --START--
INFO: Run Behavior\ContentReplaceBehavior [ RunTime:0.000196s ]
INFO: [ template_filter ] --END-- [ RunTime:0.000435s ]
NOTIC: [8] Undefined offset: 1 C:\xampp\htdocs\project\exploitproject\exploit1\websource\Application\Common\Common\function.php 第 520 行.
NOTIC: [8] Undefined offset: 1 C:\xampp\htdocs\project\exploitproject\exploit1\websource\Application\Common\Common\function.php 第 520 行.
SQL: SHOW COLUMNS FROM `erp_subcode` [ RunTime:0.0040s ]
SQL: SELECT `id`,`code`,`name` FROM `erp_subcode` WHERE ( status=1 and type='question:kind' ) ORDER BY sort  [ RunTime:0.0004s ]
NOTIC: [8] Undefined index: level C:\xampp\htdocs\project\exploitproject\exploit1\websource\Application\Runtime\Cache\Summary\3d522cd5bc2bd2aceef31c8b44c41bdd.php 第 102 行.
NOTIC: [8] Undefined index: level C:\xampp\htdocs\project\exploitproject\exploit1\websource\Application\Runtime\Cache\Summary\3d522cd5bc2bd2aceef31c8b44c41bdd.php 第 102 行.
NOTIC: [8] Undefined index: level C:\xampp\htdocs\project\exploitproject\exploit1\websource\Application\Runtime\Cache\Summary\3d522cd5bc2bd2aceef31c8b44c41bdd.php 第 102 行.
NOTIC: [8] Undefined index: level C:\xampp\htdocs\project\exploitproject\exploit1\websource\Application\Runtime\Cache\Summary\3d522cd5bc2bd2aceef31c8b44c41bdd.php 第 102 行.
NOTIC: [8] Undefined index: level C:\xampp\htdocs\project\exploitproject\exploit1\websource\Application\Runtime\Cache\Summary\3d522cd5bc2bd2aceef31c8b44c41bdd.php 第 145 行.
NOTIC: [8] Undefined index: level C:\xampp\htdocs\project\exploitproject\exploit1\websource\Application\Runtime\Cache\Summary\3d522cd5bc2bd2aceef31c8b44c41bdd.php 第 145 行.
NOTIC: [8] Undefined index: level C:\xampp\htdocs\project\exploitproject\exploit1\websource\Application\Runtime\Cache\Summary\3d522cd5bc2bd2aceef31c8b44c41bdd.php 第 145 行.
NOTIC: [8] Undefined offset: 1 C:\xampp\htdocs\project\exploitproject\exploit1\websource\Application\Common\Common\function.php 第 520 行.
NOTIC: [2] Use of undefined constant status - assumed 'status' (this will throw an Error in a future version of PHP) C:\xampp\htdocs\project\exploitproject\exploit1\websource\Application\Runtime\Cache\Summary\3d522cd5bc2bd2aceef31c8b44c41bdd.php 第 247 行.
NOTIC: [8] Undefined offset: 1 C:\xampp\htdocs\project\exploitproject\exploit1\websource\Application\Common\Common\function.php 第 520 行.
NOTIC: [8] Undefined offset: 1 C:\xampp\htdocs\project\exploitproject\exploit1\websource\Application\Common\Common\function.php 第 520 行.
SQL: SELECT `name` FROM `erp_subcode` WHERE ( type='question:kind' and code='xz' ) LIMIT 1   [ RunTime:0.0005s ]
NOTIC: [8] Undefined offset: 1 C:\xampp\htdocs\project\exploitproject\exploit1\websource\Application\Common\Common\function.php 第 520 行.
NOTIC: [2] Use of undefined constant status - assumed 'status' (this will throw an Error in a future version of PHP) C:\xampp\htdocs\project\exploitproject\exploit1\websource\Application\Runtime\Cache\Summary\3d522cd5bc2bd2aceef31c8b44c41bdd.php 第 247 行.
NOTIC: [8] Undefined offset: 1 C:\xampp\htdocs\project\exploitproject\exploit1\websource\Application\Common\Common\function.php 第 520 行.
NOTIC: [8] Undefined offset: 1 C:\xampp\htdocs\project\exploitproject\exploit1\websource\Application\Common\Common\function.php 第 520 行.
SQL: SELECT `name` FROM `erp_subcode` WHERE ( type='question:kind' and code='xz' ) LIMIT 1   [ RunTime:0.0003s ]
NOTIC: [8] Undefined offset: 1 C:\xampp\htdocs\project\exploitproject\exploit1\websource\Application\Common\Common\function.php 第 520 行.
NOTIC: [2] Use of undefined constant status - assumed 'status' (this will throw an Error in a future version of PHP) C:\xampp\htdocs\project\exploitproject\exploit1\websource\Application\Runtime\Cache\Summary\3d522cd5bc2bd2aceef31c8b44c41bdd.php 第 247 行.
NOTIC: [8] Undefined offset: 1 C:\xampp\htdocs\project\exploitproject\exploit1\websource\Application\Common\Common\function.php 第 520 行.
NOTIC: [8] Undefined offset: 1 C:\xampp\htdocs\project\exploitproject\exploit1\websource\Application\Common\Common\function.php 第 520 行.
SQL: SELECT `name` FROM `erp_subcode` WHERE ( type='question:kind' and code='xz' ) LIMIT 1   [ RunTime:0.0003s ]
NOTIC: [8] Undefined offset: 1 C:\xampp\htdocs\project\exploitproject\exploit1\websource\Application\Common\Common\function.php 第 520 行.
NOTIC: [2] Use of undefined constant status - assumed 'status' (this will throw an Error in a future version of PHP) C:\xampp\htdocs\project\exploitproject\exploit1\websource\Application\Runtime\Cache\Summary\3d522cd5bc2bd2aceef31c8b44c41bdd.php 第 247 行.
NOTIC: [8] Undefined offset: 1 C:\xampp\htdocs\project\exploitproject\exploit1\websource\Application\Common\Common\function.php 第 520 行.
NOTIC: [8] Undefined offset: 1 C:\xampp\htdocs\project\exploitproject\exploit1\websource\Application\Common\Common\function.php 第 520 行.
SQL: SELECT `name` FROM `erp_subcode` WHERE ( type='question:kind' and code='xz' ) LIMIT 1   [ RunTime:0.0002s ]
NOTIC: [8] Undefined offset: 1 C:\xampp\htdocs\project\exploitproject\exploit1\websource\Application\Common\Common\function.php 第 520 行.
NOTIC: [2] Use of undefined constant status - assumed 'status' (this will throw an Error in a future version of PHP) C:\xampp\htdocs\project\exploitproject\exploit1\websource\Application\Runtime\Cache\Summary\3d522cd5bc2bd2aceef31c8b44c41bdd.php 第 247 行.
NOTIC: [8] Undefined offset: 1 C:\xampp\htdocs\project\exploitproject\exploit1\websource\Application\Common\Common\function.php 第 520 行.
NOTIC: [8] Undefined offset: 1 C:\xampp\htdocs\project\exploitproject\exploit1\websource\Application\Common\Common\function.php 第 520 行.
SQL: SELECT `name` FROM `erp_subcode` WHERE ( type='question:kind' and code='xz' ) LIMIT 1   [ RunTime:0.0004s ]
NOTIC: [8] Undefined offset: 1 C:\xampp\htdocs\project\exploitproject\exploit1\websource\Application\Common\Common\function.php 第 520 行.
NOTIC: [2] Use of undefined constant status - assumed 'status' (this will throw an Error in a future version of PHP) C:\xampp\htdocs\project\exploitproject\exploit1\websource\Application\Runtime\Cache\Summary\3d522cd5bc2bd2aceef31c8b44c41bdd.php 第 247 行.
NOTIC: [8] Undefined offset: 1 C:\xampp\htdocs\project\exploitproject\exploit1\websource\Application\Common\Common\function.php 第 520 行.
NOTIC: [8] Undefined offset: 1 C:\xampp\htdocs\project\exploitproject\exploit1\websource\Application\Common\Common\function.php 第 520 行.
SQL: SELECT `name` FROM `erp_subcode` WHERE ( type='question:kind' and code='xz' ) LIMIT 1   [ RunTime:0.0002s ]
NOTIC: [8] Undefined offset: 1 C:\xampp\htdocs\project\exploitproject\exploit1\websource\Application\Common\Common\function.php 第 520 行.
NOTIC: [2] Use of undefined constant status - assumed 'status' (this will throw an Error in a future version of PHP) C:\xampp\htdocs\project\exploitproject\exploit1\websource\Application\Runtime\Cache\Summary\3d522cd5bc2bd2aceef31c8b44c41bdd.php 第 247 行.
NOTIC: [8] Undefined offset: 1 C:\xampp\htdocs\project\exploitproject\exploit1\websource\Application\Common\Common\function.php 第 520 行.
NOTIC: [8] Undefined offset: 1 C:\xampp\htdocs\project\exploitproject\exploit1\websource\Application\Common\Common\function.php 第 520 行.
SQL: SELECT `name` FROM `erp_subcode` WHERE ( type='question:kind' and code='xz' ) LIMIT 1   [ RunTime:0.0002s ]
NOTIC: [8] Undefined offset: 1 C:\xampp\htdocs\project\exploitproject\exploit1\websource\Application\Common\Common\function.php 第 520 行.
NOTIC: [2] Use of undefined constant status - assumed 'status' (this will throw an Error in a future version of PHP) C:\xampp\htdocs\project\exploitproject\exploit1\websource\Application\Runtime\Cache\Summary\3d522cd5bc2bd2aceef31c8b44c41bdd.php 第 247 行.
NOTIC: [8] Undefined offset: 1 C:\xampp\htdocs\project\exploitproject\exploit1\websource\Application\Common\Common\function.php 第 520 行.
NOTIC: [8] Undefined offset: 1 C:\xampp\htdocs\project\exploitproject\exploit1\websource\Application\Common\Common\function.php 第 520 行.
SQL: SELECT `name` FROM `erp_subcode` WHERE ( type='question:kind' and code='xz' ) LIMIT 1   [ RunTime:0.0003s ]
NOTIC: [8] Undefined offset: 1 C:\xampp\htdocs\project\exploitproject\exploit1\websource\Application\Common\Common\function.php 第 520 行.
NOTIC: [2] Use of undefined constant status - assumed 'status' (this will throw an Error in a future version of PHP) C:\xampp\htdocs\project\exploitproject\exploit1\websource\Application\Runtime\Cache\Summary\3d522cd5bc2bd2aceef31c8b44c41bdd.php 第 247 行.
NOTIC: [8] Undefined offset: 1 C:\xampp\htdocs\project\exploitproject\exploit1\websource\Application\Common\Common\function.php 第 520 行.
NOTIC: [8] Undefined offset: 1 C:\xampp\htdocs\project\exploitproject\exploit1\websource\Application\Common\Common\function.php 第 520 行.
SQL: SELECT `name` FROM `erp_subcode` WHERE ( type='question:kind' and code='xz' ) LIMIT 1   [ RunTime:0.0005s ]
NOTIC: [8] Undefined offset: 1 C:\xampp\htdocs\project\exploitproject\exploit1\websource\Application\Common\Common\function.php 第 520 行.
NOTIC: [2] Use of undefined constant status - assumed 'status' (this will throw an Error in a future version of PHP) C:\xampp\htdocs\project\exploitproject\exploit1\websource\Application\Runtime\Cache\Summary\3d522cd5bc2bd2aceef31c8b44c41bdd.php 第 247 行.
NOTIC: [8] Undefined offset: 1 C:\xampp\htdocs\project\exploitproject\exploit1\websource\Application\Common\Common\function.php 第 520 行.
NOTIC: [8] Undefined offset: 1 C:\xampp\htdocs\project\exploitproject\exploit1\websource\Application\Common\Common\function.php 第 520 行.
SQL: SELECT `name` FROM `erp_subcode` WHERE ( type='question:kind' and code='xz' ) LIMIT 1   [ RunTime:0.0003s ]
NOTIC: [8] Undefined offset: 1 C:\xampp\htdocs\project\exploitproject\exploit1\websource\Application\Common\Common\function.php 第 520 行.
INFO: Run Behavior\ParseTemplateBehavior [ RunTime:0.044936s ]
INFO: [ view_parse ] --END-- [ RunTime:0.045055s ]
INFO: [ view_filter ] --START--
INFO: Run Behavior\WriteHtmlCacheBehavior [ RunTime:0.000680s ]
INFO: [ view_filter ] --END-- [ RunTime:0.000789s ]
INFO: [ app_end ] --START--
INFO: Run Behavior\ShowPageTraceBehavior [ RunTime:0.001106s ]
INFO: [ app_end ] --END-- [ RunTime:0.001272s ]

