[ 2019-05-29T16:00:41+08:00 ] ::1 /index.php/Summary/ExamSummary/index/func/search.html?funcid=X100405&__ajax=1
INFO: [ app_init ] --START--
INFO: Run Behavior\BuildLiteBehavior [ RunTime:0.000017s ]
INFO: [ app_init ] --END-- [ RunTime:0.000507s ]
INFO: [ app_begin ] --START--
INFO: Run Behavior\ReadHtmlCacheBehavior [ RunTime:0.001346s ]
INFO: [ app_begin ] --END-- [ RunTime:0.001465s ]
SQL: SHOW COLUMNS FROM `erp_user` [ RunTime:0.0054s ]
SQL: SELECT * FROM `erp_user` WHERE ( id = 1 ) LIMIT 1   [ RunTime:0.0008s ]
NOTIC: [8] Undefined index: customer_id C:\xampp\htdocs\project\exploitproject\exploit1\websource\Application\Home\Controller\BasicController.class.php 第 83 行.
NOTIC: [8] Undefined index: customer_id C:\xampp\htdocs\project\exploitproject\exploit1\websource\Application\Home\Controller\BasicController.class.php 第 91 行.
SQL: SHOW COLUMNS FROM `erp_system_parameter` [ RunTime:0.0044s ]
SQL: SELECT `value` FROM `erp_system_parameter` WHERE ( code = 'notice_open' AND status = 1 ) LIMIT 1   [ RunTime:0.0006s ]
SQL: SELECT `value` FROM `erp_system_parameter` WHERE ( code = 'notice_title' AND status = 1 ) LIMIT 1   [ RunTime:0.0006s ]
SQL: SHOW COLUMNS FROM `erp_node` [ RunTime:0.0051s ]
SQL: SELECT name as `key` FROM `erp_node` WHERE ( level = 3 AND module = '/Summary/ExamSummary' )  [ RunTime:0.0009s ]
SQL: SELECT name as `key` FROM `erp_node` WHERE ( level = 3 AND module = '/Summary/ExamSummary' )  [ RunTime:0.0008s ]
SQL: SHOW COLUMNS FROM `erp_user_summary_column` [ RunTime:0.0059s ]
SQL: SELECT * FROM `erp_user_summary_column` WHERE ( user_code='admin' AND summary='ExamSummary' ) ORDER BY sort  [ RunTime:0.0007s ]
SQL: select count(*) as cnt from erp_exam    where 1=1  [ RunTime:0.0015s ]
SQL: select  erp_exam.status , erp_exam.id , erp_exam.exam_no , erp_exam.templet_no , erp_exam.type , erp_exam.subject , erp_exam.count , erp_exam.score , erp_exam.req_time , erp_exam.create_time , erp_exam.modify_time  from erp_exam   Where 1=1   LIMIT 0, 10 [ RunTime:0.0007s ]
INFO: [ view_parse ] --START--
INFO: [ template_filter ] --START--
INFO: Run Behavior\ContentReplaceBehavior [ RunTime:0.000106s ]
INFO: [ template_filter ] --END-- [ RunTime:0.000159s ]
NOTIC: [8] Undefined index: level C:\xampp\htdocs\project\exploitproject\exploit1\websource\Application\Runtime\Cache\Summary\6eb5b218b549795f702b64cc8c347e11.php 第 48 行.
NOTIC: [8] Undefined index: level C:\xampp\htdocs\project\exploitproject\exploit1\websource\Application\Runtime\Cache\Summary\6eb5b218b549795f702b64cc8c347e11.php 第 48 行.
NOTIC: [8] Undefined index: level C:\xampp\htdocs\project\exploitproject\exploit1\websource\Application\Runtime\Cache\Summary\6eb5b218b549795f702b64cc8c347e11.php 第 48 行.
NOTIC: [8] Undefined index: level C:\xampp\htdocs\project\exploitproject\exploit1\websource\Application\Runtime\Cache\Summary\6eb5b218b549795f702b64cc8c347e11.php 第 89 行.
NOTIC: [8] Undefined index: level C:\xampp\htdocs\project\exploitproject\exploit1\websource\Application\Runtime\Cache\Summary\6eb5b218b549795f702b64cc8c347e11.php 第 89 行.
NOTIC: [8] Undefined index: level C:\xampp\htdocs\project\exploitproject\exploit1\websource\Application\Runtime\Cache\Summary\6eb5b218b549795f702b64cc8c347e11.php 第 89 行.
NOTIC: [8] Undefined offset: 1 C:\xampp\htdocs\project\exploitproject\exploit1\websource\Application\Common\Common\function.php 第 520 行.
NOTIC: [2] Use of undefined constant status - assumed 'status' (this will throw an Error in a future version of PHP) C:\xampp\htdocs\project\exploitproject\exploit1\websource\Application\Runtime\Cache\Summary\6eb5b218b549795f702b64cc8c347e11.php 第 244 行.
NOTIC: [8] Undefined offset: 1 C:\xampp\htdocs\project\exploitproject\exploit1\websource\Application\Common\Common\function.php 第 520 行.
NOTIC: [8] Undefined offset: 1 C:\xampp\htdocs\project\exploitproject\exploit1\websource\Application\Common\Common\function.php 第 520 行.
NOTIC: [8] Undefined offset: 1 C:\xampp\htdocs\project\exploitproject\exploit1\websource\Application\Common\Common\function.php 第 520 行.
NOTIC: [8] Undefined offset: 1 C:\xampp\htdocs\project\exploitproject\exploit1\websource\Application\Common\Common\function.php 第 520 行.
NOTIC: [2] Use of undefined constant status - assumed 'status' (this will throw an Error in a future version of PHP) C:\xampp\htdocs\project\exploitproject\exploit1\websource\Application\Runtime\Cache\Summary\6eb5b218b549795f702b64cc8c347e11.php 第 244 行.
NOTIC: [8] Undefined offset: 1 C:\xampp\htdocs\project\exploitproject\exploit1\websource\Application\Common\Common\function.php 第 520 行.
NOTIC: [8] Undefined offset: 1 C:\xampp\htdocs\project\exploitproject\exploit1\websource\Application\Common\Common\function.php 第 520 行.
NOTIC: [8] Undefined offset: 1 C:\xampp\htdocs\project\exploitproject\exploit1\websource\Application\Common\Common\function.php 第 520 行.
NOTIC: [8] Undefined offset: 1 C:\xampp\htdocs\project\exploitproject\exploit1\websource\Application\Common\Common\function.php 第 520 行.
NOTIC: [2] Use of undefined constant status - assumed 'status' (this will throw an Error in a future version of PHP) C:\xampp\htdocs\project\exploitproject\exploit1\websource\Application\Runtime\Cache\Summary\6eb5b218b549795f702b64cc8c347e11.php 第 244 行.
NOTIC: [8] Undefined offset: 1 C:\xampp\htdocs\project\exploitproject\exploit1\websource\Application\Common\Common\function.php 第 520 行.
NOTIC: [8] Undefined offset: 1 C:\xampp\htdocs\project\exploitproject\exploit1\websource\Application\Common\Common\function.php 第 520 行.
NOTIC: [8] Undefined offset: 1 C:\xampp\htdocs\project\exploitproject\exploit1\websource\Application\Common\Common\function.php 第 520 行.
NOTIC: [8] Undefined offset: 1 C:\xampp\htdocs\project\exploitproject\exploit1\websource\Application\Common\Common\function.php 第 520 行.
NOTIC: [2] Use of undefined constant status - assumed 'status' (this will throw an Error in a future version of PHP) C:\xampp\htdocs\project\exploitproject\exploit1\websource\Application\Runtime\Cache\Summary\6eb5b218b549795f702b64cc8c347e11.php 第 244 行.
NOTIC: [8] Undefined offset: 1 C:\xampp\htdocs\project\exploitproject\exploit1\websource\Application\Common\Common\function.php 第 520 行.
NOTIC: [8] Undefined offset: 1 C:\xampp\htdocs\project\exploitproject\exploit1\websource\Application\Common\Common\function.php 第 520 行.
NOTIC: [8] Undefined offset: 1 C:\xampp\htdocs\project\exploitproject\exploit1\websource\Application\Common\Common\function.php 第 520 行.
NOTIC: [8] Undefined offset: 1 C:\xampp\htdocs\project\exploitproject\exploit1\websource\Application\Common\Common\function.php 第 520 行.
NOTIC: [2] Use of undefined constant status - assumed 'status' (this will throw an Error in a future version of PHP) C:\xampp\htdocs\project\exploitproject\exploit1\websource\Application\Runtime\Cache\Summary\6eb5b218b549795f702b64cc8c347e11.php 第 244 行.
NOTIC: [8] Undefined offset: 1 C:\xampp\htdocs\project\exploitproject\exploit1\websource\Application\Common\Common\function.php 第 520 行.
NOTIC: [8] Undefined offset: 1 C:\xampp\htdocs\project\exploitproject\exploit1\websource\Application\Common\Common\function.php 第 520 行.
NOTIC: [8] Undefined offset: 1 C:\xampp\htdocs\project\exploitproject\exploit1\websource\Application\Common\Common\function.php 第 520 行.
NOTIC: [8] Undefined offset: 1 C:\xampp\htdocs\project\exploitproject\exploit1\websource\Application\Common\Common\function.php 第 520 行.
NOTIC: [2] Use of undefined constant status - assumed 'status' (this will throw an Error in a future version of PHP) C:\xampp\htdocs\project\exploitproject\exploit1\websource\Application\Runtime\Cache\Summary\6eb5b218b549795f702b64cc8c347e11.php 第 244 行.
NOTIC: [8] Undefined offset: 1 C:\xampp\htdocs\project\exploitproject\exploit1\websource\Application\Common\Common\function.php 第 520 行.
NOTIC: [8] Undefined offset: 1 C:\xampp\htdocs\project\exploitproject\exploit1\websource\Application\Common\Common\function.php 第 520 行.
NOTIC: [8] Undefined offset: 1 C:\xampp\htdocs\project\exploitproject\exploit1\websource\Application\Common\Common\function.php 第 520 行.
NOTIC: [8] Undefined offset: 1 C:\xampp\htdocs\project\exploitproject\exploit1\websource\Application\Common\Common\function.php 第 520 行.
NOTIC: [2] Use of undefined constant status - assumed 'status' (this will throw an Error in a future version of PHP) C:\xampp\htdocs\project\exploitproject\exploit1\websource\Application\Runtime\Cache\Summary\6eb5b218b549795f702b64cc8c347e11.php 第 244 行.
NOTIC: [8] Undefined offset: 1 C:\xampp\htdocs\project\exploitproject\exploit1\websource\Application\Common\Common\function.php 第 520 行.
NOTIC: [8] Undefined offset: 1 C:\xampp\htdocs\project\exploitproject\exploit1\websource\Application\Common\Common\function.php 第 520 行.
NOTIC: [8] Undefined offset: 1 C:\xampp\htdocs\project\exploitproject\exploit1\websource\Application\Common\Common\function.php 第 520 行.
NOTIC: [8] Undefined offset: 1 C:\xampp\htdocs\project\exploitproject\exploit1\websource\Application\Common\Common\function.php 第 520 行.
NOTIC: [2] Use of undefined constant status - assumed 'status' (this will throw an Error in a future version of PHP) C:\xampp\htdocs\project\exploitproject\exploit1\websource\Application\Runtime\Cache\Summary\6eb5b218b549795f702b64cc8c347e11.php 第 244 行.
NOTIC: [8] Undefined offset: 1 C:\xampp\htdocs\project\exploitproject\exploit1\websource\Application\Common\Common\function.php 第 520 行.
NOTIC: [8] Undefined offset: 1 C:\xampp\htdocs\project\exploitproject\exploit1\websource\Application\Common\Common\function.php 第 520 行.
NOTIC: [8] Undefined offset: 1 C:\xampp\htdocs\project\exploitproject\exploit1\websource\Application\Common\Common\function.php 第 520 行.
NOTIC: [8] Undefined offset: 1 C:\xampp\htdocs\project\exploitproject\exploit1\websource\Application\Common\Common\function.php 第 520 行.
NOTIC: [2] Use of undefined constant status - assumed 'status' (this will throw an Error in a future version of PHP) C:\xampp\htdocs\project\exploitproject\exploit1\websource\Application\Runtime\Cache\Summary\6eb5b218b549795f702b64cc8c347e11.php 第 244 行.
NOTIC: [8] Undefined offset: 1 C:\xampp\htdocs\project\exploitproject\exploit1\websource\Application\Common\Common\function.php 第 520 行.
NOTIC: [8] Undefined offset: 1 C:\xampp\htdocs\project\exploitproject\exploit1\websource\Application\Common\Common\function.php 第 520 行.
NOTIC: [8] Undefined offset: 1 C:\xampp\htdocs\project\exploitproject\exploit1\websource\Application\Common\Common\function.php 第 520 行.
NOTIC: [8] Undefined offset: 1 C:\xampp\htdocs\project\exploitproject\exploit1\websource\Application\Common\Common\function.php 第 520 行.
NOTIC: [2] Use of undefined constant status - assumed 'status' (this will throw an Error in a future version of PHP) C:\xampp\htdocs\project\exploitproject\exploit1\websource\Application\Runtime\Cache\Summary\6eb5b218b549795f702b64cc8c347e11.php 第 244 行.
NOTIC: [8] Undefined offset: 1 C:\xampp\htdocs\project\exploitproject\exploit1\websource\Application\Common\Common\function.php 第 520 行.
NOTIC: [8] Undefined offset: 1 C:\xampp\htdocs\project\exploitproject\exploit1\websource\Application\Common\Common\function.php 第 520 行.
NOTIC: [8] Undefined offset: 1 C:\xampp\htdocs\project\exploitproject\exploit1\websource\Application\Common\Common\function.php 第 520 行.
NOTIC: [8] Undefined offset: 1 C:\xampp\htdocs\project\exploitproject\exploit1\websource\Application\Common\Common\function.php 第 520 行.
INFO: Run Behavior\ParseTemplateBehavior [ RunTime:0.021283s ]
INFO: [ view_parse ] --END-- [ RunTime:0.021344s ]
INFO: [ view_filter ] --START--
INFO: Run Behavior\WriteHtmlCacheBehavior [ RunTime:0.000627s ]
INFO: [ view_filter ] --END-- [ RunTime:0.000676s ]
INFO: [ app_end ] --START--
INFO: Run Behavior\ShowPageTraceBehavior [ RunTime:0.001171s ]
INFO: [ app_end ] --END-- [ RunTime:0.001236s ]

[ 2019-05-29T16:04:52+08:00 ] ::1 /index.php/Summary/ExamSummary/index/func/search.html?funcid=X100405&__ajax=1
INFO: [ app_init ] --START--
INFO: Run Behavior\BuildLiteBehavior [ RunTime:0.000014s ]
INFO: [ app_init ] --END-- [ RunTime:0.000489s ]
INFO: [ app_begin ] --START--
INFO: Run Behavior\ReadHtmlCacheBehavior [ RunTime:0.001207s ]
INFO: [ app_begin ] --END-- [ RunTime:0.001265s ]
SQL: SHOW COLUMNS FROM `erp_user` [ RunTime:0.0069s ]
SQL: SELECT * FROM `erp_user` WHERE ( id = 1 ) LIMIT 1   [ RunTime:0.0005s ]
NOTIC: [8] Undefined index: customer_id C:\xampp\htdocs\project\exploitproject\exploit1\websource\Application\Home\Controller\BasicController.class.php 第 83 行.
NOTIC: [8] Undefined index: customer_id C:\xampp\htdocs\project\exploitproject\exploit1\websource\Application\Home\Controller\BasicController.class.php 第 91 行.
SQL: SHOW COLUMNS FROM `erp_system_parameter` [ RunTime:0.0157s ]
SQL: SELECT `value` FROM `erp_system_parameter` WHERE ( code = 'notice_open' AND status = 1 ) LIMIT 1   [ RunTime:0.0005s ]
SQL: SELECT `value` FROM `erp_system_parameter` WHERE ( code = 'notice_title' AND status = 1 ) LIMIT 1   [ RunTime:0.0005s ]
SQL: SHOW COLUMNS FROM `erp_node` [ RunTime:0.0040s ]
SQL: SELECT name as `key` FROM `erp_node` WHERE ( level = 3 AND module = '/Summary/ExamSummary' )  [ RunTime:0.0005s ]
SQL: SELECT name as `key` FROM `erp_node` WHERE ( level = 3 AND module = '/Summary/ExamSummary' )  [ RunTime:0.0004s ]
SQL: SHOW COLUMNS FROM `erp_user_summary_column` [ RunTime:0.0060s ]
SQL: SELECT * FROM `erp_user_summary_column` WHERE ( user_code='admin' AND summary='ExamSummary' ) ORDER BY sort  [ RunTime:0.0005s ]
SQL: select count(*) as cnt from erp_exam    where 1=1  [ RunTime:0.0015s ]
SQL: select  erp_exam.status , erp_exam.id , erp_exam.exam_no , erp_exam.templet_no , erp_exam.type , erp_exam.subject , erp_exam.count , erp_exam.score , erp_exam.req_time , erp_exam.create_time , erp_exam.modify_time  from erp_exam   Where 1=1   LIMIT 0, 10 [ RunTime:0.0004s ]
INFO: [ view_parse ] --START--
INFO: [ template_filter ] --START--
INFO: Run Behavior\ContentReplaceBehavior [ RunTime:0.000102s ]
INFO: [ template_filter ] --END-- [ RunTime:0.000185s ]
NOTIC: [8] Undefined index: level C:\xampp\htdocs\project\exploitproject\exploit1\websource\Application\Runtime\Cache\Summary\6eb5b218b549795f702b64cc8c347e11.php 第 48 行.
NOTIC: [8] Undefined index: level C:\xampp\htdocs\project\exploitproject\exploit1\websource\Application\Runtime\Cache\Summary\6eb5b218b549795f702b64cc8c347e11.php 第 48 行.
NOTIC: [8] Undefined index: level C:\xampp\htdocs\project\exploitproject\exploit1\websource\Application\Runtime\Cache\Summary\6eb5b218b549795f702b64cc8c347e11.php 第 48 行.
NOTIC: [8] Undefined index: level C:\xampp\htdocs\project\exploitproject\exploit1\websource\Application\Runtime\Cache\Summary\6eb5b218b549795f702b64cc8c347e11.php 第 89 行.
NOTIC: [8] Undefined index: level C:\xampp\htdocs\project\exploitproject\exploit1\websource\Application\Runtime\Cache\Summary\6eb5b218b549795f702b64cc8c347e11.php 第 89 行.
NOTIC: [8] Undefined index: level C:\xampp\htdocs\project\exploitproject\exploit1\websource\Application\Runtime\Cache\Summary\6eb5b218b549795f702b64cc8c347e11.php 第 89 行.
NOTIC: [8] Undefined offset: 1 C:\xampp\htdocs\project\exploitproject\exploit1\websource\Application\Common\Common\function.php 第 520 行.
NOTIC: [2] Use of undefined constant status - assumed 'status' (this will throw an Error in a future version of PHP) C:\xampp\htdocs\project\exploitproject\exploit1\websource\Application\Runtime\Cache\Summary\6eb5b218b549795f702b64cc8c347e11.php 第 244 行.
NOTIC: [8] Undefined offset: 1 C:\xampp\htdocs\project\exploitproject\exploit1\websource\Application\Common\Common\function.php 第 520 行.
NOTIC: [8] Undefined offset: 1 C:\xampp\htdocs\project\exploitproject\exploit1\websource\Application\Common\Common\function.php 第 520 行.
NOTIC: [8] Undefined offset: 1 C:\xampp\htdocs\project\exploitproject\exploit1\websource\Application\Common\Common\function.php 第 520 行.
NOTIC: [8] Undefined offset: 1 C:\xampp\htdocs\project\exploitproject\exploit1\websource\Application\Common\Common\function.php 第 520 行.
NOTIC: [2] Use of undefined constant status - assumed 'status' (this will throw an Error in a future version of PHP) C:\xampp\htdocs\project\exploitproject\exploit1\websource\Application\Runtime\Cache\Summary\6eb5b218b549795f702b64cc8c347e11.php 第 244 行.
NOTIC: [8] Undefined offset: 1 C:\xampp\htdocs\project\exploitproject\exploit1\websource\Application\Common\Common\function.php 第 520 行.
NOTIC: [8] Undefined offset: 1 C:\xampp\htdocs\project\exploitproject\exploit1\websource\Application\Common\Common\function.php 第 520 行.
NOTIC: [8] Undefined offset: 1 C:\xampp\htdocs\project\exploitproject\exploit1\websource\Application\Common\Common\function.php 第 520 行.
NOTIC: [8] Undefined offset: 1 C:\xampp\htdocs\project\exploitproject\exploit1\websource\Application\Common\Common\function.php 第 520 行.
NOTIC: [2] Use of undefined constant status - assumed 'status' (this will throw an Error in a future version of PHP) C:\xampp\htdocs\project\exploitproject\exploit1\websource\Application\Runtime\Cache\Summary\6eb5b218b549795f702b64cc8c347e11.php 第 244 行.
NOTIC: [8] Undefined offset: 1 C:\xampp\htdocs\project\exploitproject\exploit1\websource\Application\Common\Common\function.php 第 520 行.
NOTIC: [8] Undefined offset: 1 C:\xampp\htdocs\project\exploitproject\exploit1\websource\Application\Common\Common\function.php 第 520 行.
NOTIC: [8] Undefined offset: 1 C:\xampp\htdocs\project\exploitproject\exploit1\websource\Application\Common\Common\function.php 第 520 行.
NOTIC: [8] Undefined offset: 1 C:\xampp\htdocs\project\exploitproject\exploit1\websource\Application\Common\Common\function.php 第 520 行.
NOTIC: [2] Use of undefined constant status - assumed 'status' (this will throw an Error in a future version of PHP) C:\xampp\htdocs\project\exploitproject\exploit1\websource\Application\Runtime\Cache\Summary\6eb5b218b549795f702b64cc8c347e11.php 第 244 行.
NOTIC: [8] Undefined offset: 1 C:\xampp\htdocs\project\exploitproject\exploit1\websource\Application\Common\Common\function.php 第 520 行.
NOTIC: [8] Undefined offset: 1 C:\xampp\htdocs\project\exploitproject\exploit1\websource\Application\Common\Common\function.php 第 520 行.
NOTIC: [8] Undefined offset: 1 C:\xampp\htdocs\project\exploitproject\exploit1\websource\Application\Common\Common\function.php 第 520 行.
NOTIC: [8] Undefined offset: 1 C:\xampp\htdocs\project\exploitproject\exploit1\websource\Application\Common\Common\function.php 第 520 行.
NOTIC: [2] Use of undefined constant status - assumed 'status' (this will throw an Error in a future version of PHP) C:\xampp\htdocs\project\exploitproject\exploit1\websource\Application\Runtime\Cache\Summary\6eb5b218b549795f702b64cc8c347e11.php 第 244 行.
NOTIC: [8] Undefined offset: 1 C:\xampp\htdocs\project\exploitproject\exploit1\websource\Application\Common\Common\function.php 第 520 行.
NOTIC: [8] Undefined offset: 1 C:\xampp\htdocs\project\exploitproject\exploit1\websource\Application\Common\Common\function.php 第 520 行.
NOTIC: [8] Undefined offset: 1 C:\xampp\htdocs\project\exploitproject\exploit1\websource\Application\Common\Common\function.php 第 520 行.
NOTIC: [8] Undefined offset: 1 C:\xampp\htdocs\project\exploitproject\exploit1\websource\Application\Common\Common\function.php 第 520 行.
NOTIC: [2] Use of undefined constant status - assumed 'status' (this will throw an Error in a future version of PHP) C:\xampp\htdocs\project\exploitproject\exploit1\websource\Application\Runtime\Cache\Summary\6eb5b218b549795f702b64cc8c347e11.php 第 244 行.
NOTIC: [8] Undefined offset: 1 C:\xampp\htdocs\project\exploitproject\exploit1\websource\Application\Common\Common\function.php 第 520 行.
NOTIC: [8] Undefined offset: 1 C:\xampp\htdocs\project\exploitproject\exploit1\websource\Application\Common\Common\function.php 第 520 行.
NOTIC: [8] Undefined offset: 1 C:\xampp\htdocs\project\exploitproject\exploit1\websource\Application\Common\Common\function.php 第 520 行.
NOTIC: [8] Undefined offset: 1 C:\xampp\htdocs\project\exploitproject\exploit1\websource\Application\Common\Common\function.php 第 520 行.
NOTIC: [2] Use of undefined constant status - assumed 'status' (this will throw an Error in a future version of PHP) C:\xampp\htdocs\project\exploitproject\exploit1\websource\Application\Runtime\Cache\Summary\6eb5b218b549795f702b64cc8c347e11.php 第 244 行.
NOTIC: [8] Undefined offset: 1 C:\xampp\htdocs\project\exploitproject\exploit1\websource\Application\Common\Common\function.php 第 520 行.
NOTIC: [8] Undefined offset: 1 C:\xampp\htdocs\project\exploitproject\exploit1\websource\Application\Common\Common\function.php 第 520 行.
NOTIC: [8] Undefined offset: 1 C:\xampp\htdocs\project\exploitproject\exploit1\websource\Application\Common\Common\function.php 第 520 行.
NOTIC: [8] Undefined offset: 1 C:\xampp\htdocs\project\exploitproject\exploit1\websource\Application\Common\Common\function.php 第 520 行.
NOTIC: [2] Use of undefined constant status - assumed 'status' (this will throw an Error in a future version of PHP) C:\xampp\htdocs\project\exploitproject\exploit1\websource\Application\Runtime\Cache\Summary\6eb5b218b549795f702b64cc8c347e11.php 第 244 行.
NOTIC: [8] Undefined offset: 1 C:\xampp\htdocs\project\exploitproject\exploit1\websource\Application\Common\Common\function.php 第 520 行.
NOTIC: [8] Undefined offset: 1 C:\xampp\htdocs\project\exploitproject\exploit1\websource\Application\Common\Common\function.php 第 520 行.
NOTIC: [8] Undefined offset: 1 C:\xampp\htdocs\project\exploitproject\exploit1\websource\Application\Common\Common\function.php 第 520 行.
NOTIC: [8] Undefined offset: 1 C:\xampp\htdocs\project\exploitproject\exploit1\websource\Application\Common\Common\function.php 第 520 行.
NOTIC: [2] Use of undefined constant status - assumed 'status' (this will throw an Error in a future version of PHP) C:\xampp\htdocs\project\exploitproject\exploit1\websource\Application\Runtime\Cache\Summary\6eb5b218b549795f702b64cc8c347e11.php 第 244 行.
NOTIC: [8] Undefined offset: 1 C:\xampp\htdocs\project\exploitproject\exploit1\websource\Application\Common\Common\function.php 第 520 行.
NOTIC: [8] Undefined offset: 1 C:\xampp\htdocs\project\exploitproject\exploit1\websource\Application\Common\Common\function.php 第 520 行.
NOTIC: [8] Undefined offset: 1 C:\xampp\htdocs\project\exploitproject\exploit1\websource\Application\Common\Common\function.php 第 520 行.
NOTIC: [8] Undefined offset: 1 C:\xampp\htdocs\project\exploitproject\exploit1\websource\Application\Common\Common\function.php 第 520 行.
NOTIC: [2] Use of undefined constant status - assumed 'status' (this will throw an Error in a future version of PHP) C:\xampp\htdocs\project\exploitproject\exploit1\websource\Application\Runtime\Cache\Summary\6eb5b218b549795f702b64cc8c347e11.php 第 244 行.
NOTIC: [8] Undefined offset: 1 C:\xampp\htdocs\project\exploitproject\exploit1\websource\Application\Common\Common\function.php 第 520 行.
NOTIC: [8] Undefined offset: 1 C:\xampp\htdocs\project\exploitproject\exploit1\websource\Application\Common\Common\function.php 第 520 行.
NOTIC: [8] Undefined offset: 1 C:\xampp\htdocs\project\exploitproject\exploit1\websource\Application\Common\Common\function.php 第 520 行.
NOTIC: [8] Undefined offset: 1 C:\xampp\htdocs\project\exploitproject\exploit1\websource\Application\Common\Common\function.php 第 520 行.
INFO: Run Behavior\ParseTemplateBehavior [ RunTime:0.019873s ]
INFO: [ view_parse ] --END-- [ RunTime:0.019921s ]
INFO: [ view_filter ] --START--
INFO: Run Behavior\WriteHtmlCacheBehavior [ RunTime:0.000722s ]
INFO: [ view_filter ] --END-- [ RunTime:0.000782s ]
INFO: [ app_end ] --START--
INFO: Run Behavior\ShowPageTraceBehavior [ RunTime:0.001585s ]
INFO: [ app_end ] --END-- [ RunTime:0.001686s ]

