[ 2019-06-10T17:28:30+08:00 ] ::1 /index.php/Summary/SystemParameterSummary/index/func/search.html?funcid=X102505&__ajax=1
INFO: [ app_init ] --START--
INFO: Run Behavior\BuildLiteBehavior [ RunTime:0.000015s ]
INFO: [ app_init ] --END-- [ RunTime:0.000486s ]
INFO: [ app_begin ] --START--
INFO: Run Behavior\ReadHtmlCacheBehavior [ RunTime:0.001428s ]
INFO: [ app_begin ] --END-- [ RunTime:0.001532s ]
SQL: SHOW COLUMNS FROM `erp_user` [ RunTime:0.0039s ]
SQL: SELECT * FROM `erp_user` WHERE ( id = 1 ) LIMIT 1   [ RunTime:0.0003s ]
NOTIC: [8] Undefined index: customer_id C:\xampp\htdocs\project\exploitproject\exploit1\websource\Application\Home\Controller\BasicController.class.php 第 83 行.
NOTIC: [8] Undefined index: customer_id C:\xampp\htdocs\project\exploitproject\exploit1\websource\Application\Home\Controller\BasicController.class.php 第 91 行.
SQL: SHOW COLUMNS FROM `erp_system_parameter` [ RunTime:0.0033s ]
SQL: SELECT `value` FROM `erp_system_parameter` WHERE ( code = 'notice_open' AND status = 1 ) LIMIT 1   [ RunTime:0.0003s ]
SQL: SELECT `value` FROM `erp_system_parameter` WHERE ( code = 'notice_title' AND status = 1 ) LIMIT 1   [ RunTime:0.0003s ]
SQL: SHOW COLUMNS FROM `erp_node` [ RunTime:0.0051s ]
SQL: SELECT name as `key` FROM `erp_node` WHERE ( level = 3 AND module = '/Summary/SystemParameterSummary' )  [ RunTime:0.0005s ]
SQL: SELECT name as `key` FROM `erp_node` WHERE ( level = 3 AND module = '/Summary/SystemParameterSummary' )  [ RunTime:0.0005s ]
SQL: SHOW COLUMNS FROM `erp_user_summary_column` [ RunTime:0.0055s ]
SQL: SELECT * FROM `erp_user_summary_column` WHERE ( user_code='admin' AND summary='SystemParameterSummary' ) ORDER BY sort  [ RunTime:0.0003s ]
SQL: select count(*) as cnt from erp_system_parameter    where 1=1  [ RunTime:0.0003s ]
SQL: select  erp_system_parameter.status , erp_system_parameter.id , erp_system_parameter.type , erp_system_parameter.code , erp_system_parameter.name , erp_system_parameter.value , erp_system_parameter.remarks , erp_system_parameter.sort  from erp_system_parameter   Where 1=1   order by erp_system_parameter.sort LIMIT 0, 10 [ RunTime:0.0003s ]
INFO: [ view_parse ] --START--
INFO: [ template_filter ] --START--
INFO: Run Behavior\ContentReplaceBehavior [ RunTime:0.000088s ]
INFO: [ template_filter ] --END-- [ RunTime:0.000137s ]
NOTIC: [8] Undefined offset: 1 C:\xampp\htdocs\project\exploitproject\exploit1\websource\Application\Common\Common\function.php 第 520 行.
NOTIC: [2] Use of undefined constant status - assumed 'status' (this will throw an Error in a future version of PHP) C:\xampp\htdocs\project\exploitproject\exploit1\websource\Application\Runtime\Cache\Summary\44d4aae854f110ba2b7a494e231dbbca.php 第 188 行.
NOTIC: [8] Undefined offset: 1 C:\xampp\htdocs\project\exploitproject\exploit1\websource\Application\Common\Common\function.php 第 520 行.
NOTIC: [8] Undefined offset: 1 C:\xampp\htdocs\project\exploitproject\exploit1\websource\Application\Common\Common\function.php 第 520 行.
NOTIC: [8] Undefined offset: 1 C:\xampp\htdocs\project\exploitproject\exploit1\websource\Application\Common\Common\function.php 第 520 行.
NOTIC: [2] Use of undefined constant status - assumed 'status' (this will throw an Error in a future version of PHP) C:\xampp\htdocs\project\exploitproject\exploit1\websource\Application\Runtime\Cache\Summary\44d4aae854f110ba2b7a494e231dbbca.php 第 188 行.
NOTIC: [8] Undefined offset: 1 C:\xampp\htdocs\project\exploitproject\exploit1\websource\Application\Common\Common\function.php 第 520 行.
NOTIC: [8] Undefined offset: 1 C:\xampp\htdocs\project\exploitproject\exploit1\websource\Application\Common\Common\function.php 第 520 行.
NOTIC: [8] Undefined offset: 1 C:\xampp\htdocs\project\exploitproject\exploit1\websource\Application\Common\Common\function.php 第 520 行.
NOTIC: [2] Use of undefined constant status - assumed 'status' (this will throw an Error in a future version of PHP) C:\xampp\htdocs\project\exploitproject\exploit1\websource\Application\Runtime\Cache\Summary\44d4aae854f110ba2b7a494e231dbbca.php 第 188 行.
NOTIC: [8] Undefined offset: 1 C:\xampp\htdocs\project\exploitproject\exploit1\websource\Application\Common\Common\function.php 第 520 行.
NOTIC: [8] Undefined offset: 1 C:\xampp\htdocs\project\exploitproject\exploit1\websource\Application\Common\Common\function.php 第 520 行.
NOTIC: [8] Undefined offset: 1 C:\xampp\htdocs\project\exploitproject\exploit1\websource\Application\Common\Common\function.php 第 520 行.
NOTIC: [2] Use of undefined constant status - assumed 'status' (this will throw an Error in a future version of PHP) C:\xampp\htdocs\project\exploitproject\exploit1\websource\Application\Runtime\Cache\Summary\44d4aae854f110ba2b7a494e231dbbca.php 第 188 行.
NOTIC: [8] Undefined offset: 1 C:\xampp\htdocs\project\exploitproject\exploit1\websource\Application\Common\Common\function.php 第 520 行.
NOTIC: [8] Undefined offset: 1 C:\xampp\htdocs\project\exploitproject\exploit1\websource\Application\Common\Common\function.php 第 520 行.
NOTIC: [8] Undefined offset: 1 C:\xampp\htdocs\project\exploitproject\exploit1\websource\Application\Common\Common\function.php 第 520 行.
NOTIC: [2] Use of undefined constant status - assumed 'status' (this will throw an Error in a future version of PHP) C:\xampp\htdocs\project\exploitproject\exploit1\websource\Application\Runtime\Cache\Summary\44d4aae854f110ba2b7a494e231dbbca.php 第 188 行.
NOTIC: [8] Undefined offset: 1 C:\xampp\htdocs\project\exploitproject\exploit1\websource\Application\Common\Common\function.php 第 520 行.
NOTIC: [8] Undefined offset: 1 C:\xampp\htdocs\project\exploitproject\exploit1\websource\Application\Common\Common\function.php 第 520 行.
NOTIC: [8] Undefined offset: 1 C:\xampp\htdocs\project\exploitproject\exploit1\websource\Application\Common\Common\function.php 第 520 行.
INFO: Run Behavior\ParseTemplateBehavior [ RunTime:0.014177s ]
INFO: [ view_parse ] --END-- [ RunTime:0.014246s ]
INFO: [ view_filter ] --START--
INFO: Run Behavior\WriteHtmlCacheBehavior [ RunTime:0.000587s ]
INFO: [ view_filter ] --END-- [ RunTime:0.000628s ]
INFO: [ app_end ] --START--
INFO: Run Behavior\ShowPageTraceBehavior [ RunTime:0.001019s ]
INFO: [ app_end ] --END-- [ RunTime:0.001128s ]

[ 2019-06-10T17:31:42+08:00 ] ::1 /index.php/Summary/SystemParameterSummary/index/func/search.html?funcid=X102505&__ajax=1
INFO: [ app_init ] --START--
INFO: Run Behavior\BuildLiteBehavior [ RunTime:0.000016s ]
INFO: [ app_init ] --END-- [ RunTime:0.000573s ]
INFO: [ app_begin ] --START--
INFO: Run Behavior\ReadHtmlCacheBehavior [ RunTime:0.000853s ]
INFO: [ app_begin ] --END-- [ RunTime:0.000902s ]
SQL: SHOW COLUMNS FROM `erp_user` [ RunTime:0.0131s ]
SQL: SELECT * FROM `erp_user` WHERE ( id = 1 ) LIMIT 1   [ RunTime:0.0007s ]
NOTIC: [8] Undefined index: customer_id C:\xampp\htdocs\project\exploitproject\exploit1\websource\Application\Home\Controller\BasicController.class.php 第 83 行.
NOTIC: [8] Undefined index: customer_id C:\xampp\htdocs\project\exploitproject\exploit1\websource\Application\Home\Controller\BasicController.class.php 第 91 行.
SQL: SHOW COLUMNS FROM `erp_system_parameter` [ RunTime:0.0047s ]
SQL: SELECT `value` FROM `erp_system_parameter` WHERE ( code = 'notice_open' AND status = 1 ) LIMIT 1   [ RunTime:0.0003s ]
SQL: SELECT `value` FROM `erp_system_parameter` WHERE ( code = 'notice_title' AND status = 1 ) LIMIT 1   [ RunTime:0.0003s ]
SQL: SHOW COLUMNS FROM `erp_node` [ RunTime:0.0067s ]
SQL: SELECT name as `key` FROM `erp_node` WHERE ( level = 3 AND module = '/Summary/SystemParameterSummary' )  [ RunTime:0.0004s ]
SQL: SELECT name as `key` FROM `erp_node` WHERE ( level = 3 AND module = '/Summary/SystemParameterSummary' )  [ RunTime:0.0005s ]
SQL: SHOW COLUMNS FROM `erp_user_summary_column` [ RunTime:0.0051s ]
SQL: SELECT * FROM `erp_user_summary_column` WHERE ( user_code='admin' AND summary='SystemParameterSummary' ) ORDER BY sort  [ RunTime:0.0005s ]
SQL: select count(*) as cnt from erp_system_parameter    where 1=1  [ RunTime:0.0003s ]
SQL: select  erp_system_parameter.status , erp_system_parameter.id , erp_system_parameter.type , erp_system_parameter.code , erp_system_parameter.name , erp_system_parameter.value , erp_system_parameter.remarks , erp_system_parameter.sort  from erp_system_parameter   Where 1=1   order by erp_system_parameter.sort LIMIT 0, 10 [ RunTime:0.0003s ]
INFO: [ view_parse ] --START--
INFO: [ template_filter ] --START--
INFO: Run Behavior\ContentReplaceBehavior [ RunTime:0.000100s ]
INFO: [ template_filter ] --END-- [ RunTime:0.000222s ]
NOTIC: [8] Undefined offset: 1 C:\xampp\htdocs\project\exploitproject\exploit1\websource\Application\Common\Common\function.php 第 520 行.
NOTIC: [2] Use of undefined constant status - assumed 'status' (this will throw an Error in a future version of PHP) C:\xampp\htdocs\project\exploitproject\exploit1\websource\Application\Runtime\Cache\Summary\44d4aae854f110ba2b7a494e231dbbca.php 第 188 行.
NOTIC: [8] Undefined offset: 1 C:\xampp\htdocs\project\exploitproject\exploit1\websource\Application\Common\Common\function.php 第 520 行.
NOTIC: [8] Undefined offset: 1 C:\xampp\htdocs\project\exploitproject\exploit1\websource\Application\Common\Common\function.php 第 520 行.
NOTIC: [8] Undefined offset: 1 C:\xampp\htdocs\project\exploitproject\exploit1\websource\Application\Common\Common\function.php 第 520 行.
NOTIC: [2] Use of undefined constant status - assumed 'status' (this will throw an Error in a future version of PHP) C:\xampp\htdocs\project\exploitproject\exploit1\websource\Application\Runtime\Cache\Summary\44d4aae854f110ba2b7a494e231dbbca.php 第 188 行.
NOTIC: [8] Undefined offset: 1 C:\xampp\htdocs\project\exploitproject\exploit1\websource\Application\Common\Common\function.php 第 520 行.
NOTIC: [8] Undefined offset: 1 C:\xampp\htdocs\project\exploitproject\exploit1\websource\Application\Common\Common\function.php 第 520 行.
NOTIC: [8] Undefined offset: 1 C:\xampp\htdocs\project\exploitproject\exploit1\websource\Application\Common\Common\function.php 第 520 行.
NOTIC: [2] Use of undefined constant status - assumed 'status' (this will throw an Error in a future version of PHP) C:\xampp\htdocs\project\exploitproject\exploit1\websource\Application\Runtime\Cache\Summary\44d4aae854f110ba2b7a494e231dbbca.php 第 188 行.
NOTIC: [8] Undefined offset: 1 C:\xampp\htdocs\project\exploitproject\exploit1\websource\Application\Common\Common\function.php 第 520 行.
NOTIC: [8] Undefined offset: 1 C:\xampp\htdocs\project\exploitproject\exploit1\websource\Application\Common\Common\function.php 第 520 行.
NOTIC: [8] Undefined offset: 1 C:\xampp\htdocs\project\exploitproject\exploit1\websource\Application\Common\Common\function.php 第 520 行.
NOTIC: [2] Use of undefined constant status - assumed 'status' (this will throw an Error in a future version of PHP) C:\xampp\htdocs\project\exploitproject\exploit1\websource\Application\Runtime\Cache\Summary\44d4aae854f110ba2b7a494e231dbbca.php 第 188 行.
NOTIC: [8] Undefined offset: 1 C:\xampp\htdocs\project\exploitproject\exploit1\websource\Application\Common\Common\function.php 第 520 行.
NOTIC: [8] Undefined offset: 1 C:\xampp\htdocs\project\exploitproject\exploit1\websource\Application\Common\Common\function.php 第 520 行.
NOTIC: [8] Undefined offset: 1 C:\xampp\htdocs\project\exploitproject\exploit1\websource\Application\Common\Common\function.php 第 520 行.
NOTIC: [2] Use of undefined constant status - assumed 'status' (this will throw an Error in a future version of PHP) C:\xampp\htdocs\project\exploitproject\exploit1\websource\Application\Runtime\Cache\Summary\44d4aae854f110ba2b7a494e231dbbca.php 第 188 行.
NOTIC: [8] Undefined offset: 1 C:\xampp\htdocs\project\exploitproject\exploit1\websource\Application\Common\Common\function.php 第 520 行.
NOTIC: [8] Undefined offset: 1 C:\xampp\htdocs\project\exploitproject\exploit1\websource\Application\Common\Common\function.php 第 520 行.
NOTIC: [8] Undefined offset: 1 C:\xampp\htdocs\project\exploitproject\exploit1\websource\Application\Common\Common\function.php 第 520 行.
INFO: Run Behavior\ParseTemplateBehavior [ RunTime:0.014005s ]
INFO: [ view_parse ] --END-- [ RunTime:0.014055s ]
INFO: [ view_filter ] --START--
INFO: Run Behavior\WriteHtmlCacheBehavior [ RunTime:0.000754s ]
INFO: [ view_filter ] --END-- [ RunTime:0.000795s ]
INFO: [ app_end ] --START--
INFO: Run Behavior\ShowPageTraceBehavior [ RunTime:0.001144s ]
INFO: [ app_end ] --END-- [ RunTime:0.001195s ]

[ 2019-06-10T17:32:10+08:00 ] ::1 /index.php/Summary/SubcodeSummary/index/func/search.html?funcid=X102510&__ajax=1
INFO: [ app_init ] --START--
INFO: Run Behavior\BuildLiteBehavior [ RunTime:0.000015s ]
INFO: [ app_init ] --END-- [ RunTime:0.000471s ]
INFO: [ app_begin ] --START--
INFO: Run Behavior\ReadHtmlCacheBehavior [ RunTime:0.000786s ]
INFO: [ app_begin ] --END-- [ RunTime:0.000832s ]
SQL: SHOW COLUMNS FROM `erp_user` [ RunTime:0.0074s ]
SQL: SELECT * FROM `erp_user` WHERE ( id = 1 ) LIMIT 1   [ RunTime:0.0007s ]
NOTIC: [8] Undefined index: customer_id C:\xampp\htdocs\project\exploitproject\exploit1\websource\Application\Home\Controller\BasicController.class.php 第 83 行.
NOTIC: [8] Undefined index: customer_id C:\xampp\htdocs\project\exploitproject\exploit1\websource\Application\Home\Controller\BasicController.class.php 第 91 行.
SQL: SHOW COLUMNS FROM `erp_system_parameter` [ RunTime:0.0078s ]
SQL: SELECT `value` FROM `erp_system_parameter` WHERE ( code = 'notice_open' AND status = 1 ) LIMIT 1   [ RunTime:0.0006s ]
SQL: SELECT `value` FROM `erp_system_parameter` WHERE ( code = 'notice_title' AND status = 1 ) LIMIT 1   [ RunTime:0.0005s ]
SQL: SHOW COLUMNS FROM `erp_node` [ RunTime:0.0081s ]
SQL: SELECT name as `key` FROM `erp_node` WHERE ( level = 3 AND module = '/Summary/SubcodeSummary' )  [ RunTime:0.0007s ]
SQL: SELECT name as `key` FROM `erp_node` WHERE ( level = 3 AND module = '/Summary/SubcodeSummary' )  [ RunTime:0.0006s ]
SQL: SHOW COLUMNS FROM `erp_user_summary_column` [ RunTime:0.0093s ]
SQL: SELECT * FROM `erp_user_summary_column` WHERE ( user_code='admin' AND summary='SubcodeSummary' ) ORDER BY sort  [ RunTime:0.0008s ]
SQL: select count(*) as cnt from erp_subcode    where 1=1  [ RunTime:0.0038s ]
SQL: select  erp_subcode.status , erp_subcode.id , erp_subcode.type , erp_subcode.parent_id , erp_subcode.code , erp_subcode.name , erp_subcode.value , erp_subcode.sort , erp_subcode.create_time , erp_subcode.modify_time  from erp_subcode   Where 1=1   order by erp_subcode.sort LIMIT 0, 10 [ RunTime:0.0007s ]
INFO: [ view_parse ] --START--
INFO: [ template_filter ] --START--
INFO: Run Behavior\ContentReplaceBehavior [ RunTime:0.000229s ]
INFO: [ template_filter ] --END-- [ RunTime:0.000356s ]
NOTIC: [8] Undefined offset: 1 C:\xampp\htdocs\project\exploitproject\exploit1\websource\Application\Common\Common\function.php 第 520 行.
NOTIC: [2] Use of undefined constant status - assumed 'status' (this will throw an Error in a future version of PHP) C:\xampp\htdocs\project\exploitproject\exploit1\websource\Application\Runtime\Cache\Summary\81cb7d8f108cd7388276130a8359a769.php 第 181 行.
NOTIC: [8] Undefined offset: 1 C:\xampp\htdocs\project\exploitproject\exploit1\websource\Application\Common\Common\function.php 第 520 行.
NOTIC: [8] Undefined offset: 1 C:\xampp\htdocs\project\exploitproject\exploit1\websource\Application\Common\Common\function.php 第 520 行.
NOTIC: [2] Use of undefined constant status - assumed 'status' (this will throw an Error in a future version of PHP) C:\xampp\htdocs\project\exploitproject\exploit1\websource\Application\Runtime\Cache\Summary\81cb7d8f108cd7388276130a8359a769.php 第 181 行.
NOTIC: [8] Undefined offset: 1 C:\xampp\htdocs\project\exploitproject\exploit1\websource\Application\Common\Common\function.php 第 520 行.
NOTIC: [8] Undefined offset: 1 C:\xampp\htdocs\project\exploitproject\exploit1\websource\Application\Common\Common\function.php 第 520 行.
NOTIC: [2] Use of undefined constant status - assumed 'status' (this will throw an Error in a future version of PHP) C:\xampp\htdocs\project\exploitproject\exploit1\websource\Application\Runtime\Cache\Summary\81cb7d8f108cd7388276130a8359a769.php 第 181 行.
NOTIC: [8] Undefined offset: 1 C:\xampp\htdocs\project\exploitproject\exploit1\websource\Application\Common\Common\function.php 第 520 行.
NOTIC: [8] Undefined offset: 1 C:\xampp\htdocs\project\exploitproject\exploit1\websource\Application\Common\Common\function.php 第 520 行.
NOTIC: [2] Use of undefined constant status - assumed 'status' (this will throw an Error in a future version of PHP) C:\xampp\htdocs\project\exploitproject\exploit1\websource\Application\Runtime\Cache\Summary\81cb7d8f108cd7388276130a8359a769.php 第 181 行.
NOTIC: [8] Undefined offset: 1 C:\xampp\htdocs\project\exploitproject\exploit1\websource\Application\Common\Common\function.php 第 520 行.
NOTIC: [8] Undefined offset: 1 C:\xampp\htdocs\project\exploitproject\exploit1\websource\Application\Common\Common\function.php 第 520 行.
NOTIC: [2] Use of undefined constant status - assumed 'status' (this will throw an Error in a future version of PHP) C:\xampp\htdocs\project\exploitproject\exploit1\websource\Application\Runtime\Cache\Summary\81cb7d8f108cd7388276130a8359a769.php 第 181 行.
NOTIC: [8] Undefined offset: 1 C:\xampp\htdocs\project\exploitproject\exploit1\websource\Application\Common\Common\function.php 第 520 行.
NOTIC: [8] Undefined offset: 1 C:\xampp\htdocs\project\exploitproject\exploit1\websource\Application\Common\Common\function.php 第 520 行.
NOTIC: [2] Use of undefined constant status - assumed 'status' (this will throw an Error in a future version of PHP) C:\xampp\htdocs\project\exploitproject\exploit1\websource\Application\Runtime\Cache\Summary\81cb7d8f108cd7388276130a8359a769.php 第 181 行.
NOTIC: [8] Undefined offset: 1 C:\xampp\htdocs\project\exploitproject\exploit1\websource\Application\Common\Common\function.php 第 520 行.
NOTIC: [8] Undefined offset: 1 C:\xampp\htdocs\project\exploitproject\exploit1\websource\Application\Common\Common\function.php 第 520 行.
INFO: Run Behavior\ParseTemplateBehavior [ RunTime:0.033765s ]
INFO: [ view_parse ] --END-- [ RunTime:0.033866s ]
INFO: [ view_filter ] --START--
INFO: Run Behavior\WriteHtmlCacheBehavior [ RunTime:0.001121s ]
INFO: [ view_filter ] --END-- [ RunTime:0.001216s ]
INFO: [ app_end ] --START--
INFO: Run Behavior\ShowPageTraceBehavior [ RunTime:0.001497s ]
INFO: [ app_end ] --END-- [ RunTime:0.001624s ]

