2019-04-19 16:46:08.781 [Thread-5] INFO  com.scienjus.smartqq.client.SmartQQApi -
				开始获取二维码
2019-04-19 16:46:09.015 [Thread-5] INFO  com.scienjus.smartqq.client.SmartQQApi -
				二维码已保存在 C:\xampp\htdocs\project\exploitproject\exploit1\websource\.idea\SmartIM\smartqq.jpg 文件中，请打开手机QQ并扫描二维码
2019-04-19 16:46:09.016 [Thread-5] DEBUG com.scienjus.smartqq.client.SmartQQApi -
				等待扫描二维码
2019-04-19 16:46:17.186 [Thread-6] INFO  com.scienjus.smartqq.client.SmartQQApi -
				开始获取二维码
2019-04-19 16:46:17.261 [Thread-6] INFO  com.scienjus.smartqq.client.SmartQQApi -
				二维码已保存在 C:\xampp\htdocs\project\exploitproject\exploit1\websource\.idea\SmartIM\smartqq.jpg 文件中，请打开手机QQ并扫描二维码
2019-04-19 16:46:17.263 [Thread-6] DEBUG com.scienjus.smartqq.client.SmartQQApi -
				等待扫描二维码
2019-04-19 16:46:42.802 [Thread-7] INFO  com.scienjus.smartqq.client.SmartQQApi -
				开始获取二维码
2019-04-19 16:46:42.873 [Thread-7] INFO  com.scienjus.smartqq.client.SmartQQApi -
				二维码已保存在 C:\xampp\htdocs\project\exploitproject\exploit1\websource\.idea\SmartIM\smartqq.jpg 文件中，请打开手机QQ并扫描二维码
2019-04-19 16:46:42.874 [Thread-7] DEBUG com.scienjus.smartqq.client.SmartQQApi -
				等待扫描二维码
2019-04-19 16:47:09.292 [Thread-5] ERROR com.scienjus.smartqq.client.SmartQQClient -
				登录失败
java.lang.RuntimeException: 验证二维码超时
	at com.scienjus.smartqq.client.SmartQQApi.verifyQRCode(SmartQQApi.java:188)
	at com.scienjus.smartqq.client.SmartQQApi.login(SmartQQApi.java:109)
	at com.scienjus.smartqq.client.SmartQQClient.login(SmartQQClient.java:195)
	at cn.ieclipse.smartim.actions.LoginAction$1.run(LoginAction.java:31)
2019-04-19 16:47:17.267 [Thread-6] ERROR com.scienjus.smartqq.client.SmartQQClient -
				登录失败
java.lang.RuntimeException: 验证二维码超时
	at com.scienjus.smartqq.client.SmartQQApi.verifyQRCode(SmartQQApi.java:188)
	at com.scienjus.smartqq.client.SmartQQApi.login(SmartQQApi.java:109)
	at com.scienjus.smartqq.client.SmartQQClient.login(SmartQQClient.java:195)
	at cn.ieclipse.smartim.actions.LoginAction$1.run(LoginAction.java:31)
2019-04-19 16:47:42.885 [Thread-7] ERROR com.scienjus.smartqq.client.SmartQQClient -
				登录失败
java.lang.RuntimeException: 验证二维码超时
	at com.scienjus.smartqq.client.SmartQQApi.verifyQRCode(SmartQQApi.java:188)
	at com.scienjus.smartqq.client.SmartQQApi.login(SmartQQApi.java:109)
	at com.scienjus.smartqq.client.SmartQQClient.login(SmartQQClient.java:195)
	at cn.ieclipse.smartim.actions.LoginAction$1.run(LoginAction.java:31)
2019-04-19 16:47:53.885 [Thread-16] INFO  com.scienjus.smartqq.client.SmartQQApi -
				开始获取二维码
2019-04-19 16:47:53.939 [Thread-16] INFO  com.scienjus.smartqq.client.SmartQQApi -
				二维码已保存在 C:\xampp\htdocs\project\exploitproject\exploit1\websource\.idea\SmartIM\smartqq.jpg 文件中，请打开手机QQ并扫描二维码
2019-04-19 16:47:53.940 [Thread-16] DEBUG com.scienjus.smartqq.client.SmartQQApi -
				等待扫描二维码
2019-04-19 16:48:09.934 [Thread-16] INFO  com.scienjus.smartqq.client.SmartQQApi -
				二维码已失效，尝试重新获取二维码
2019-04-19 16:48:09.935 [Thread-16] ERROR com.scienjus.smartqq.client.SmartQQClient -
				登录失败
java.lang.RuntimeException: 二维码已失效
	at com.scienjus.smartqq.client.SmartQQApi.verifyQRCode(SmartQQApi.java:184)
	at com.scienjus.smartqq.client.SmartQQApi.login(SmartQQApi.java:109)
	at com.scienjus.smartqq.client.SmartQQClient.login(SmartQQClient.java:195)
	at cn.ieclipse.smartim.actions.LoginAction$1.run(LoginAction.java:31)
2019-04-19 16:50:16.153 [Thread-18] INFO  com.scienjus.smartqq.client.SmartQQApi -
				开始获取二维码
2019-04-19 16:50:16.415 [Thread-18] INFO  com.scienjus.smartqq.client.SmartQQApi -
				二维码已保存在 C:\xampp\htdocs\project\exploitproject\exploit1\websource\.idea\SmartIM\smartqq.jpg 文件中，请打开手机QQ并扫描二维码
2019-04-19 16:50:16.415 [Thread-18] DEBUG com.scienjus.smartqq.client.SmartQQApi -
				等待扫描二维码
2019-04-19 16:50:20.409 [Thread-19] INFO  com.scienjus.smartqq.client.SmartQQApi -
				开始获取二维码
2019-04-19 16:50:20.481 [Thread-19] INFO  com.scienjus.smartqq.client.SmartQQApi -
				二维码已保存在 C:\xampp\htdocs\project\exploitproject\exploit1\websource\.idea\SmartIM\smartqq.jpg 文件中，请打开手机QQ并扫描二维码
2019-04-19 16:50:20.481 [Thread-19] DEBUG com.scienjus.smartqq.client.SmartQQApi -
				等待扫描二维码
2019-04-19 16:51:16.471 [Thread-18] ERROR com.scienjus.smartqq.client.SmartQQClient -
				登录失败
java.lang.RuntimeException: 验证二维码超时
	at com.scienjus.smartqq.client.SmartQQApi.verifyQRCode(SmartQQApi.java:188)
	at com.scienjus.smartqq.client.SmartQQApi.login(SmartQQApi.java:109)
	at com.scienjus.smartqq.client.SmartQQClient.login(SmartQQClient.java:195)
	at cn.ieclipse.smartim.actions.LoginAction$1.run(LoginAction.java:31)
2019-04-19 16:51:20.527 [Thread-19] ERROR com.scienjus.smartqq.client.SmartQQClient -
				登录失败
java.lang.RuntimeException: 验证二维码超时
	at com.scienjus.smartqq.client.SmartQQApi.verifyQRCode(SmartQQApi.java:188)
	at com.scienjus.smartqq.client.SmartQQApi.login(SmartQQApi.java:109)
	at com.scienjus.smartqq.client.SmartQQClient.login(SmartQQClient.java:195)
	at cn.ieclipse.smartim.actions.LoginAction$1.run(LoginAction.java:31)
2019-04-19 16:53:14.386 [Thread-24] INFO  com.scienjus.smartqq.client.SmartQQApi -
				开始获取二维码
2019-04-19 16:53:14.599 [Thread-24] INFO  com.scienjus.smartqq.client.SmartQQApi -
				二维码已保存在 C:\xampp\htdocs\project\exploitproject\exploit1\websource\.idea\SmartIM\smartqq.jpg 文件中，请打开手机QQ并扫描二维码
2019-04-19 16:53:14.600 [Thread-24] DEBUG com.scienjus.smartqq.client.SmartQQApi -
				等待扫描二维码
2019-04-19 16:53:15.663 [Thread-24] INFO  com.scienjus.smartqq.client.SmartQQApi -
				二维码已失效，尝试重新获取二维码
2019-04-19 16:53:15.665 [Thread-24] ERROR com.scienjus.smartqq.client.SmartQQClient -
				登录失败
java.lang.RuntimeException: 二维码已失效
	at com.scienjus.smartqq.client.SmartQQApi.verifyQRCode(SmartQQApi.java:184)
	at com.scienjus.smartqq.client.SmartQQApi.login(SmartQQApi.java:109)
	at com.scienjus.smartqq.client.SmartQQClient.login(SmartQQClient.java:195)
	at cn.ieclipse.smartim.actions.LoginAction$1.run(LoginAction.java:31)
2019-04-19 16:55:35.204 [Thread-5] INFO  com.scienjus.smartqq.client.SmartQQApi -
				开始获取二维码
2019-04-19 16:55:35.422 [Thread-5] INFO  com.scienjus.smartqq.client.SmartQQApi -
				二维码已保存在 C:\xampp\htdocs\project\exploitproject\exploit1\websource\.idea\SmartIM\smartqq.jpg 文件中，请打开手机QQ并扫描二维码
2019-04-19 16:55:35.423 [Thread-5] DEBUG com.scienjus.smartqq.client.SmartQQApi -
				等待扫描二维码
2019-04-19 16:55:39.164 [Thread-6] INFO  com.scienjus.smartqq.client.SmartQQApi -
				开始获取二维码
2019-04-19 16:55:39.233 [Thread-6] INFO  com.scienjus.smartqq.client.SmartQQApi -
				二维码已保存在 C:\xampp\htdocs\project\exploitproject\exploit1\websource\.idea\SmartIM\smartqq.jpg 文件中，请打开手机QQ并扫描二维码
2019-04-19 16:55:39.233 [Thread-6] DEBUG com.scienjus.smartqq.client.SmartQQApi -
				等待扫描二维码
2019-04-19 16:56:35.458 [Thread-5] ERROR com.scienjus.smartqq.client.SmartQQClient -
				登录失败
java.lang.RuntimeException: 验证二维码超时
	at com.scienjus.smartqq.client.SmartQQApi.verifyQRCode(SmartQQApi.java:188)
	at com.scienjus.smartqq.client.SmartQQApi.login(SmartQQApi.java:109)
	at com.scienjus.smartqq.client.SmartQQClient.login(SmartQQClient.java:195)
	at cn.ieclipse.smartim.actions.LoginAction$1.run(LoginAction.java:31)
2019-04-19 16:56:39.312 [Thread-6] ERROR com.scienjus.smartqq.client.SmartQQClient -
				登录失败
java.lang.RuntimeException: 验证二维码超时
	at com.scienjus.smartqq.client.SmartQQApi.verifyQRCode(SmartQQApi.java:188)
	at com.scienjus.smartqq.client.SmartQQApi.login(SmartQQApi.java:109)
	at com.scienjus.smartqq.client.SmartQQClient.login(SmartQQClient.java:195)
	at cn.ieclipse.smartim.actions.LoginAction$1.run(LoginAction.java:31)
2019-04-19 23:22:36.930 [Thread-5] INFO  com.scienjus.smartqq.client.SmartQQApi -
				开始获取二维码
2019-04-19 23:22:37.097 [Thread-5] INFO  com.scienjus.smartqq.client.SmartQQApi -
				二维码已保存在 C:\xampp\htdocs\project\exploitproject\exploit1\websource\.idea\SmartIM\smartqq.jpg 文件中，请打开手机QQ并扫描二维码
2019-04-19 23:22:37.097 [Thread-5] DEBUG com.scienjus.smartqq.client.SmartQQApi -
				等待扫描二维码
2019-04-19 23:22:43.369 [Thread-5] INFO  com.scienjus.smartqq.client.SmartQQApi -
				正在登录，请稍后
2019-04-19 23:22:43.370 [Thread-5] INFO  com.scienjus.smartqq.client.SmartQQApi -
				开始获取ptwebqq
2019-04-19 23:22:43.890 [Thread-5] INFO  com.scienjus.smartqq.client.SmartQQApi -
				开始获取vfwebqq
2019-04-19 23:22:43.904 [Thread-5] ERROR com.scienjus.smartqq.client.SmartQQClient -
				登录失败
java.net.SocketException: Network is unreachable: connect
	at java.net.TwoStacksPlainSocketImpl.socketConnect(Native Method)
	at java.net.AbstractPlainSocketImpl.doConnect(AbstractPlainSocketImpl.java:350)
	at java.net.AbstractPlainSocketImpl.connectToAddress(AbstractPlainSocketImpl.java:206)
	at java.net.AbstractPlainSocketImpl.connect(AbstractPlainSocketImpl.java:188)
	at java.net.PlainSocketImpl.connect(PlainSocketImpl.java:172)
	at java.net.SocksSocketImpl.connect(SocksSocketImpl.java:392)
	at java.net.Socket.connect(Socket.java:589)
	at okhttp3.internal.platform.Platform.connectSocket(Platform.java:124)
	at okhttp3.internal.connection.RealConnection.connectSocket(RealConnection.java:223)
	at okhttp3.internal.connection.RealConnection.connect(RealConnection.java:149)
	at okhttp3.internal.connection.StreamAllocation.findConnection(StreamAllocation.java:195)
	at okhttp3.internal.connection.StreamAllocation.findHealthyConnection(StreamAllocation.java:121)
	at okhttp3.internal.connection.StreamAllocation.newStream(StreamAllocation.java:100)
	at okhttp3.internal.connection.ConnectInterceptor.intercept(ConnectInterceptor.java:42)
	at okhttp3.internal.http.RealInterceptorChain.proceed(RealInterceptorChain.java:92)
	at okhttp3.internal.http.RealInterceptorChain.proceed(RealInterceptorChain.java:67)
	at okhttp3.internal.cache.CacheInterceptor.intercept(CacheInterceptor.java:93)
	at okhttp3.internal.http.RealInterceptorChain.proceed(RealInterceptorChain.java:92)
	at okhttp3.internal.http.RealInterceptorChain.proceed(RealInterceptorChain.java:67)
	at okhttp3.internal.http.BridgeInterceptor.intercept(BridgeInterceptor.java:93)
	at okhttp3.internal.http.RealInterceptorChain.proceed(RealInterceptorChain.java:92)
	at okhttp3.internal.http.RetryAndFollowUpInterceptor.intercept(RetryAndFollowUpInterceptor.java:120)
	at okhttp3.internal.http.RealInterceptorChain.proceed(RealInterceptorChain.java:92)
	at okhttp3.internal.http.RealInterceptorChain.proceed(RealInterceptorChain.java:67)
	at okhttp3.RealCall.getResponseWithInterceptorChain(RealCall.java:185)
	at okhttp3.RealCall.execute(RealCall.java:69)
	at com.scienjus.smartqq.client.SmartQQApi.get(SmartQQApi.java:505)
	at com.scienjus.smartqq.client.SmartQQApi.getVfwebqq(SmartQQApi.java:211)
	at com.scienjus.smartqq.client.SmartQQApi.login(SmartQQApi.java:111)
	at com.scienjus.smartqq.client.SmartQQClient.login(SmartQQClient.java:195)
	at cn.ieclipse.smartim.actions.LoginAction$1.run(LoginAction.java:31)
