[ 2019-07-11T17:23:47+08:00 ] ::1 /websource/
INFO: [ app_init ] --START--
INFO: Run Behavior\BuildLiteBehavior [ RunTime:0.000023s ]
INFO: [ app_init ] --END-- [ RunTime:0.000891s ]
INFO: [ app_begin ] --START--
INFO: Run Behavior\ReadHtmlCacheBehavior [ RunTime:0.001452s ]
INFO: [ app_begin ] --END-- [ RunTime:0.001518s ]
INFO: [ view_parse ] --START--
INFO: [ template_filter ] --START--
INFO: Run Behavior\ContentReplaceBehavior [ RunTime:0.000069s ]
INFO: [ template_filter ] --END-- [ RunTime:0.000125s ]
NOTIC: [8] Undefined variable: download C:\xampp\htdocs\project\exploitproject\学库\exploit1\websource\Application\Runtime\Cache\Home\25520d513124a6369605db6f8fa5dc6c.php 第 66 行.
INFO: Run Behavior\ParseTemplateBehavior [ RunTime:0.010904s ]
INFO: [ view_parse ] --END-- [ RunTime:0.010959s ]
INFO: [ view_filter ] --START--
INFO: Run Behavior\WriteHtmlCacheBehavior [ RunTime:0.001141s ]
INFO: [ view_filter ] --END-- [ RunTime:0.001270s ]
INFO: [ app_end ] --START--
INFO: Run Behavior\ShowPageTraceBehavior [ RunTime:0.002397s ]
INFO: [ app_end ] --END-- [ RunTime:0.002465s ]

[ 2019-07-11T17:23:47+08:00 ] ::1 /websource/index.php/Home/Auth/verify_captcha.html
INFO: [ app_init ] --START--
INFO: Run Behavior\BuildLiteBehavior [ RunTime:0.000015s ]
INFO: [ app_init ] --END-- [ RunTime:0.000564s ]
INFO: [ app_begin ] --START--
INFO: Run Behavior\ReadHtmlCacheBehavior [ RunTime:0.001606s ]
INFO: [ app_begin ] --END-- [ RunTime:0.001757s ]
NOTIC: [2] imagettftext(): Could not find/open font C:\xampp\htdocs\project\exploitproject\学库\exploit1\websource\ThinkPHP\Library\Think\Verify.class.php 第 166 行.
NOTIC: [2] imagettftext(): Could not find/open font C:\xampp\htdocs\project\exploitproject\学库\exploit1\websource\ThinkPHP\Library\Think\Verify.class.php 第 166 行.
NOTIC: [2] imagettftext(): Could not find/open font C:\xampp\htdocs\project\exploitproject\学库\exploit1\websource\ThinkPHP\Library\Think\Verify.class.php 第 166 行.
NOTIC: [2] imagettftext(): Could not find/open font C:\xampp\htdocs\project\exploitproject\学库\exploit1\websource\ThinkPHP\Library\Think\Verify.class.php 第 166 行.
INFO: [ app_end ] --START--
INFO: Run Behavior\ShowPageTraceBehavior [ RunTime:0.001608s ]
INFO: [ app_end ] --END-- [ RunTime:0.001728s ]

[ 2019-07-11T17:24:34+08:00 ] ::1 /
INFO: [ app_init ] --START--
INFO: Run Behavior\BuildLiteBehavior [ RunTime:0.000022s ]
INFO: [ app_init ] --END-- [ RunTime:0.000658s ]
INFO: [ app_begin ] --START--
INFO: Run Behavior\ReadHtmlCacheBehavior [ RunTime:0.000884s ]
INFO: [ app_begin ] --END-- [ RunTime:0.000945s ]
INFO: [ view_parse ] --START--
INFO: [ template_filter ] --START--
INFO: Run Behavior\ContentReplaceBehavior [ RunTime:0.000124s ]
INFO: [ template_filter ] --END-- [ RunTime:0.000229s ]
NOTIC: [8] Undefined variable: download C:\xampp\htdocs\project\exploitproject\学库\exploit1\websource\Application\Runtime\Cache\Home\25520d513124a6369605db6f8fa5dc6c.php 第 66 行.
INFO: Run Behavior\ParseTemplateBehavior [ RunTime:0.008286s ]
INFO: [ view_parse ] --END-- [ RunTime:0.008400s ]
INFO: [ view_filter ] --START--
INFO: Run Behavior\WriteHtmlCacheBehavior [ RunTime:0.000684s ]
INFO: [ view_filter ] --END-- [ RunTime:0.000732s ]
INFO: [ app_end ] --START--
INFO: Run Behavior\ShowPageTraceBehavior [ RunTime:0.000920s ]
INFO: [ app_end ] --END-- [ RunTime:0.000999s ]

[ 2019-07-11T17:24:34+08:00 ] ::1 /index.php/Home/Auth/verify_captcha.html
INFO: [ app_init ] --START--
INFO: Run Behavior\BuildLiteBehavior [ RunTime:0.000021s ]
INFO: [ app_init ] --END-- [ RunTime:0.000538s ]
INFO: [ app_begin ] --START--
INFO: Run Behavior\ReadHtmlCacheBehavior [ RunTime:0.000677s ]
INFO: [ app_begin ] --END-- [ RunTime:0.000731s ]
NOTIC: [2] imagettftext(): Could not find/open font C:\xampp\htdocs\project\exploitproject\学库\exploit1\websource\ThinkPHP\Library\Think\Verify.class.php 第 166 行.
NOTIC: [2] imagettftext(): Could not find/open font C:\xampp\htdocs\project\exploitproject\学库\exploit1\websource\ThinkPHP\Library\Think\Verify.class.php 第 166 行.
NOTIC: [2] imagettftext(): Could not find/open font C:\xampp\htdocs\project\exploitproject\学库\exploit1\websource\ThinkPHP\Library\Think\Verify.class.php 第 166 行.
NOTIC: [2] imagettftext(): Could not find/open font C:\xampp\htdocs\project\exploitproject\学库\exploit1\websource\ThinkPHP\Library\Think\Verify.class.php 第 166 行.
INFO: [ app_end ] --START--
INFO: Run Behavior\ShowPageTraceBehavior [ RunTime:0.002341s ]
INFO: [ app_end ] --END-- [ RunTime:0.002451s ]

[ 2019-07-11T17:24:36+08:00 ] ::1 /index.php/Home/Auth/loginAct
INFO: [ app_init ] --START--
INFO: Run Behavior\BuildLiteBehavior [ RunTime:0.000014s ]
INFO: [ app_init ] --END-- [ RunTime:0.000496s ]
INFO: [ app_begin ] --START--
INFO: Run Behavior\ReadHtmlCacheBehavior [ RunTime:0.001270s ]
INFO: [ app_begin ] --END-- [ RunTime:0.001356s ]
SQL: SHOW COLUMNS FROM `erp_user` [ RunTime:0.0068s ]
SQL: SELECT * FROM `erp_user` WHERE ( code='admin' ) LIMIT 1   [ RunTime:0.0099s ]
NOTIC: [8] Undefined index: customer_id C:\xampp\htdocs\project\exploitproject\学库\exploit1\websource\Application\Home\Controller\AuthController.class.php 第 58 行.
NOTIC: [8] Undefined index: customer_id C:\xampp\htdocs\project\exploitproject\学库\exploit1\websource\Application\Home\Controller\AuthController.class.php 第 70 行.
SQL: UPDATE `erp_user` SET `errpwd_count`='0' WHERE ( id=1 ) [ RunTime:0.0004s ]

[ 2019-07-11T17:24:36+08:00 ] ::1 /index.php/Home/Index/index
INFO: [ app_init ] --START--
INFO: Run Behavior\BuildLiteBehavior [ RunTime:0.000014s ]
INFO: [ app_init ] --END-- [ RunTime:0.000429s ]
INFO: [ app_begin ] --START--
INFO: Run Behavior\ReadHtmlCacheBehavior [ RunTime:0.001471s ]
INFO: [ app_begin ] --END-- [ RunTime:0.001557s ]
SQL: SHOW COLUMNS FROM `erp_user` [ RunTime:0.0014s ]
SQL: SELECT * FROM `erp_user` WHERE ( id = 1 ) LIMIT 1   [ RunTime:0.0006s ]
NOTIC: [8] Undefined index: customer_id C:\xampp\htdocs\project\exploitproject\学库\exploit1\websource\Application\Home\Controller\BasicController.class.php 第 83 行.
NOTIC: [8] Undefined index: customer_id C:\xampp\htdocs\project\exploitproject\学库\exploit1\websource\Application\Home\Controller\BasicController.class.php 第 91 行.
SQL: SHOW COLUMNS FROM `erp_system_parameter` [ RunTime:0.0047s ]
SQL: SELECT `value` FROM `erp_system_parameter` WHERE ( code = 'notice_open' AND status = 1 ) LIMIT 1   [ RunTime:0.0040s ]
SQL: SELECT `value` FROM `erp_system_parameter` WHERE ( code = 'notice_title' AND status = 1 ) LIMIT 1   [ RunTime:0.0003s ]
SQL: select node.id,node.name,node.module from erp_role as role,erp_role_user as user,erp_role_node as access ,erp_node as node where user.user_id='1' and user.role_id=role.id and ( access.role_id=role.id  or (access.role_id=role.pid and role.pid!=0 ) ) and role.status=1 and access.node_id=node.id  and node.status=1 [ RunTime:0.0164s ]
NOTIC: [8] Undefined index: APP C:\xampp\htdocs\project\exploitproject\学库\exploit1\websource\Application\Home\Controller\BasicController.class.php 第 124 行.
NOTIC: [8] Undefined index: customer_id C:\xampp\htdocs\project\exploitproject\学库\exploit1\websource\Application\Home\Controller\IndexController.class.php 第 12 行.
SQL: SHOW COLUMNS FROM `erp_node` [ RunTime:0.0011s ]
SQL: SELECT DISTINCT title,`name`,`id`,`is_admin`,`model`,`sort`,`ico`,`default_open` FROM erp_node as a WHERE (  a.level='1' AND status='1' and side='0' ) ORDER BY sort ASC,id ASC  [ RunTime:0.0006s ]
SQL: SELECT DISTINCT title,`name`,`pid`,`id`,`is_admin`,`model`,`sort`,`ico`,`default_open` FROM erp_node as a WHERE (  a.level='2' AND status='1' and side='0' ) ORDER BY sort ASC,id ASC  [ RunTime:0.0003s ]
SQL: SELECT DISTINCT title,`name`,`id`,`pid`,a.module,a.btn_name,`is_admin`,`model`,`sort`,`ico`,`default_open` FROM erp_node as a WHERE (  a.level='3' AND status='1' and side='0' ) ORDER BY sort ASC,id ASC  [ RunTime:0.0004s ]
SQL: SELECT `value` FROM `erp_system_parameter` WHERE ( code='notice_open' ) LIMIT 1   [ RunTime:0.0004s ]
SQL: SELECT `value` FROM `erp_system_parameter` WHERE ( code='notice_title' ) LIMIT 1   [ RunTime:0.0004s ]
INFO: [ view_parse ] --START--
INFO: [ template_filter ] --START--
INFO: Run Behavior\ContentReplaceBehavior [ RunTime:0.000065s ]
INFO: [ template_filter ] --END-- [ RunTime:0.000118s ]
NOTIC: [8] Undefined offset: 1 C:\xampp\htdocs\project\exploitproject\学库\exploit1\websource\Application\Common\Common\function.php 第 520 行.
INFO: Run Behavior\ParseTemplateBehavior [ RunTime:0.012911s ]
INFO: [ view_parse ] --END-- [ RunTime:0.012995s ]
INFO: [ view_filter ] --START--
INFO: Run Behavior\WriteHtmlCacheBehavior [ RunTime:0.000694s ]
INFO: [ view_filter ] --END-- [ RunTime:0.000762s ]
INFO: [ app_end ] --START--
INFO: Run Behavior\ShowPageTraceBehavior [ RunTime:0.001454s ]
INFO: [ app_end ] --END-- [ RunTime:0.001545s ]

[ 2019-07-11T17:26:30+08:00 ] ::1 /index.php/Home/EffectsCategory/index/func/search.html?funcid=X999901&__ajax=1
INFO: [ app_init ] --START--
INFO: Run Behavior\BuildLiteBehavior [ RunTime:0.000016s ]
INFO: [ app_init ] --END-- [ RunTime:0.000582s ]
INFO: [ app_begin ] --START--
INFO: Run Behavior\ReadHtmlCacheBehavior [ RunTime:0.000847s ]
INFO: [ app_begin ] --END-- [ RunTime:0.000921s ]

[ 2019-07-11T17:26:51+08:00 ] ::1 /
INFO: [ app_init ] --START--
INFO: Run Behavior\BuildLiteBehavior [ RunTime:0.000035s ]
INFO: [ app_init ] --END-- [ RunTime:0.001076s ]
INFO: [ app_begin ] --START--
INFO: Run Behavior\ReadHtmlCacheBehavior [ RunTime:0.001125s ]
INFO: [ app_begin ] --END-- [ RunTime:0.001245s ]
INFO: [ view_parse ] --START--
INFO: [ template_filter ] --START--
INFO: Run Behavior\ContentReplaceBehavior [ RunTime:0.000049s ]
INFO: [ template_filter ] --END-- [ RunTime:0.000104s ]
NOTIC: [8] Undefined variable: download C:\xampp\htdocs\project\exploitproject\学库\exploit1\websource\Application\Runtime\Cache\Home\25520d513124a6369605db6f8fa5dc6c.php 第 66 行.
INFO: Run Behavior\ParseTemplateBehavior [ RunTime:0.008904s ]
INFO: [ view_parse ] --END-- [ RunTime:0.008963s ]
INFO: [ view_filter ] --START--
INFO: Run Behavior\WriteHtmlCacheBehavior [ RunTime:0.000679s ]
INFO: [ view_filter ] --END-- [ RunTime:0.000742s ]
INFO: [ app_end ] --START--
INFO: Run Behavior\ShowPageTraceBehavior [ RunTime:0.000869s ]
INFO: [ app_end ] --END-- [ RunTime:0.000920s ]

[ 2019-07-11T17:26:51+08:00 ] ::1 /index.php/Home/Auth/verify_captcha.html
INFO: [ app_init ] --START--
INFO: Run Behavior\BuildLiteBehavior [ RunTime:0.000015s ]
INFO: [ app_init ] --END-- [ RunTime:0.000425s ]
INFO: [ app_begin ] --START--
INFO: Run Behavior\ReadHtmlCacheBehavior [ RunTime:0.000702s ]
INFO: [ app_begin ] --END-- [ RunTime:0.000762s ]
NOTIC: [2] imagettftext(): Could not find/open font C:\xampp\htdocs\project\exploitproject\学库\exploit1\websource\ThinkPHP\Library\Think\Verify.class.php 第 166 行.
NOTIC: [2] imagettftext(): Could not find/open font C:\xampp\htdocs\project\exploitproject\学库\exploit1\websource\ThinkPHP\Library\Think\Verify.class.php 第 166 行.
NOTIC: [2] imagettftext(): Could not find/open font C:\xampp\htdocs\project\exploitproject\学库\exploit1\websource\ThinkPHP\Library\Think\Verify.class.php 第 166 行.
NOTIC: [2] imagettftext(): Could not find/open font C:\xampp\htdocs\project\exploitproject\学库\exploit1\websource\ThinkPHP\Library\Think\Verify.class.php 第 166 行.
INFO: [ app_end ] --START--
INFO: Run Behavior\ShowPageTraceBehavior [ RunTime:0.001155s ]
INFO: [ app_end ] --END-- [ RunTime:0.001238s ]

[ 2019-07-11T17:26:53+08:00 ] ::1 /index.php/Home/Auth/loginAct
INFO: [ app_init ] --START--
INFO: Run Behavior\BuildLiteBehavior [ RunTime:0.000015s ]
INFO: [ app_init ] --END-- [ RunTime:0.000419s ]
INFO: [ app_begin ] --START--
INFO: Run Behavior\ReadHtmlCacheBehavior [ RunTime:0.000760s ]
INFO: [ app_begin ] --END-- [ RunTime:0.000812s ]
SQL: SHOW COLUMNS FROM `erp_user` [ RunTime:0.0014s ]
SQL: SELECT * FROM `erp_user` WHERE ( code='admin' ) LIMIT 1   [ RunTime:0.0005s ]
NOTIC: [8] Undefined index: customer_id C:\xampp\htdocs\project\exploitproject\学库\exploit1\websource\Application\Home\Controller\AuthController.class.php 第 58 行.
NOTIC: [8] Undefined index: customer_id C:\xampp\htdocs\project\exploitproject\学库\exploit1\websource\Application\Home\Controller\AuthController.class.php 第 70 行.
SQL: UPDATE `erp_user` SET `errpwd_count`='0' WHERE ( id=1 ) [ RunTime:0.0004s ]

[ 2019-07-11T17:26:53+08:00 ] ::1 /index.php/Home/Index/index
INFO: [ app_init ] --START--
INFO: Run Behavior\BuildLiteBehavior [ RunTime:0.000015s ]
INFO: [ app_init ] --END-- [ RunTime:0.000787s ]
INFO: [ app_begin ] --START--
INFO: Run Behavior\ReadHtmlCacheBehavior [ RunTime:0.000924s ]
INFO: [ app_begin ] --END-- [ RunTime:0.000980s ]
SQL: SHOW COLUMNS FROM `erp_user` [ RunTime:0.0019s ]
SQL: SELECT * FROM `erp_user` WHERE ( id = 1 ) LIMIT 1   [ RunTime:0.0028s ]
NOTIC: [8] Undefined index: customer_id C:\xampp\htdocs\project\exploitproject\学库\exploit1\websource\Application\Home\Controller\BasicController.class.php 第 83 行.
NOTIC: [8] Undefined index: customer_id C:\xampp\htdocs\project\exploitproject\学库\exploit1\websource\Application\Home\Controller\BasicController.class.php 第 91 行.
SQL: SHOW COLUMNS FROM `erp_system_parameter` [ RunTime:0.0027s ]
SQL: SELECT `value` FROM `erp_system_parameter` WHERE ( code = 'notice_open' AND status = 1 ) LIMIT 1   [ RunTime:0.0020s ]
SQL: SELECT `value` FROM `erp_system_parameter` WHERE ( code = 'notice_title' AND status = 1 ) LIMIT 1   [ RunTime:0.0004s ]
SQL: select node.id,node.name,node.module from erp_role as role,erp_role_user as user,erp_role_node as access ,erp_node as node where user.user_id='1' and user.role_id=role.id and ( access.role_id=role.id  or (access.role_id=role.pid and role.pid!=0 ) ) and role.status=1 and access.node_id=node.id  and node.status=1 [ RunTime:0.0010s ]
NOTIC: [8] Undefined index: APP C:\xampp\htdocs\project\exploitproject\学库\exploit1\websource\Application\Home\Controller\BasicController.class.php 第 124 行.
NOTIC: [8] Undefined index: customer_id C:\xampp\htdocs\project\exploitproject\学库\exploit1\websource\Application\Home\Controller\IndexController.class.php 第 12 行.
SQL: SHOW COLUMNS FROM `erp_node` [ RunTime:0.0022s ]
SQL: SELECT DISTINCT title,`name`,`id`,`is_admin`,`model`,`sort`,`ico`,`default_open` FROM erp_node as a WHERE (  a.level='1' AND status='1' and side='0' ) ORDER BY sort ASC,id ASC  [ RunTime:0.0010s ]
SQL: SELECT DISTINCT title,`name`,`pid`,`id`,`is_admin`,`model`,`sort`,`ico`,`default_open` FROM erp_node as a WHERE (  a.level='2' AND status='1' and side='0' ) ORDER BY sort ASC,id ASC  [ RunTime:0.0005s ]
SQL: SELECT DISTINCT title,`name`,`id`,`pid`,a.module,a.btn_name,`is_admin`,`model`,`sort`,`ico`,`default_open` FROM erp_node as a WHERE (  a.level='3' AND status='1' and side='0' ) ORDER BY sort ASC,id ASC  [ RunTime:0.0004s ]
SQL: SELECT `value` FROM `erp_system_parameter` WHERE ( code='notice_open' ) LIMIT 1   [ RunTime:0.0003s ]
SQL: SELECT `value` FROM `erp_system_parameter` WHERE ( code='notice_title' ) LIMIT 1   [ RunTime:0.0002s ]
INFO: [ view_parse ] --START--
INFO: [ template_filter ] --START--
INFO: Run Behavior\ContentReplaceBehavior [ RunTime:0.000058s ]
INFO: [ template_filter ] --END-- [ RunTime:0.000110s ]
NOTIC: [8] Undefined offset: 1 C:\xampp\htdocs\project\exploitproject\学库\exploit1\websource\Application\Common\Common\function.php 第 520 行.
INFO: Run Behavior\ParseTemplateBehavior [ RunTime:0.011189s ]
INFO: [ view_parse ] --END-- [ RunTime:0.011289s ]
INFO: [ view_filter ] --START--
INFO: Run Behavior\WriteHtmlCacheBehavior [ RunTime:0.000971s ]
INFO: [ view_filter ] --END-- [ RunTime:0.001081s ]
INFO: [ app_end ] --START--
INFO: Run Behavior\ShowPageTraceBehavior [ RunTime:0.002311s ]
INFO: [ app_end ] --END-- [ RunTime:0.002425s ]

