[ 2019-07-04T14:45:50+08:00 ] ::1 /
INFO: [ app_init ] --START--
INFO: Run Behavior\BuildLiteBehavior [ RunTime:0.000039s ]
INFO: [ app_init ] --END-- [ RunTime:0.001028s ]
INFO: [ app_begin ] --START--
INFO: Run Behavior\ReadHtmlCacheBehavior [ RunTime:0.001382s ]
INFO: [ app_begin ] --END-- [ RunTime:0.001448s ]
INFO: [ view_parse ] --START--
INFO: [ template_filter ] --START--
INFO: Run Behavior\ContentReplaceBehavior [ RunTime:0.000055s ]
INFO: [ template_filter ] --END-- [ RunTime:0.000115s ]
NOTIC: [8] Undefined variable: download C:\xampp\htdocs\project\exploitproject\exploit1\websource\Application\Runtime\Cache\Home\25520d513124a6369605db6f8fa5dc6c.php 第 66 行.
INFO: Run Behavior\ParseTemplateBehavior [ RunTime:0.009627s ]
INFO: [ view_parse ] --END-- [ RunTime:0.009690s ]
INFO: [ view_filter ] --START--
INFO: Run Behavior\WriteHtmlCacheBehavior [ RunTime:0.001624s ]
INFO: [ view_filter ] --END-- [ RunTime:0.001724s ]
INFO: [ app_end ] --START--
INFO: Run Behavior\ShowPageTraceBehavior [ RunTime:0.001685s ]
INFO: [ app_end ] --END-- [ RunTime:0.001763s ]

[ 2019-07-04T14:45:50+08:00 ] ::1 /index.php/Home/Auth/verify_captcha.html
INFO: [ app_init ] --START--
INFO: Run Behavior\BuildLiteBehavior [ RunTime:0.000017s ]
INFO: [ app_init ] --END-- [ RunTime:0.000534s ]
INFO: [ app_begin ] --START--
INFO: Run Behavior\ReadHtmlCacheBehavior [ RunTime:0.000801s ]
INFO: [ app_begin ] --END-- [ RunTime:0.000864s ]
INFO: [ app_end ] --START--
INFO: Run Behavior\ShowPageTraceBehavior [ RunTime:0.001459s ]
INFO: [ app_end ] --END-- [ RunTime:0.001557s ]

[ 2019-07-04T14:45:54+08:00 ] ::1 /index.php/Home/Auth/loginAct
INFO: [ app_init ] --START--
INFO: Run Behavior\BuildLiteBehavior [ RunTime:0.000014s ]
INFO: [ app_init ] --END-- [ RunTime:0.000494s ]
INFO: [ app_begin ] --START--
INFO: Run Behavior\ReadHtmlCacheBehavior [ RunTime:0.000800s ]
INFO: [ app_begin ] --END-- [ RunTime:0.000848s ]
SQL: SHOW COLUMNS FROM `erp_user` [ RunTime:0.0016s ]
SQL: SELECT * FROM `erp_user` WHERE ( code='admin' ) LIMIT 1   [ RunTime:0.0009s ]
NOTIC: [8] Undefined index: customer_id C:\xampp\htdocs\project\exploitproject\exploit1\websource\Application\Home\Controller\AuthController.class.php 第 58 行.
NOTIC: [8] Undefined index: customer_id C:\xampp\htdocs\project\exploitproject\exploit1\websource\Application\Home\Controller\AuthController.class.php 第 70 行.
SQL: UPDATE `erp_user` SET `errpwd_count`='0' WHERE ( id=1 ) [ RunTime:0.0006s ]

[ 2019-07-04T14:45:54+08:00 ] ::1 /index.php/Home/Index/index
INFO: [ app_init ] --START--
INFO: Run Behavior\BuildLiteBehavior [ RunTime:0.000026s ]
INFO: [ app_init ] --END-- [ RunTime:0.000683s ]
INFO: [ app_begin ] --START--
INFO: Run Behavior\ReadHtmlCacheBehavior [ RunTime:0.000768s ]
INFO: [ app_begin ] --END-- [ RunTime:0.000822s ]
SQL: SHOW COLUMNS FROM `erp_user` [ RunTime:0.0012s ]
SQL: SELECT * FROM `erp_user` WHERE ( id = 1 ) LIMIT 1   [ RunTime:0.0005s ]
NOTIC: [8] Undefined index: customer_id C:\xampp\htdocs\project\exploitproject\exploit1\websource\Application\Home\Controller\BasicController.class.php 第 83 行.
NOTIC: [8] Undefined index: customer_id C:\xampp\htdocs\project\exploitproject\exploit1\websource\Application\Home\Controller\BasicController.class.php 第 91 行.
SQL: SHOW COLUMNS FROM `erp_system_parameter` [ RunTime:0.0010s ]
SQL: SELECT `value` FROM `erp_system_parameter` WHERE ( code = 'notice_open' AND status = 1 ) LIMIT 1   [ RunTime:0.0006s ]
SQL: SELECT `value` FROM `erp_system_parameter` WHERE ( code = 'notice_title' AND status = 1 ) LIMIT 1   [ RunTime:0.0003s ]
SQL: select node.id,node.name,node.module from erp_role as role,erp_role_user as user,erp_role_node as access ,erp_node as node where user.user_id='1' and user.role_id=role.id and ( access.role_id=role.id  or (access.role_id=role.pid and role.pid!=0 ) ) and role.status=1 and access.node_id=node.id  and node.status=1 [ RunTime:0.0057s ]
NOTIC: [8] Undefined index: APP C:\xampp\htdocs\project\exploitproject\exploit1\websource\Application\Home\Controller\BasicController.class.php 第 124 行.
NOTIC: [8] Undefined index: customer_id C:\xampp\htdocs\project\exploitproject\exploit1\websource\Application\Home\Controller\IndexController.class.php 第 12 行.
SQL: SHOW COLUMNS FROM `erp_node` [ RunTime:0.0025s ]
SQL: SELECT DISTINCT title,`name`,`id`,`is_admin`,`model`,`sort`,`ico`,`default_open` FROM erp_node as a WHERE (  a.level='1' AND status='1' and side='0' ) ORDER BY sort ASC,id ASC  [ RunTime:0.0016s ]
SQL: SELECT DISTINCT title,`name`,`pid`,`id`,`is_admin`,`model`,`sort`,`ico`,`default_open` FROM erp_node as a WHERE (  a.level='2' AND status='1' and side='0' ) ORDER BY sort ASC,id ASC  [ RunTime:0.0009s ]
SQL: SELECT DISTINCT title,`name`,`id`,`pid`,a.module,a.btn_name,`is_admin`,`model`,`sort`,`ico`,`default_open` FROM erp_node as a WHERE (  a.level='3' AND status='1' and side='0' ) ORDER BY sort ASC,id ASC  [ RunTime:0.0010s ]
SQL: SELECT `value` FROM `erp_system_parameter` WHERE ( code='notice_open' ) LIMIT 1   [ RunTime:0.0006s ]
SQL: SELECT `value` FROM `erp_system_parameter` WHERE ( code='notice_title' ) LIMIT 1   [ RunTime:0.0007s ]
INFO: [ view_parse ] --START--
INFO: [ template_filter ] --START--
INFO: Run Behavior\ContentReplaceBehavior [ RunTime:0.000092s ]
INFO: [ template_filter ] --END-- [ RunTime:0.000179s ]
NOTIC: [8] Undefined offset: 1 C:\xampp\htdocs\project\exploitproject\exploit1\websource\Application\Common\Common\function.php 第 520 行.
INFO: Run Behavior\ParseTemplateBehavior [ RunTime:0.023138s ]
INFO: [ view_parse ] --END-- [ RunTime:0.023251s ]
INFO: [ view_filter ] --START--
INFO: Run Behavior\WriteHtmlCacheBehavior [ RunTime:0.001033s ]
INFO: [ view_filter ] --END-- [ RunTime:0.001127s ]
INFO: [ app_end ] --START--
INFO: Run Behavior\ShowPageTraceBehavior [ RunTime:0.001302s ]
INFO: [ app_end ] --END-- [ RunTime:0.001387s ]

[ 2019-07-04T14:45:57+08:00 ] ::1 /index.php/Home/QuestionCategory/index/func/add.html?funcid=f_30ff2558ced8dfd20c019dec48cbfd53&zindex=2002&pfuncid=X100210&__ajax=1
INFO: [ app_init ] --START--
INFO: Run Behavior\BuildLiteBehavior [ RunTime:0.000015s ]
INFO: [ app_init ] --END-- [ RunTime:0.000502s ]
INFO: [ app_begin ] --START--
INFO: Run Behavior\ReadHtmlCacheBehavior [ RunTime:0.000766s ]
INFO: [ app_begin ] --END-- [ RunTime:0.000814s ]
SQL: SHOW COLUMNS FROM `erp_user` [ RunTime:0.0011s ]
SQL: SELECT * FROM `erp_user` WHERE ( id = 1 ) LIMIT 1   [ RunTime:0.0004s ]
NOTIC: [8] Undefined index: customer_id C:\xampp\htdocs\project\exploitproject\exploit1\websource\Application\Home\Controller\BasicController.class.php 第 83 行.
NOTIC: [8] Undefined index: customer_id C:\xampp\htdocs\project\exploitproject\exploit1\websource\Application\Home\Controller\BasicController.class.php 第 91 行.
SQL: SHOW COLUMNS FROM `erp_system_parameter` [ RunTime:0.0009s ]
SQL: SELECT `value` FROM `erp_system_parameter` WHERE ( code = 'notice_open' AND status = 1 ) LIMIT 1   [ RunTime:0.0004s ]
SQL: SELECT `value` FROM `erp_system_parameter` WHERE ( code = 'notice_title' AND status = 1 ) LIMIT 1   [ RunTime:0.0003s ]
SQL: SHOW COLUMNS FROM `erp_node` [ RunTime:0.0010s ]
SQL: SELECT name as `key` FROM `erp_node` WHERE ( level = 3 AND module = '/Home/QuestionCategory' )  [ RunTime:0.0004s ]
SQL: SELECT name as `key` FROM `erp_node` WHERE ( level = 3 AND module = '/Home/QuestionCategory' )  [ RunTime:0.0003s ]
SQL: SHOW COLUMNS FROM `erp_user_summary_column` [ RunTime:0.0016s ]
SQL: SELECT * FROM `erp_user_summary_column` WHERE ( user_code='admin' AND summary='QuestionCategory' ) ORDER BY sort  [ RunTime:0.0008s ]
INFO: [ view_parse ] --START--
INFO: [ template_filter ] --START--
INFO: Run Behavior\ContentReplaceBehavior [ RunTime:0.000062s ]
INFO: [ template_filter ] --END-- [ RunTime:0.000112s ]
NOTIC: [2] Use of undefined constant id - assumed 'id' (this will throw an Error in a future version of PHP) C:\xampp\htdocs\project\exploitproject\exploit1\websource\Application\Runtime\Cache\Home\d0982f7d8a1ec16abe67cc93527b690e.php 第 5 行.
NOTIC: [8] Undefined index: id C:\xampp\htdocs\project\exploitproject\exploit1\websource\Application\Runtime\Cache\Home\d0982f7d8a1ec16abe67cc93527b690e.php 第 5 行.
NOTIC: [8] Undefined index: id C:\xampp\htdocs\project\exploitproject\exploit1\websource\Application\Runtime\Cache\Home\d0982f7d8a1ec16abe67cc93527b690e.php 第 15 行.
NOTIC: [8] Undefined index: lastchanged C:\xampp\htdocs\project\exploitproject\exploit1\websource\Application\Runtime\Cache\Home\d0982f7d8a1ec16abe67cc93527b690e.php 第 16 行.
NOTIC: [8] Undefined index: id C:\xampp\htdocs\project\exploitproject\exploit1\websource\Application\Runtime\Cache\Home\d0982f7d8a1ec16abe67cc93527b690e.php 第 22 行.
NOTIC: [8] Undefined index: parent_id_name C:\xampp\htdocs\project\exploitproject\exploit1\websource\Application\Runtime\Cache\Home\d0982f7d8a1ec16abe67cc93527b690e.php 第 27 行.
NOTIC: [8] Undefined index: parent_id_name C:\xampp\htdocs\project\exploitproject\exploit1\websource\Application\Runtime\Cache\Home\d0982f7d8a1ec16abe67cc93527b690e.php 第 28 行.
NOTIC: [8] Undefined index: parent_id_name C:\xampp\htdocs\project\exploitproject\exploit1\websource\Application\Runtime\Cache\Home\d0982f7d8a1ec16abe67cc93527b690e.php 第 29 行.
NOTIC: [8] Undefined index: parent_id_code C:\xampp\htdocs\project\exploitproject\exploit1\websource\Application\Runtime\Cache\Home\d0982f7d8a1ec16abe67cc93527b690e.php 第 31 行.
NOTIC: [8] Undefined index: id C:\xampp\htdocs\project\exploitproject\exploit1\websource\Application\Runtime\Cache\Home\d0982f7d8a1ec16abe67cc93527b690e.php 第 37 行.
NOTIC: [8] Undefined index: id C:\xampp\htdocs\project\exploitproject\exploit1\websource\Application\Runtime\Cache\Home\d0982f7d8a1ec16abe67cc93527b690e.php 第 148 行.
INFO: Run Behavior\ParseTemplateBehavior [ RunTime:0.010160s ]
INFO: [ view_parse ] --END-- [ RunTime:0.010234s ]
INFO: [ view_filter ] --START--
INFO: Run Behavior\WriteHtmlCacheBehavior [ RunTime:0.000830s ]
INFO: [ view_filter ] --END-- [ RunTime:0.000884s ]
INFO: [ app_end ] --START--
INFO: Run Behavior\ShowPageTraceBehavior [ RunTime:0.001208s ]
INFO: [ app_end ] --END-- [ RunTime:0.001340s ]

[ 2019-07-04T14:46:01+08:00 ] ::1 /index.php/Home/Question/index/func/add.html?funcid=f_9ff1c492f144983bb52544a89e993f7d&zindex=2004&pfuncid=X100205&__ajax=1
INFO: [ app_init ] --START--
INFO: Run Behavior\BuildLiteBehavior [ RunTime:0.000024s ]
INFO: [ app_init ] --END-- [ RunTime:0.000585s ]
INFO: [ app_begin ] --START--
INFO: Run Behavior\ReadHtmlCacheBehavior [ RunTime:0.001182s ]
INFO: [ app_begin ] --END-- [ RunTime:0.001268s ]
SQL: SHOW COLUMNS FROM `erp_user` [ RunTime:0.0041s ]
SQL: SELECT * FROM `erp_user` WHERE ( id = 1 ) LIMIT 1   [ RunTime:0.0005s ]
NOTIC: [8] Undefined index: customer_id C:\xampp\htdocs\project\exploitproject\exploit1\websource\Application\Home\Controller\BasicController.class.php 第 83 行.
NOTIC: [8] Undefined index: customer_id C:\xampp\htdocs\project\exploitproject\exploit1\websource\Application\Home\Controller\BasicController.class.php 第 91 行.
SQL: SHOW COLUMNS FROM `erp_system_parameter` [ RunTime:0.0139s ]
SQL: SELECT `value` FROM `erp_system_parameter` WHERE ( code = 'notice_open' AND status = 1 ) LIMIT 1   [ RunTime:0.0004s ]
SQL: SELECT `value` FROM `erp_system_parameter` WHERE ( code = 'notice_title' AND status = 1 ) LIMIT 1   [ RunTime:0.0003s ]
SQL: SHOW COLUMNS FROM `erp_node` [ RunTime:0.0010s ]
SQL: SELECT name as `key` FROM `erp_node` WHERE ( level = 3 AND module = '/Home/Question' )  [ RunTime:0.0004s ]
SQL: SELECT name as `key` FROM `erp_node` WHERE ( level = 3 AND module = '/Home/Question' )  [ RunTime:0.0003s ]
SQL: SHOW COLUMNS FROM `erp_user_summary_column` [ RunTime:0.0009s ]
SQL: SELECT * FROM `erp_user_summary_column` WHERE ( user_code='admin' AND summary='Question' ) ORDER BY sort  [ RunTime:0.0004s ]
NOTIC: [8] Undefined index: category_name C:\xampp\htdocs\project\exploitproject\exploit1\websource\Application\Home\Controller\QuestionController.class.php 第 162 行.
INFO: [ view_parse ] --START--
INFO: [ template_filter ] --START--
INFO: Run Behavior\ContentReplaceBehavior [ RunTime:0.000072s ]
INFO: [ template_filter ] --END-- [ RunTime:0.000218s ]
NOTIC: [2] Use of undefined constant id - assumed 'id' (this will throw an Error in a future version of PHP) C:\xampp\htdocs\project\exploitproject\exploit1\websource\Application\Runtime\Cache\Home\b20434f0d586e5a20b6e0a890d75f07e.php 第 5 行.
NOTIC: [8] Undefined index: id C:\xampp\htdocs\project\exploitproject\exploit1\websource\Application\Runtime\Cache\Home\b20434f0d586e5a20b6e0a890d75f07e.php 第 5 行.
NOTIC: [8] Undefined index: id C:\xampp\htdocs\project\exploitproject\exploit1\websource\Application\Runtime\Cache\Home\b20434f0d586e5a20b6e0a890d75f07e.php 第 19 行.
NOTIC: [8] Undefined index: lastchanged C:\xampp\htdocs\project\exploitproject\exploit1\websource\Application\Runtime\Cache\Home\b20434f0d586e5a20b6e0a890d75f07e.php 第 20 行.
SQL: SHOW COLUMNS FROM `erp_subcode` [ RunTime:0.0011s ]
SQL: SELECT `id`,`code`,`name` FROM `erp_subcode` WHERE ( status=1 and type='question:kind' ) ORDER BY sort  [ RunTime:0.0004s ]
NOTIC: [8] Undefined index: img C:\xampp\htdocs\project\exploitproject\exploit1\websource\Application\Runtime\Cache\Home\b20434f0d586e5a20b6e0a890d75f07e.php 第 166 行.
NOTIC: [8] Undefined index: id C:\xampp\htdocs\project\exploitproject\exploit1\websource\Application\Runtime\Cache\Home\b20434f0d586e5a20b6e0a890d75f07e.php 第 180 行.
INFO: Run Behavior\ParseTemplateBehavior [ RunTime:0.012695s ]
INFO: [ view_parse ] --END-- [ RunTime:0.012755s ]
INFO: [ view_filter ] --START--
INFO: Run Behavior\WriteHtmlCacheBehavior [ RunTime:0.000677s ]
INFO: [ view_filter ] --END-- [ RunTime:0.000725s ]
INFO: [ app_end ] --START--
INFO: Run Behavior\ShowPageTraceBehavior [ RunTime:0.001195s ]
INFO: [ app_end ] --END-- [ RunTime:0.001294s ]

[ 2019-07-04T14:53:24+08:00 ] ::1 /index.php/Home/QuestionCategory/index/func/add.html?funcid=f_30ff2558ced8dfd20c019dec48cbfd53&zindex=2006&pfuncid=X100210&__ajax=1
INFO: [ app_init ] --START--
INFO: Run Behavior\BuildLiteBehavior [ RunTime:0.000014s ]
INFO: [ app_init ] --END-- [ RunTime:0.000521s ]
INFO: [ app_begin ] --START--
INFO: Run Behavior\ReadHtmlCacheBehavior [ RunTime:0.000743s ]
INFO: [ app_begin ] --END-- [ RunTime:0.000789s ]
SQL: SHOW COLUMNS FROM `erp_user` [ RunTime:0.0019s ]
SQL: SELECT * FROM `erp_user` WHERE ( id = 1 ) LIMIT 1   [ RunTime:0.0005s ]
NOTIC: [8] Undefined index: customer_id C:\xampp\htdocs\project\exploitproject\exploit1\websource\Application\Home\Controller\BasicController.class.php 第 83 行.
NOTIC: [8] Undefined index: customer_id C:\xampp\htdocs\project\exploitproject\exploit1\websource\Application\Home\Controller\BasicController.class.php 第 91 行.
SQL: SHOW COLUMNS FROM `erp_system_parameter` [ RunTime:0.0008s ]
SQL: SELECT `value` FROM `erp_system_parameter` WHERE ( code = 'notice_open' AND status = 1 ) LIMIT 1   [ RunTime:0.0005s ]
SQL: SELECT `value` FROM `erp_system_parameter` WHERE ( code = 'notice_title' AND status = 1 ) LIMIT 1   [ RunTime:0.0003s ]
SQL: SHOW COLUMNS FROM `erp_node` [ RunTime:0.0104s ]
SQL: SELECT name as `key` FROM `erp_node` WHERE ( level = 3 AND module = '/Home/QuestionCategory' )  [ RunTime:0.0004s ]
SQL: SELECT name as `key` FROM `erp_node` WHERE ( level = 3 AND module = '/Home/QuestionCategory' )  [ RunTime:0.0003s ]
SQL: SHOW COLUMNS FROM `erp_user_summary_column` [ RunTime:0.0010s ]
SQL: SELECT * FROM `erp_user_summary_column` WHERE ( user_code='admin' AND summary='QuestionCategory' ) ORDER BY sort  [ RunTime:0.0005s ]
INFO: [ view_parse ] --START--
INFO: [ template_filter ] --START--
INFO: Run Behavior\ContentReplaceBehavior [ RunTime:0.000082s ]
INFO: [ template_filter ] --END-- [ RunTime:0.000156s ]
NOTIC: [2] Use of undefined constant id - assumed 'id' (this will throw an Error in a future version of PHP) C:\xampp\htdocs\project\exploitproject\exploit1\websource\Application\Runtime\Cache\Home\d0982f7d8a1ec16abe67cc93527b690e.php 第 5 行.
NOTIC: [8] Undefined index: id C:\xampp\htdocs\project\exploitproject\exploit1\websource\Application\Runtime\Cache\Home\d0982f7d8a1ec16abe67cc93527b690e.php 第 5 行.
NOTIC: [8] Undefined index: id C:\xampp\htdocs\project\exploitproject\exploit1\websource\Application\Runtime\Cache\Home\d0982f7d8a1ec16abe67cc93527b690e.php 第 15 行.
NOTIC: [8] Undefined index: lastchanged C:\xampp\htdocs\project\exploitproject\exploit1\websource\Application\Runtime\Cache\Home\d0982f7d8a1ec16abe67cc93527b690e.php 第 16 行.
NOTIC: [8] Undefined index: id C:\xampp\htdocs\project\exploitproject\exploit1\websource\Application\Runtime\Cache\Home\d0982f7d8a1ec16abe67cc93527b690e.php 第 22 行.
NOTIC: [8] Undefined index: parent_id_name C:\xampp\htdocs\project\exploitproject\exploit1\websource\Application\Runtime\Cache\Home\d0982f7d8a1ec16abe67cc93527b690e.php 第 27 行.
NOTIC: [8] Undefined index: parent_id_name C:\xampp\htdocs\project\exploitproject\exploit1\websource\Application\Runtime\Cache\Home\d0982f7d8a1ec16abe67cc93527b690e.php 第 28 行.
NOTIC: [8] Undefined index: parent_id_name C:\xampp\htdocs\project\exploitproject\exploit1\websource\Application\Runtime\Cache\Home\d0982f7d8a1ec16abe67cc93527b690e.php 第 29 行.
NOTIC: [8] Undefined index: parent_id_code C:\xampp\htdocs\project\exploitproject\exploit1\websource\Application\Runtime\Cache\Home\d0982f7d8a1ec16abe67cc93527b690e.php 第 31 行.
NOTIC: [8] Undefined index: id C:\xampp\htdocs\project\exploitproject\exploit1\websource\Application\Runtime\Cache\Home\d0982f7d8a1ec16abe67cc93527b690e.php 第 37 行.
NOTIC: [8] Undefined index: id C:\xampp\htdocs\project\exploitproject\exploit1\websource\Application\Runtime\Cache\Home\d0982f7d8a1ec16abe67cc93527b690e.php 第 148 行.
INFO: Run Behavior\ParseTemplateBehavior [ RunTime:0.008388s ]
INFO: [ view_parse ] --END-- [ RunTime:0.008441s ]
INFO: [ view_filter ] --START--
INFO: Run Behavior\WriteHtmlCacheBehavior [ RunTime:0.001187s ]
INFO: [ view_filter ] --END-- [ RunTime:0.001241s ]
INFO: [ app_end ] --START--
INFO: Run Behavior\ShowPageTraceBehavior [ RunTime:0.001606s ]
INFO: [ app_end ] --END-- [ RunTime:0.001665s ]

[ 2019-07-04T14:53:26+08:00 ] ::1 /index.php/Home/Popup/index?func=QuestionCategoryTree&selecttype=Single&funcid=QuestionCategoryTree_popup&value=&zindex=2008&pfuncid=f_30ff2558ced8dfd20c019dec48cbfd53&__ajax=1
INFO: [ app_init ] --START--
INFO: Run Behavior\BuildLiteBehavior [ RunTime:0.000054s ]
INFO: [ app_init ] --END-- [ RunTime:0.000836s ]
INFO: [ app_begin ] --START--
INFO: Run Behavior\ReadHtmlCacheBehavior [ RunTime:0.000771s ]
INFO: [ app_begin ] --END-- [ RunTime:0.000820s ]
SQL: SHOW COLUMNS FROM `erp_user` [ RunTime:0.0011s ]
SQL: SELECT * FROM `erp_user` WHERE ( id = 1 ) LIMIT 1   [ RunTime:0.0005s ]
NOTIC: [8] Undefined index: customer_id C:\xampp\htdocs\project\exploitproject\exploit1\websource\Application\Home\Controller\BasicController.class.php 第 83 行.
NOTIC: [8] Undefined index: customer_id C:\xampp\htdocs\project\exploitproject\exploit1\websource\Application\Home\Controller\BasicController.class.php 第 91 行.
SQL: SHOW COLUMNS FROM `erp_system_parameter` [ RunTime:0.0009s ]
SQL: SELECT `value` FROM `erp_system_parameter` WHERE ( code = 'notice_open' AND status = 1 ) LIMIT 1   [ RunTime:0.0005s ]
SQL: SELECT `value` FROM `erp_system_parameter` WHERE ( code = 'notice_title' AND status = 1 ) LIMIT 1   [ RunTime:0.0003s ]
SQL: SHOW COLUMNS FROM `erp_question_category` [ RunTime:0.0013s ]
SQL: SELECT `id`,`name`,`full_path`,`code`,`parent_id` FROM `erp_question_category` WHERE ( parent_id = 0 AND id <>0 ) ORDER BY sort  [ RunTime:0.0006s ]
INFO: [ view_parse ] --START--
INFO: [ template_filter ] --START--
INFO: Run Behavior\ContentReplaceBehavior [ RunTime:0.000049s ]
INFO: [ template_filter ] --END-- [ RunTime:0.000097s ]
INFO: Run Behavior\ParseTemplateBehavior [ RunTime:0.007528s ]
INFO: [ view_parse ] --END-- [ RunTime:0.007645s ]
INFO: [ view_filter ] --START--
INFO: Run Behavior\WriteHtmlCacheBehavior [ RunTime:0.000642s ]
INFO: [ view_filter ] --END-- [ RunTime:0.000688s ]
INFO: [ app_end ] --START--
INFO: Run Behavior\ShowPageTraceBehavior [ RunTime:0.000851s ]
INFO: [ app_end ] --END-- [ RunTime:0.000892s ]

[ 2019-07-04T14:53:27+08:00 ] ::1 /index.php/Home/Popup/index/func/QuestionCategoryTree/excludeId/0/selecttype/Single/onlyData/1.html?parent_id=1
INFO: [ app_init ] --START--
INFO: Run Behavior\BuildLiteBehavior [ RunTime:0.000017s ]
INFO: [ app_init ] --END-- [ RunTime:0.000688s ]
INFO: [ app_begin ] --START--
INFO: Run Behavior\ReadHtmlCacheBehavior [ RunTime:0.000827s ]
INFO: [ app_begin ] --END-- [ RunTime:0.000874s ]
SQL: SHOW COLUMNS FROM `erp_user` [ RunTime:0.0017s ]
SQL: SELECT * FROM `erp_user` WHERE ( id = 1 ) LIMIT 1   [ RunTime:0.0006s ]
NOTIC: [8] Undefined index: customer_id C:\xampp\htdocs\project\exploitproject\exploit1\websource\Application\Home\Controller\BasicController.class.php 第 83 行.
NOTIC: [8] Undefined index: customer_id C:\xampp\htdocs\project\exploitproject\exploit1\websource\Application\Home\Controller\BasicController.class.php 第 91 行.
SQL: SHOW COLUMNS FROM `erp_system_parameter` [ RunTime:0.0010s ]
SQL: SELECT `value` FROM `erp_system_parameter` WHERE ( code = 'notice_open' AND status = 1 ) LIMIT 1   [ RunTime:0.0005s ]
SQL: SELECT `value` FROM `erp_system_parameter` WHERE ( code = 'notice_title' AND status = 1 ) LIMIT 1   [ RunTime:0.0003s ]
SQL: SHOW COLUMNS FROM `erp_question_category` [ RunTime:0.0009s ]
SQL: SELECT `id`,`name`,`full_path`,`code`,`parent_id` FROM `erp_question_category` WHERE ( parent_id = 1 AND id <>0 ) ORDER BY sort  [ RunTime:0.0006s ]

[ 2019-07-04T14:53:28+08:00 ] ::1 /index.php/Home/Popup/index/func/QuestionCategoryTree/excludeId/0/selecttype/Single/onlyData/1.html?parent_id=29
INFO: [ app_init ] --START--
INFO: Run Behavior\BuildLiteBehavior [ RunTime:0.000017s ]
INFO: [ app_init ] --END-- [ RunTime:0.000740s ]
INFO: [ app_begin ] --START--
INFO: Run Behavior\ReadHtmlCacheBehavior [ RunTime:0.001175s ]
INFO: [ app_begin ] --END-- [ RunTime:0.001242s ]
SQL: SHOW COLUMNS FROM `erp_user` [ RunTime:0.0019s ]
SQL: SELECT * FROM `erp_user` WHERE ( id = 1 ) LIMIT 1   [ RunTime:0.0077s ]
NOTIC: [8] Undefined index: customer_id C:\xampp\htdocs\project\exploitproject\exploit1\websource\Application\Home\Controller\BasicController.class.php 第 83 行.
NOTIC: [8] Undefined index: customer_id C:\xampp\htdocs\project\exploitproject\exploit1\websource\Application\Home\Controller\BasicController.class.php 第 91 行.
SQL: SHOW COLUMNS FROM `erp_system_parameter` [ RunTime:0.0010s ]
SQL: SELECT `value` FROM `erp_system_parameter` WHERE ( code = 'notice_open' AND status = 1 ) LIMIT 1   [ RunTime:0.0006s ]
SQL: SELECT `value` FROM `erp_system_parameter` WHERE ( code = 'notice_title' AND status = 1 ) LIMIT 1   [ RunTime:0.0003s ]
SQL: SHOW COLUMNS FROM `erp_question_category` [ RunTime:0.0016s ]
SQL: SELECT `id`,`name`,`full_path`,`code`,`parent_id` FROM `erp_question_category` WHERE ( parent_id = 29 AND id <>0 ) ORDER BY sort  [ RunTime:0.0010s ]

[ 2019-07-04T14:53:29+08:00 ] ::1 /index.php/Home/Popup/index/func/QuestionCategoryTree/excludeId/0/selecttype/Single/onlyData/1.html?parent_id=31
INFO: [ app_init ] --START--
INFO: Run Behavior\BuildLiteBehavior [ RunTime:0.000017s ]
INFO: [ app_init ] --END-- [ RunTime:0.000626s ]
INFO: [ app_begin ] --START--
INFO: Run Behavior\ReadHtmlCacheBehavior [ RunTime:0.000794s ]
INFO: [ app_begin ] --END-- [ RunTime:0.000841s ]
SQL: SHOW COLUMNS FROM `erp_user` [ RunTime:0.0018s ]
SQL: SELECT * FROM `erp_user` WHERE ( id = 1 ) LIMIT 1   [ RunTime:0.0006s ]
NOTIC: [8] Undefined index: customer_id C:\xampp\htdocs\project\exploitproject\exploit1\websource\Application\Home\Controller\BasicController.class.php 第 83 行.
NOTIC: [8] Undefined index: customer_id C:\xampp\htdocs\project\exploitproject\exploit1\websource\Application\Home\Controller\BasicController.class.php 第 91 行.
SQL: SHOW COLUMNS FROM `erp_system_parameter` [ RunTime:0.0009s ]
SQL: SELECT `value` FROM `erp_system_parameter` WHERE ( code = 'notice_open' AND status = 1 ) LIMIT 1   [ RunTime:0.0004s ]
SQL: SELECT `value` FROM `erp_system_parameter` WHERE ( code = 'notice_title' AND status = 1 ) LIMIT 1   [ RunTime:0.0003s ]
SQL: SHOW COLUMNS FROM `erp_question_category` [ RunTime:0.0016s ]
SQL: SELECT `id`,`name`,`full_path`,`code`,`parent_id` FROM `erp_question_category` WHERE ( parent_id = 31 AND id <>0 ) ORDER BY sort  [ RunTime:0.0006s ]

[ 2019-07-04T14:53:30+08:00 ] ::1 /index.php/Home/Popup/index/func/QuestionCategoryTree/excludeId/0/selecttype/Single/onlyData/1.html?parent_id=34
INFO: [ app_init ] --START--
INFO: Run Behavior\BuildLiteBehavior [ RunTime:0.000015s ]
INFO: [ app_init ] --END-- [ RunTime:0.000525s ]
INFO: [ app_begin ] --START--
INFO: Run Behavior\ReadHtmlCacheBehavior [ RunTime:0.000944s ]
INFO: [ app_begin ] --END-- [ RunTime:0.000998s ]
SQL: SHOW COLUMNS FROM `erp_user` [ RunTime:0.0011s ]
SQL: SELECT * FROM `erp_user` WHERE ( id = 1 ) LIMIT 1   [ RunTime:0.0003s ]
NOTIC: [8] Undefined index: customer_id C:\xampp\htdocs\project\exploitproject\exploit1\websource\Application\Home\Controller\BasicController.class.php 第 83 行.
NOTIC: [8] Undefined index: customer_id C:\xampp\htdocs\project\exploitproject\exploit1\websource\Application\Home\Controller\BasicController.class.php 第 91 行.
SQL: SHOW COLUMNS FROM `erp_system_parameter` [ RunTime:0.0011s ]
SQL: SELECT `value` FROM `erp_system_parameter` WHERE ( code = 'notice_open' AND status = 1 ) LIMIT 1   [ RunTime:0.0007s ]
SQL: SELECT `value` FROM `erp_system_parameter` WHERE ( code = 'notice_title' AND status = 1 ) LIMIT 1   [ RunTime:0.0003s ]
SQL: SHOW COLUMNS FROM `erp_question_category` [ RunTime:0.0011s ]
SQL: SELECT `id`,`name`,`full_path`,`code`,`parent_id` FROM `erp_question_category` WHERE ( parent_id = 34 AND id <>0 ) ORDER BY sort  [ RunTime:0.0005s ]

[ 2019-07-04T18:13:52+08:00 ] ::1 /
INFO: [ app_init ] --START--
INFO: Run Behavior\BuildLiteBehavior [ RunTime:0.000066s ]
INFO: [ app_init ] --END-- [ RunTime:0.001533s ]
INFO: [ app_begin ] --START--
INFO: Run Behavior\ReadHtmlCacheBehavior [ RunTime:0.001060s ]
INFO: [ app_begin ] --END-- [ RunTime:0.001124s ]
INFO: [ view_parse ] --START--
INFO: [ template_filter ] --START--
INFO: Run Behavior\ContentReplaceBehavior [ RunTime:0.000108s ]
INFO: [ template_filter ] --END-- [ RunTime:0.000222s ]
NOTIC: [8] Undefined variable: download C:\xampp\htdocs\project\exploitproject\exploit1\websource\Application\Runtime\Cache\Home\25520d513124a6369605db6f8fa5dc6c.php 第 66 行.
INFO: Run Behavior\ParseTemplateBehavior [ RunTime:0.010249s ]
INFO: [ view_parse ] --END-- [ RunTime:0.010327s ]
INFO: [ view_filter ] --START--
INFO: Run Behavior\WriteHtmlCacheBehavior [ RunTime:0.000801s ]
INFO: [ view_filter ] --END-- [ RunTime:0.000862s ]
INFO: [ app_end ] --START--
INFO: Run Behavior\ShowPageTraceBehavior [ RunTime:0.000948s ]
INFO: [ app_end ] --END-- [ RunTime:0.001004s ]

[ 2019-07-04T18:13:52+08:00 ] ::1 /index.php/Home/Auth/verify_captcha.html
INFO: [ app_init ] --START--
INFO: Run Behavior\BuildLiteBehavior [ RunTime:0.000017s ]
INFO: [ app_init ] --END-- [ RunTime:0.000588s ]
INFO: [ app_begin ] --START--
INFO: Run Behavior\ReadHtmlCacheBehavior [ RunTime:0.000973s ]
INFO: [ app_begin ] --END-- [ RunTime:0.001060s ]
INFO: [ app_end ] --START--
INFO: Run Behavior\ShowPageTraceBehavior [ RunTime:0.001347s ]
INFO: [ app_end ] --END-- [ RunTime:0.001419s ]

[ 2019-07-04T18:47:16+08:00 ] ::1 /
INFO: [ app_init ] --START--
INFO: Run Behavior\BuildLiteBehavior [ RunTime:0.000016s ]
INFO: [ app_init ] --END-- [ RunTime:0.000607s ]
INFO: [ app_begin ] --START--
INFO: Run Behavior\ReadHtmlCacheBehavior [ RunTime:0.000930s ]
INFO: [ app_begin ] --END-- [ RunTime:0.000984s ]
INFO: [ view_parse ] --START--
INFO: [ template_filter ] --START--
INFO: Run Behavior\ContentReplaceBehavior [ RunTime:0.000048s ]
INFO: [ template_filter ] --END-- [ RunTime:0.000103s ]
NOTIC: [8] Undefined variable: download C:\xampp\htdocs\project\exploitproject\学库\exploit1\websource\Application\Runtime\Cache\Home\25520d513124a6369605db6f8fa5dc6c.php 第 66 行.
INFO: Run Behavior\ParseTemplateBehavior [ RunTime:0.007841s ]
INFO: [ view_parse ] --END-- [ RunTime:0.007935s ]
INFO: [ view_filter ] --START--
INFO: Run Behavior\WriteHtmlCacheBehavior [ RunTime:0.000785s ]
INFO: [ view_filter ] --END-- [ RunTime:0.000834s ]
INFO: [ app_end ] --START--
INFO: Run Behavior\ShowPageTraceBehavior [ RunTime:0.000967s ]
INFO: [ app_end ] --END-- [ RunTime:0.001017s ]

[ 2019-07-04T18:47:16+08:00 ] ::1 /index.php/Home/Auth/verify_captcha.html
INFO: [ app_init ] --START--
INFO: Run Behavior\BuildLiteBehavior [ RunTime:0.000019s ]
INFO: [ app_init ] --END-- [ RunTime:0.000699s ]
INFO: [ app_begin ] --START--
INFO: Run Behavior\ReadHtmlCacheBehavior [ RunTime:0.000957s ]
INFO: [ app_begin ] --END-- [ RunTime:0.001029s ]
NOTIC: [2] imagettftext(): Could not find/open font C:\xampp\htdocs\project\exploitproject\学库\exploit1\websource\ThinkPHP\Library\Think\Verify.class.php 第 166 行.
NOTIC: [2] imagettftext(): Could not find/open font C:\xampp\htdocs\project\exploitproject\学库\exploit1\websource\ThinkPHP\Library\Think\Verify.class.php 第 166 行.
NOTIC: [2] imagettftext(): Could not find/open font C:\xampp\htdocs\project\exploitproject\学库\exploit1\websource\ThinkPHP\Library\Think\Verify.class.php 第 166 行.
NOTIC: [2] imagettftext(): Could not find/open font C:\xampp\htdocs\project\exploitproject\学库\exploit1\websource\ThinkPHP\Library\Think\Verify.class.php 第 166 行.
INFO: [ app_end ] --START--
INFO: Run Behavior\ShowPageTraceBehavior [ RunTime:0.001159s ]
INFO: [ app_end ] --END-- [ RunTime:0.001216s ]

[ 2019-07-04T18:47:20+08:00 ] ::1 /index.php/Home/Auth/loginAct
INFO: [ app_init ] --START--
INFO: Run Behavior\BuildLiteBehavior [ RunTime:0.000015s ]
INFO: [ app_init ] --END-- [ RunTime:0.000505s ]
INFO: [ app_begin ] --START--
INFO: Run Behavior\ReadHtmlCacheBehavior [ RunTime:0.000713s ]
INFO: [ app_begin ] --END-- [ RunTime:0.000760s ]
SQL: SHOW COLUMNS FROM `erp_user` [ RunTime:0.0043s ]
SQL: SELECT * FROM `erp_user` WHERE ( code='admin' ) LIMIT 1   [ RunTime:0.0014s ]
NOTIC: [8] Undefined index: customer_id C:\xampp\htdocs\project\exploitproject\学库\exploit1\websource\Application\Home\Controller\AuthController.class.php 第 58 行.
NOTIC: [8] Undefined index: customer_id C:\xampp\htdocs\project\exploitproject\学库\exploit1\websource\Application\Home\Controller\AuthController.class.php 第 70 行.
SQL: UPDATE `erp_user` SET `errpwd_count`='0' WHERE ( id=1 ) [ RunTime:0.0006s ]

[ 2019-07-04T18:47:20+08:00 ] ::1 /index.php/Home/Index/index
INFO: [ app_init ] --START--
INFO: Run Behavior\BuildLiteBehavior [ RunTime:0.000035s ]
INFO: [ app_init ] --END-- [ RunTime:0.000587s ]
INFO: [ app_begin ] --START--
INFO: Run Behavior\ReadHtmlCacheBehavior [ RunTime:0.000854s ]
INFO: [ app_begin ] --END-- [ RunTime:0.000942s ]
SQL: SHOW COLUMNS FROM `erp_user` [ RunTime:0.0038s ]
SQL: SELECT * FROM `erp_user` WHERE ( id = 1 ) LIMIT 1   [ RunTime:0.0005s ]
NOTIC: [8] Undefined index: customer_id C:\xampp\htdocs\project\exploitproject\学库\exploit1\websource\Application\Home\Controller\BasicController.class.php 第 83 行.
NOTIC: [8] Undefined index: customer_id C:\xampp\htdocs\project\exploitproject\学库\exploit1\websource\Application\Home\Controller\BasicController.class.php 第 91 行.
SQL: SHOW COLUMNS FROM `erp_system_parameter` [ RunTime:0.0034s ]
SQL: SELECT `value` FROM `erp_system_parameter` WHERE ( code = 'notice_open' AND status = 1 ) LIMIT 1   [ RunTime:0.0021s ]
SQL: SELECT `value` FROM `erp_system_parameter` WHERE ( code = 'notice_title' AND status = 1 ) LIMIT 1   [ RunTime:0.0006s ]
SQL: select node.id,node.name,node.module from erp_role as role,erp_role_user as user,erp_role_node as access ,erp_node as node where user.user_id='1' and user.role_id=role.id and ( access.role_id=role.id  or (access.role_id=role.pid and role.pid!=0 ) ) and role.status=1 and access.node_id=node.id  and node.status=1 [ RunTime:0.0055s ]
NOTIC: [8] Undefined index: APP C:\xampp\htdocs\project\exploitproject\学库\exploit1\websource\Application\Home\Controller\BasicController.class.php 第 124 行.
NOTIC: [8] Undefined index: customer_id C:\xampp\htdocs\project\exploitproject\学库\exploit1\websource\Application\Home\Controller\IndexController.class.php 第 12 行.
SQL: SHOW COLUMNS FROM `erp_node` [ RunTime:0.0021s ]
SQL: SELECT DISTINCT title,`name`,`id`,`is_admin`,`model`,`sort`,`ico`,`default_open` FROM erp_node as a WHERE (  a.level='1' AND status='1' and side='0' ) ORDER BY sort ASC,id ASC  [ RunTime:0.0007s ]
SQL: SELECT DISTINCT title,`name`,`pid`,`id`,`is_admin`,`model`,`sort`,`ico`,`default_open` FROM erp_node as a WHERE (  a.level='2' AND status='1' and side='0' ) ORDER BY sort ASC,id ASC  [ RunTime:0.0007s ]
SQL: SELECT DISTINCT title,`name`,`id`,`pid`,a.module,a.btn_name,`is_admin`,`model`,`sort`,`ico`,`default_open` FROM erp_node as a WHERE (  a.level='3' AND status='1' and side='0' ) ORDER BY sort ASC,id ASC  [ RunTime:0.0005s ]
SQL: SELECT `value` FROM `erp_system_parameter` WHERE ( code='notice_open' ) LIMIT 1   [ RunTime:0.0003s ]
SQL: SELECT `value` FROM `erp_system_parameter` WHERE ( code='notice_title' ) LIMIT 1   [ RunTime:0.0003s ]
INFO: [ view_parse ] --START--
INFO: [ template_filter ] --START--
INFO: Run Behavior\ContentReplaceBehavior [ RunTime:0.000068s ]
INFO: [ template_filter ] --END-- [ RunTime:0.000122s ]
NOTIC: [8] Undefined offset: 1 C:\xampp\htdocs\project\exploitproject\学库\exploit1\websource\Application\Common\Common\function.php 第 520 行.
INFO: Run Behavior\ParseTemplateBehavior [ RunTime:0.012260s ]
INFO: [ view_parse ] --END-- [ RunTime:0.012316s ]
INFO: [ view_filter ] --START--
INFO: Run Behavior\WriteHtmlCacheBehavior [ RunTime:0.000649s ]
INFO: [ view_filter ] --END-- [ RunTime:0.000698s ]
INFO: [ app_end ] --START--
INFO: Run Behavior\ShowPageTraceBehavior [ RunTime:0.000869s ]
INFO: [ app_end ] --END-- [ RunTime:0.000939s ]

[ 2019-07-04T18:47:26+08:00 ] ::1 /index.php/Home/QuestionCategory/index/func/view/id/1.html?funcid=f_ee7ea0621143b90af57d944f667818a7&__ajax=1&pfuncid=X100210
INFO: [ app_init ] --START--
INFO: Run Behavior\BuildLiteBehavior [ RunTime:0.000017s ]
INFO: [ app_init ] --END-- [ RunTime:0.000572s ]
INFO: [ app_begin ] --START--
INFO: Run Behavior\ReadHtmlCacheBehavior [ RunTime:0.000746s ]
INFO: [ app_begin ] --END-- [ RunTime:0.000793s ]
SQL: SHOW COLUMNS FROM `erp_user` [ RunTime:0.0019s ]
SQL: SELECT * FROM `erp_user` WHERE ( id = 1 ) LIMIT 1   [ RunTime:0.0006s ]
NOTIC: [8] Undefined index: customer_id C:\xampp\htdocs\project\exploitproject\学库\exploit1\websource\Application\Home\Controller\BasicController.class.php 第 83 行.
NOTIC: [8] Undefined index: customer_id C:\xampp\htdocs\project\exploitproject\学库\exploit1\websource\Application\Home\Controller\BasicController.class.php 第 91 行.
SQL: SHOW COLUMNS FROM `erp_system_parameter` [ RunTime:0.0009s ]
SQL: SELECT `value` FROM `erp_system_parameter` WHERE ( code = 'notice_open' AND status = 1 ) LIMIT 1   [ RunTime:0.0004s ]
SQL: SELECT `value` FROM `erp_system_parameter` WHERE ( code = 'notice_title' AND status = 1 ) LIMIT 1   [ RunTime:0.0003s ]
SQL: SHOW COLUMNS FROM `erp_node` [ RunTime:0.0010s ]
SQL: SELECT name as `key` FROM `erp_node` WHERE ( level = 3 AND module = '/Home/QuestionCategory' )  [ RunTime:0.0005s ]
SQL: SELECT name as `key` FROM `erp_node` WHERE ( level = 3 AND module = '/Home/QuestionCategory' )  [ RunTime:0.0004s ]
SQL: SHOW COLUMNS FROM `erp_user_summary_column` [ RunTime:0.0017s ]
SQL: SELECT * FROM `erp_user_summary_column` WHERE ( user_code='admin' AND summary='QuestionCategory' ) ORDER BY sort  [ RunTime:0.0007s ]
SQL: select erp_question_category.*,a.name question_category_name  from erp_question_category   LEFT JOIN erp_question_category a ON a.id=erp_question_category.parent_id  Where erp_question_category.id=1   [ RunTime:0.0011s ]
SQL: select count(*) as cnt from erp_question   where erp_question.category_code='01'  [ RunTime:0.0097s ]
SQL: select erp_question.*  from erp_question   Where erp_question.category_code='01'   LIMIT 0, 10 [ RunTime:0.0008s ]
INFO: [ view_parse ] --START--
INFO: [ template_filter ] --START--
INFO: Run Behavior\ContentReplaceBehavior [ RunTime:0.000138s ]
INFO: [ template_filter ] --END-- [ RunTime:0.000190s ]
NOTIC: [8] Undefined offset: 1 C:\xampp\htdocs\project\exploitproject\学库\exploit1\websource\Application\Common\Common\function.php 第 520 行.
NOTIC: [8] Undefined index: _tab_caozuorizhi_p C:\xampp\htdocs\project\exploitproject\学库\exploit1\websource\Application\Runtime\Cache\Home\a215de30711085023d32204de37717e8.php 第 99 行.
NOTIC: [8] Undefined index: _tab_caozuorizhi_psize C:\xampp\htdocs\project\exploitproject\学库\exploit1\websource\Application\Runtime\Cache\Home\a215de30711085023d32204de37717e8.php 第 100 行.
NOTIC: [8] Undefined offset: 1 C:\xampp\htdocs\project\exploitproject\学库\exploit1\websource\Application\Common\Common\function.php 第 520 行.
INFO: Run Behavior\ParseTemplateBehavior [ RunTime:0.011952s ]
INFO: [ view_parse ] --END-- [ RunTime:0.012019s ]
INFO: [ view_filter ] --START--
INFO: Run Behavior\WriteHtmlCacheBehavior [ RunTime:0.000792s ]
INFO: [ view_filter ] --END-- [ RunTime:0.000833s ]
INFO: [ app_end ] --START--
INFO: Run Behavior\ShowPageTraceBehavior [ RunTime:0.001140s ]
INFO: [ app_end ] --END-- [ RunTime:0.001210s ]

[ 2019-07-04T18:47:27+08:00 ] ::1 /index.php/Home/Auth/verify_captcha.html
INFO: [ app_init ] --START--
INFO: Run Behavior\BuildLiteBehavior [ RunTime:0.000019s ]
INFO: [ app_init ] --END-- [ RunTime:0.000736s ]
INFO: [ app_begin ] --START--
INFO: Run Behavior\ReadHtmlCacheBehavior [ RunTime:0.000860s ]
INFO: [ app_begin ] --END-- [ RunTime:0.000922s ]
NOTIC: [2] imagettftext(): Could not find/open font C:\xampp\htdocs\project\exploitproject\学库\exploit1\websource\ThinkPHP\Library\Think\Verify.class.php 第 166 行.
NOTIC: [2] imagettftext(): Could not find/open font C:\xampp\htdocs\project\exploitproject\学库\exploit1\websource\ThinkPHP\Library\Think\Verify.class.php 第 166 行.
NOTIC: [2] imagettftext(): Could not find/open font C:\xampp\htdocs\project\exploitproject\学库\exploit1\websource\ThinkPHP\Library\Think\Verify.class.php 第 166 行.
NOTIC: [2] imagettftext(): Could not find/open font C:\xampp\htdocs\project\exploitproject\学库\exploit1\websource\ThinkPHP\Library\Think\Verify.class.php 第 166 行.
INFO: [ app_end ] --START--
INFO: Run Behavior\ShowPageTraceBehavior [ RunTime:0.001041s ]
INFO: [ app_end ] --END-- [ RunTime:0.001101s ]

[ 2019-07-04T18:47:31+08:00 ] ::1 /index.php/Home/QuestionCategory/index/func/edit/id/1.html?funcid=f_612125014c8ef64efb7e761a3b2ae154&zindex=2002&pfuncid=X100210&__ajax=1
INFO: [ app_init ] --START--
INFO: Run Behavior\BuildLiteBehavior [ RunTime:0.000038s ]
INFO: [ app_init ] --END-- [ RunTime:0.000708s ]
INFO: [ app_begin ] --START--
INFO: Run Behavior\ReadHtmlCacheBehavior [ RunTime:0.001004s ]
INFO: [ app_begin ] --END-- [ RunTime:0.001071s ]
SQL: SHOW COLUMNS FROM `erp_user` [ RunTime:0.0019s ]
SQL: SELECT * FROM `erp_user` WHERE ( id = 1 ) LIMIT 1   [ RunTime:0.0009s ]
NOTIC: [8] Undefined index: customer_id C:\xampp\htdocs\project\exploitproject\学库\exploit1\websource\Application\Home\Controller\BasicController.class.php 第 83 行.
NOTIC: [8] Undefined index: customer_id C:\xampp\htdocs\project\exploitproject\学库\exploit1\websource\Application\Home\Controller\BasicController.class.php 第 91 行.
SQL: SHOW COLUMNS FROM `erp_system_parameter` [ RunTime:0.0012s ]
SQL: SELECT `value` FROM `erp_system_parameter` WHERE ( code = 'notice_open' AND status = 1 ) LIMIT 1   [ RunTime:0.0006s ]
SQL: SELECT `value` FROM `erp_system_parameter` WHERE ( code = 'notice_title' AND status = 1 ) LIMIT 1   [ RunTime:0.0005s ]
SQL: SHOW COLUMNS FROM `erp_node` [ RunTime:0.0012s ]
SQL: SELECT name as `key` FROM `erp_node` WHERE ( level = 3 AND module = '/Home/QuestionCategory' )  [ RunTime:0.0006s ]
SQL: SELECT name as `key` FROM `erp_node` WHERE ( level = 3 AND module = '/Home/QuestionCategory' )  [ RunTime:0.0003s ]
SQL: SHOW COLUMNS FROM `erp_user_summary_column` [ RunTime:0.0009s ]
SQL: SELECT * FROM `erp_user_summary_column` WHERE ( user_code='admin' AND summary='QuestionCategory' ) ORDER BY sort  [ RunTime:0.0003s ]
NOTIC: [2] Use of undefined constant question_category - assumed 'question_category' (this will throw an Error in a future version of PHP) C:\xampp\htdocs\project\exploitproject\学库\exploit1\websource\Application\Home\Controller\QuestionCategoryController.class.php 第 135 行.
SQL: SHOW COLUMNS FROM `erp_question_category` [ RunTime:0.0012s ]
SQL: SELECT * FROM `erp_question_category` WHERE `id` = 1 LIMIT 1   [ RunTime:0.0005s ]
INFO: [ view_parse ] --START--
INFO: [ template_filter ] --START--
INFO: Run Behavior\ContentReplaceBehavior [ RunTime:0.000063s ]
INFO: [ template_filter ] --END-- [ RunTime:0.000111s ]
NOTIC: [2] Use of undefined constant id - assumed 'id' (this will throw an Error in a future version of PHP) C:\xampp\htdocs\project\exploitproject\学库\exploit1\websource\Application\Runtime\Cache\Home\d0982f7d8a1ec16abe67cc93527b690e.php 第 5 行.
NOTIC: [8] Undefined index: parent_id_name C:\xampp\htdocs\project\exploitproject\学库\exploit1\websource\Application\Runtime\Cache\Home\d0982f7d8a1ec16abe67cc93527b690e.php 第 23 行.
NOTIC: [8] Undefined index: parent_id_code C:\xampp\htdocs\project\exploitproject\学库\exploit1\websource\Application\Runtime\Cache\Home\d0982f7d8a1ec16abe67cc93527b690e.php 第 31 行.
INFO: Run Behavior\ParseTemplateBehavior [ RunTime:0.010376s ]
INFO: [ view_parse ] --END-- [ RunTime:0.010458s ]
INFO: [ view_filter ] --START--
INFO: Run Behavior\WriteHtmlCacheBehavior [ RunTime:0.000658s ]
INFO: [ view_filter ] --END-- [ RunTime:0.000731s ]
INFO: [ app_end ] --START--
INFO: Run Behavior\ShowPageTraceBehavior [ RunTime:0.001025s ]
INFO: [ app_end ] --END-- [ RunTime:0.001097s ]

[ 2019-07-04T18:47:39+08:00 ] ::1 /index.php/Home/QuestionCategory/index/func/save/id/1.html
INFO: [ app_init ] --START--
INFO: Run Behavior\BuildLiteBehavior [ RunTime:0.000053s ]
INFO: [ app_init ] --END-- [ RunTime:0.001188s ]
INFO: [ app_begin ] --START--
INFO: Run Behavior\ReadHtmlCacheBehavior [ RunTime:0.001017s ]
INFO: [ app_begin ] --END-- [ RunTime:0.001071s ]
SQL: SHOW COLUMNS FROM `erp_user` [ RunTime:0.0108s ]
SQL: SELECT * FROM `erp_user` WHERE ( id = 1 ) LIMIT 1   [ RunTime:0.0005s ]
NOTIC: [8] Undefined index: customer_id C:\xampp\htdocs\project\exploitproject\学库\exploit1\websource\Application\Home\Controller\BasicController.class.php 第 83 行.
NOTIC: [8] Undefined index: customer_id C:\xampp\htdocs\project\exploitproject\学库\exploit1\websource\Application\Home\Controller\BasicController.class.php 第 91 行.
SQL: SHOW COLUMNS FROM `erp_system_parameter` [ RunTime:0.0010s ]
SQL: SELECT `value` FROM `erp_system_parameter` WHERE ( code = 'notice_open' AND status = 1 ) LIMIT 1   [ RunTime:0.0004s ]
SQL: SELECT `value` FROM `erp_system_parameter` WHERE ( code = 'notice_title' AND status = 1 ) LIMIT 1   [ RunTime:0.0004s ]
SQL: SHOW COLUMNS FROM `erp_node` [ RunTime:0.0019s ]
SQL: SELECT name as `key` FROM `erp_node` WHERE ( level = 3 AND module = '/Home/QuestionCategory' )  [ RunTime:0.0005s ]
SQL: SELECT name as `key` FROM `erp_node` WHERE ( level = 3 AND module = '/Home/QuestionCategory' )  [ RunTime:0.0003s ]
SQL: SHOW COLUMNS FROM `erp_user_summary_column` [ RunTime:0.0009s ]
SQL: SELECT * FROM `erp_user_summary_column` WHERE ( user_code='admin' AND summary='QuestionCategory' ) ORDER BY sort  [ RunTime:0.0003s ]
SQL: SHOW COLUMNS FROM `erp_question_category` [ RunTime:0.0009s ]
SQL: SELECT * FROM `erp_question_category` WHERE ( id!=1 and name='哈哈哈' ) LIMIT 1   [ RunTime:0.0010s ]
SQL: SELECT * FROM `erp_question_category` WHERE `id` = 1 LIMIT 1   [ RunTime:0.0003s ]
SQL: update erp_question_category set full_path=replace(full_path,'标准卷/','哈哈哈/') where code!='01' and code like '01%' [ RunTime:0.0021s ]
SQL: SELECT * FROM `erp_question_category` WHERE ( id='1' ) LIMIT 1   [ RunTime:0.0004s ]
SQL: UPDATE `erp_question_category` SET `name`='哈哈哈',`full_path`='哈哈哈',`level`='1',`modify_user`='admin',`modify_time`='2019-07-04 18:47:39.7' WHERE ( id = 1 ) [ RunTime:0.0006s ]
NOTIC: [8] Undefined index: parent_id C:\xampp\htdocs\project\exploitproject\学库\exploit1\websource\Application\Home\Controller\QuestionCategoryController.class.php 第 268 行.
SQL: SELECT * FROM `erp_question_category` WHERE ( id='1' ) LIMIT 1   [ RunTime:0.0003s ]
SQL: SHOW COLUMNS FROM `erp_log_common` [ RunTime:0.0018s ]
SQL: INSERT INTO `erp_log_common` (`type`,`data_id`,`data_code`,`status`,`create_time`,`create_user`,`subject`,`content`) VALUES ('question_category','1','01','1','2019-07-04 18:47:39','admin','变更知识点分类','[名称:哈哈哈];') [ RunTime:0.0038s ]

[ 2019-07-04T18:47:51+08:00 ] ::1 /index.php/Home/QuestionCategory/index/func/edit/id/1.html?funcid=f_612125014c8ef64efb7e761a3b2ae154&zindex=2004&pfuncid=X100210&__ajax=1
INFO: [ app_init ] --START--
INFO: Run Behavior\BuildLiteBehavior [ RunTime:0.000038s ]
INFO: [ app_init ] --END-- [ RunTime:0.000790s ]
INFO: [ app_begin ] --START--
INFO: Run Behavior\ReadHtmlCacheBehavior [ RunTime:0.000921s ]
INFO: [ app_begin ] --END-- [ RunTime:0.000976s ]
SQL: SHOW COLUMNS FROM `erp_user` [ RunTime:0.0060s ]
SQL: SELECT * FROM `erp_user` WHERE ( id = 1 ) LIMIT 1   [ RunTime:0.0026s ]
NOTIC: [8] Undefined index: customer_id C:\xampp\htdocs\project\exploitproject\学库\exploit1\websource\Application\Home\Controller\BasicController.class.php 第 83 行.
NOTIC: [8] Undefined index: customer_id C:\xampp\htdocs\project\exploitproject\学库\exploit1\websource\Application\Home\Controller\BasicController.class.php 第 91 行.
SQL: SHOW COLUMNS FROM `erp_system_parameter` [ RunTime:0.0026s ]
SQL: SELECT `value` FROM `erp_system_parameter` WHERE ( code = 'notice_open' AND status = 1 ) LIMIT 1   [ RunTime:0.0007s ]
SQL: SELECT `value` FROM `erp_system_parameter` WHERE ( code = 'notice_title' AND status = 1 ) LIMIT 1   [ RunTime:0.0004s ]
SQL: SHOW COLUMNS FROM `erp_node` [ RunTime:0.0011s ]
SQL: SELECT name as `key` FROM `erp_node` WHERE ( level = 3 AND module = '/Home/QuestionCategory' )  [ RunTime:0.0004s ]
SQL: SELECT name as `key` FROM `erp_node` WHERE ( level = 3 AND module = '/Home/QuestionCategory' )  [ RunTime:0.0003s ]
SQL: SHOW COLUMNS FROM `erp_user_summary_column` [ RunTime:0.0010s ]
SQL: SELECT * FROM `erp_user_summary_column` WHERE ( user_code='admin' AND summary='QuestionCategory' ) ORDER BY sort  [ RunTime:0.0004s ]
NOTIC: [2] Use of undefined constant question_category - assumed 'question_category' (this will throw an Error in a future version of PHP) C:\xampp\htdocs\project\exploitproject\学库\exploit1\websource\Application\Home\Controller\QuestionCategoryController.class.php 第 135 行.
SQL: SHOW COLUMNS FROM `erp_question_category` [ RunTime:0.0011s ]
SQL: SELECT * FROM `erp_question_category` WHERE `id` = 1 LIMIT 1   [ RunTime:0.0005s ]
INFO: [ view_parse ] --START--
INFO: [ template_filter ] --START--
INFO: Run Behavior\ContentReplaceBehavior [ RunTime:0.000107s ]
INFO: [ template_filter ] --END-- [ RunTime:0.000189s ]
NOTIC: [2] Use of undefined constant id - assumed 'id' (this will throw an Error in a future version of PHP) C:\xampp\htdocs\project\exploitproject\学库\exploit1\websource\Application\Runtime\Cache\Home\d0982f7d8a1ec16abe67cc93527b690e.php 第 5 行.
NOTIC: [8] Undefined index: parent_id_name C:\xampp\htdocs\project\exploitproject\学库\exploit1\websource\Application\Runtime\Cache\Home\d0982f7d8a1ec16abe67cc93527b690e.php 第 23 行.
NOTIC: [8] Undefined index: parent_id_code C:\xampp\htdocs\project\exploitproject\学库\exploit1\websource\Application\Runtime\Cache\Home\d0982f7d8a1ec16abe67cc93527b690e.php 第 31 行.
INFO: Run Behavior\ParseTemplateBehavior [ RunTime:0.009715s ]
INFO: [ view_parse ] --END-- [ RunTime:0.009763s ]
INFO: [ view_filter ] --START--
INFO: Run Behavior\WriteHtmlCacheBehavior [ RunTime:0.000649s ]
INFO: [ view_filter ] --END-- [ RunTime:0.000691s ]
INFO: [ app_end ] --START--
INFO: Run Behavior\ShowPageTraceBehavior [ RunTime:0.001158s ]
INFO: [ app_end ] --END-- [ RunTime:0.001241s ]

[ 2019-07-04T18:47:59+08:00 ] ::1 /index.php/Home/QuestionCategory/index/func/save/id/1.html
INFO: [ app_init ] --START--
INFO: Run Behavior\BuildLiteBehavior [ RunTime:0.000015s ]
INFO: [ app_init ] --END-- [ RunTime:0.000530s ]
INFO: [ app_begin ] --START--
INFO: Run Behavior\ReadHtmlCacheBehavior [ RunTime:0.000796s ]
INFO: [ app_begin ] --END-- [ RunTime:0.000845s ]
SQL: SHOW COLUMNS FROM `erp_user` [ RunTime:0.0011s ]
SQL: SELECT * FROM `erp_user` WHERE ( id = 1 ) LIMIT 1   [ RunTime:0.0005s ]
NOTIC: [8] Undefined index: customer_id C:\xampp\htdocs\project\exploitproject\学库\exploit1\websource\Application\Home\Controller\BasicController.class.php 第 83 行.
NOTIC: [8] Undefined index: customer_id C:\xampp\htdocs\project\exploitproject\学库\exploit1\websource\Application\Home\Controller\BasicController.class.php 第 91 行.
SQL: SHOW COLUMNS FROM `erp_system_parameter` [ RunTime:0.0009s ]
SQL: SELECT `value` FROM `erp_system_parameter` WHERE ( code = 'notice_open' AND status = 1 ) LIMIT 1   [ RunTime:0.0004s ]
SQL: SELECT `value` FROM `erp_system_parameter` WHERE ( code = 'notice_title' AND status = 1 ) LIMIT 1   [ RunTime:0.0003s ]
SQL: SHOW COLUMNS FROM `erp_node` [ RunTime:0.0010s ]
SQL: SELECT name as `key` FROM `erp_node` WHERE ( level = 3 AND module = '/Home/QuestionCategory' )  [ RunTime:0.0004s ]
SQL: SELECT name as `key` FROM `erp_node` WHERE ( level = 3 AND module = '/Home/QuestionCategory' )  [ RunTime:0.0003s ]
SQL: SHOW COLUMNS FROM `erp_user_summary_column` [ RunTime:0.0009s ]
SQL: SELECT * FROM `erp_user_summary_column` WHERE ( user_code='admin' AND summary='QuestionCategory' ) ORDER BY sort  [ RunTime:0.0005s ]
SQL: SHOW COLUMNS FROM `erp_question_category` [ RunTime:0.0029s ]
SQL: SELECT * FROM `erp_question_category` WHERE ( id!=1 and name='标准' ) LIMIT 1   [ RunTime:0.0010s ]
SQL: SELECT * FROM `erp_question_category` WHERE `id` = 1 LIMIT 1   [ RunTime:0.0005s ]
SQL: update erp_question_category set full_path=replace(full_path,'哈哈哈/','标准/') where code!='01' and code like '01%' [ RunTime:0.0040s ]
SQL: SELECT * FROM `erp_question_category` WHERE ( id='1' ) LIMIT 1   [ RunTime:0.0003s ]
SQL: UPDATE `erp_question_category` SET `name`='标准',`full_path`='标准',`level`='1',`modify_user`='admin',`modify_time`='2019-07-04 18:47:59.7' WHERE ( id = 1 ) [ RunTime:0.0004s ]
NOTIC: [8] Undefined index: parent_id C:\xampp\htdocs\project\exploitproject\学库\exploit1\websource\Application\Home\Controller\QuestionCategoryController.class.php 第 268 行.
SQL: SELECT * FROM `erp_question_category` WHERE ( id='1' ) LIMIT 1   [ RunTime:0.0003s ]
SQL: SHOW COLUMNS FROM `erp_log_common` [ RunTime:0.0010s ]
SQL: INSERT INTO `erp_log_common` (`type`,`data_id`,`data_code`,`status`,`create_time`,`create_user`,`subject`,`content`) VALUES ('question_category','1','01','1','2019-07-04 18:47:59','admin','变更知识点分类','[名称:标准];') [ RunTime:0.0009s ]

[ 2019-07-04T19:03:27+08:00 ] 127.0.0.1 /?XDEBUG_SESSION_START=10248
INFO: [ app_init ] --START--
INFO: Run Behavior\BuildLiteBehavior [ RunTime:0.000041s ]
INFO: [ app_init ] --END-- [ RunTime:0.000818s ]
INFO: [ app_begin ] --START--
INFO: Run Behavior\ReadHtmlCacheBehavior [ RunTime:0.001536s ]
INFO: [ app_begin ] --END-- [ RunTime:0.001800s ]
INFO: [ view_parse ] --START--
INFO: [ template_filter ] --START--
INFO: Run Behavior\ContentReplaceBehavior [ RunTime:0.000136s ]
INFO: [ template_filter ] --END-- [ RunTime:0.000420s ]
NOTIC: [8] Undefined variable: download C:\xampp\htdocs\project\exploitproject\学库\exploit1\websource\Application\Runtime\Cache\Home\25520d513124a6369605db6f8fa5dc6c.php 第 66 行.
INFO: Run Behavior\ParseTemplateBehavior [ RunTime:0.010667s ]
INFO: [ view_parse ] --END-- [ RunTime:0.010920s ]
INFO: [ view_filter ] --START--
INFO: Run Behavior\WriteHtmlCacheBehavior [ RunTime:0.001631s ]
INFO: [ view_filter ] --END-- [ RunTime:0.001822s ]
INFO: [ app_end ] --START--
INFO: Run Behavior\ShowPageTraceBehavior [ RunTime:0.001128s ]
INFO: [ app_end ] --END-- [ RunTime:0.001281s ]

[ 2019-07-04T19:03:27+08:00 ] 127.0.0.1 /index.php/Home/Auth/verify_captcha.html
INFO: [ app_init ] --START--
INFO: Run Behavior\BuildLiteBehavior [ RunTime:0.000037s ]
INFO: [ app_init ] --END-- [ RunTime:0.000670s ]
INFO: [ app_begin ] --START--
INFO: Run Behavior\ReadHtmlCacheBehavior [ RunTime:0.001279s ]
INFO: [ app_begin ] --END-- [ RunTime:0.001562s ]
NOTIC: [2] imagettftext(): Could not find/open font C:\xampp\htdocs\project\exploitproject\学库\exploit1\websource\ThinkPHP\Library\Think\Verify.class.php 第 166 行.
NOTIC: [2] imagettftext(): Could not find/open font C:\xampp\htdocs\project\exploitproject\学库\exploit1\websource\ThinkPHP\Library\Think\Verify.class.php 第 166 行.
NOTIC: [2] imagettftext(): Could not find/open font C:\xampp\htdocs\project\exploitproject\学库\exploit1\websource\ThinkPHP\Library\Think\Verify.class.php 第 166 行.
NOTIC: [2] imagettftext(): Could not find/open font C:\xampp\htdocs\project\exploitproject\学库\exploit1\websource\ThinkPHP\Library\Think\Verify.class.php 第 166 行.
INFO: [ app_end ] --START--
INFO: Run Behavior\ShowPageTraceBehavior [ RunTime:0.001477s ]
INFO: [ app_end ] --END-- [ RunTime:0.001866s ]

[ 2019-07-04T19:03:27+08:00 ] 127.0.0.1 /index.php/Home/Index/index?_op_=http%3A%2F%2F127.0.0.1%3A9090%2F%3FXDEBUG_SESSION_START%3D10248
INFO: [ app_init ] --START--
INFO: Run Behavior\BuildLiteBehavior [ RunTime:0.000070s ]
INFO: [ app_init ] --END-- [ RunTime:0.001829s ]
INFO: [ app_begin ] --START--
INFO: Run Behavior\ReadHtmlCacheBehavior [ RunTime:0.001158s ]
INFO: [ app_begin ] --END-- [ RunTime:0.001415s ]
SQL: SHOW COLUMNS FROM `erp_user` [ RunTime:0.0044s ]
SQL: SELECT * FROM `erp_user` WHERE ( id = 1 ) LIMIT 1   [ RunTime:0.0011s ]
NOTIC: [8] Undefined index: customer_id C:\xampp\htdocs\project\exploitproject\学库\exploit1\websource\Application\Home\Controller\BasicController.class.php 第 83 行.
NOTIC: [8] Undefined index: customer_id C:\xampp\htdocs\project\exploitproject\学库\exploit1\websource\Application\Home\Controller\BasicController.class.php 第 91 行.
SQL: SHOW COLUMNS FROM `erp_system_parameter` [ RunTime:0.0014s ]
SQL: SELECT `value` FROM `erp_system_parameter` WHERE ( code = 'notice_open' AND status = 1 ) LIMIT 1   [ RunTime:0.0008s ]
SQL: SELECT `value` FROM `erp_system_parameter` WHERE ( code = 'notice_title' AND status = 1 ) LIMIT 1   [ RunTime:0.0003s ]
SQL: select node.id,node.name,node.module from erp_role as role,erp_role_user as user,erp_role_node as access ,erp_node as node where user.user_id='1' and user.role_id=role.id and ( access.role_id=role.id  or (access.role_id=role.pid and role.pid!=0 ) ) and role.status=1 and access.node_id=node.id  and node.status=1 [ RunTime:0.0022s ]
NOTIC: [8] Undefined index: APP C:\xampp\htdocs\project\exploitproject\学库\exploit1\websource\Application\Home\Controller\BasicController.class.php 第 124 行.
NOTIC: [8] Undefined index: customer_id C:\xampp\htdocs\project\exploitproject\学库\exploit1\websource\Application\Home\Controller\IndexController.class.php 第 12 行.
SQL: SHOW COLUMNS FROM `erp_node` [ RunTime:0.0016s ]
SQL: SELECT DISTINCT title,`name`,`id`,`is_admin`,`model`,`sort`,`ico`,`default_open` FROM erp_node as a WHERE (  a.level='1' AND status='1' and side='0' ) ORDER BY sort ASC,id ASC  [ RunTime:0.0011s ]
SQL: SELECT DISTINCT title,`name`,`pid`,`id`,`is_admin`,`model`,`sort`,`ico`,`default_open` FROM erp_node as a WHERE (  a.level='2' AND status='1' and side='0' ) ORDER BY sort ASC,id ASC  [ RunTime:0.0007s ]
SQL: SELECT DISTINCT title,`name`,`id`,`pid`,a.module,a.btn_name,`is_admin`,`model`,`sort`,`ico`,`default_open` FROM erp_node as a WHERE (  a.level='3' AND status='1' and side='0' ) ORDER BY sort ASC,id ASC  [ RunTime:0.0007s ]
SQL: SELECT `value` FROM `erp_system_parameter` WHERE ( code='notice_open' ) LIMIT 1   [ RunTime:0.0003s ]
SQL: SELECT `value` FROM `erp_system_parameter` WHERE ( code='notice_title' ) LIMIT 1   [ RunTime:0.0003s ]
INFO: [ view_parse ] --START--
INFO: [ template_filter ] --START--
INFO: Run Behavior\ContentReplaceBehavior [ RunTime:0.000133s ]
INFO: [ template_filter ] --END-- [ RunTime:0.000335s ]
NOTIC: [8] Undefined offset: 1 C:\xampp\htdocs\project\exploitproject\学库\exploit1\websource\Application\Common\Common\function.php 第 520 行.
INFO: Run Behavior\ParseTemplateBehavior [ RunTime:0.017338s ]
INFO: [ view_parse ] --END-- [ RunTime:0.017507s ]
INFO: [ view_filter ] --START--
INFO: Run Behavior\WriteHtmlCacheBehavior [ RunTime:0.000833s ]
INFO: [ view_filter ] --END-- [ RunTime:0.000984s ]
INFO: [ app_end ] --START--
INFO: Run Behavior\ShowPageTraceBehavior [ RunTime:0.001258s ]
INFO: [ app_end ] --END-- [ RunTime:0.001436s ]

[ 2019-07-04T19:03:32+08:00 ] 127.0.0.1 /index.php/Home/QuestionCategory/index/func/edit/id/2.html?funcid=f_19b41d3cdf1034b95920ab3286045cb7&zindex=2002&pfuncid=X100210&__ajax=1
INFO: [ app_init ] --START--
INFO: Run Behavior\BuildLiteBehavior [ RunTime:0.000051s ]
INFO: [ app_init ] --END-- [ RunTime:0.001054s ]
INFO: [ app_begin ] --START--
INFO: Run Behavior\ReadHtmlCacheBehavior [ RunTime:0.001081s ]
INFO: [ app_begin ] --END-- [ RunTime:0.001239s ]
SQL: SHOW COLUMNS FROM `erp_user` [ RunTime:0.0011s ]
SQL: SELECT * FROM `erp_user` WHERE ( id = 1 ) LIMIT 1   [ RunTime:0.0005s ]
NOTIC: [8] Undefined index: customer_id C:\xampp\htdocs\project\exploitproject\学库\exploit1\websource\Application\Home\Controller\BasicController.class.php 第 83 行.
NOTIC: [8] Undefined index: customer_id C:\xampp\htdocs\project\exploitproject\学库\exploit1\websource\Application\Home\Controller\BasicController.class.php 第 91 行.
SQL: SHOW COLUMNS FROM `erp_system_parameter` [ RunTime:0.0010s ]
SQL: SELECT `value` FROM `erp_system_parameter` WHERE ( code = 'notice_open' AND status = 1 ) LIMIT 1   [ RunTime:0.0009s ]
SQL: SELECT `value` FROM `erp_system_parameter` WHERE ( code = 'notice_title' AND status = 1 ) LIMIT 1   [ RunTime:0.0005s ]
SQL: SHOW COLUMNS FROM `erp_node` [ RunTime:0.0012s ]
SQL: SELECT name as `key` FROM `erp_node` WHERE ( level = 3 AND module = '/Home/QuestionCategory' )  [ RunTime:0.0003s ]
SQL: SELECT name as `key` FROM `erp_node` WHERE ( level = 3 AND module = '/Home/QuestionCategory' )  [ RunTime:0.0003s ]
SQL: SHOW COLUMNS FROM `erp_user_summary_column` [ RunTime:0.0014s ]
SQL: SELECT * FROM `erp_user_summary_column` WHERE ( user_code='admin' AND summary='QuestionCategory' ) ORDER BY sort  [ RunTime:0.0007s ]
NOTIC: [2] Use of undefined constant question_category - assumed 'question_category' (this will throw an Error in a future version of PHP) C:\xampp\htdocs\project\exploitproject\学库\exploit1\websource\Application\Home\Controller\QuestionCategoryController.class.php 第 135 行.
SQL: SHOW COLUMNS FROM `erp_question_category` [ RunTime:0.0018s ]
SQL: SELECT * FROM `erp_question_category` WHERE `id` = 2 LIMIT 1   [ RunTime:0.0006s ]
SQL: SELECT `full_path`,`code` FROM `erp_question_category` WHERE ( id='1' ) LIMIT 1   [ RunTime:0.0003s ]
INFO: [ view_parse ] --START--
INFO: [ template_filter ] --START--
INFO: Run Behavior\ContentReplaceBehavior [ RunTime:0.000196s ]
INFO: [ template_filter ] --END-- [ RunTime:0.000350s ]
NOTIC: [2] Use of undefined constant id - assumed 'id' (this will throw an Error in a future version of PHP) C:\xampp\htdocs\project\exploitproject\学库\exploit1\websource\Application\Runtime\Cache\Home\d0982f7d8a1ec16abe67cc93527b690e.php 第 5 行.
INFO: Run Behavior\ParseTemplateBehavior [ RunTime:0.015660s ]
INFO: [ view_parse ] --END-- [ RunTime:0.015776s ]
INFO: [ view_filter ] --START--
INFO: Run Behavior\WriteHtmlCacheBehavior [ RunTime:0.000702s ]
INFO: [ view_filter ] --END-- [ RunTime:0.000813s ]
INFO: [ app_end ] --START--
INFO: Run Behavior\ShowPageTraceBehavior [ RunTime:0.001214s ]
INFO: [ app_end ] --END-- [ RunTime:0.001382s ]

[ 2019-07-04T19:03:44+08:00 ] 127.0.0.1 /index.php/Home/QuestionCategory/index/func/edit/id/1.html?funcid=f_612125014c8ef64efb7e761a3b2ae154&zindex=2004&pfuncid=X100210&__ajax=1
INFO: [ app_init ] --START--
INFO: Run Behavior\BuildLiteBehavior [ RunTime:0.000080s ]
INFO: [ app_init ] --END-- [ RunTime:0.001167s ]
INFO: [ app_begin ] --START--
INFO: Run Behavior\ReadHtmlCacheBehavior [ RunTime:0.001010s ]
INFO: [ app_begin ] --END-- [ RunTime:0.001144s ]
SQL: SHOW COLUMNS FROM `erp_user` [ RunTime:0.0012s ]
SQL: SELECT * FROM `erp_user` WHERE ( id = 1 ) LIMIT 1   [ RunTime:0.0004s ]
NOTIC: [8] Undefined index: customer_id C:\xampp\htdocs\project\exploitproject\学库\exploit1\websource\Application\Home\Controller\BasicController.class.php 第 83 行.
NOTIC: [8] Undefined index: customer_id C:\xampp\htdocs\project\exploitproject\学库\exploit1\websource\Application\Home\Controller\BasicController.class.php 第 91 行.
SQL: SHOW COLUMNS FROM `erp_system_parameter` [ RunTime:0.0009s ]
SQL: SELECT `value` FROM `erp_system_parameter` WHERE ( code = 'notice_open' AND status = 1 ) LIMIT 1   [ RunTime:0.0003s ]
SQL: SELECT `value` FROM `erp_system_parameter` WHERE ( code = 'notice_title' AND status = 1 ) LIMIT 1   [ RunTime:0.0003s ]
SQL: SHOW COLUMNS FROM `erp_node` [ RunTime:0.0011s ]
SQL: SELECT name as `key` FROM `erp_node` WHERE ( level = 3 AND module = '/Home/QuestionCategory' )  [ RunTime:0.0003s ]
SQL: SELECT name as `key` FROM `erp_node` WHERE ( level = 3 AND module = '/Home/QuestionCategory' )  [ RunTime:0.0008s ]
SQL: SHOW COLUMNS FROM `erp_user_summary_column` [ RunTime:0.0017s ]
SQL: SELECT * FROM `erp_user_summary_column` WHERE ( user_code='admin' AND summary='QuestionCategory' ) ORDER BY sort  [ RunTime:0.0007s ]
NOTIC: [2] Use of undefined constant question_category - assumed 'question_category' (this will throw an Error in a future version of PHP) C:\xampp\htdocs\project\exploitproject\学库\exploit1\websource\Application\Home\Controller\QuestionCategoryController.class.php 第 135 行.
SQL: SHOW COLUMNS FROM `erp_question_category` [ RunTime:0.0011s ]
SQL: SELECT * FROM `erp_question_category` WHERE `id` = 1 LIMIT 1   [ RunTime:0.0003s ]
INFO: [ view_parse ] --START--
INFO: [ template_filter ] --START--
INFO: Run Behavior\ContentReplaceBehavior [ RunTime:0.000097s ]
INFO: [ template_filter ] --END-- [ RunTime:0.000209s ]
NOTIC: [2] Use of undefined constant id - assumed 'id' (this will throw an Error in a future version of PHP) C:\xampp\htdocs\project\exploitproject\学库\exploit1\websource\Application\Runtime\Cache\Home\d0982f7d8a1ec16abe67cc93527b690e.php 第 5 行.
NOTIC: [8] Undefined index: parent_id_name C:\xampp\htdocs\project\exploitproject\学库\exploit1\websource\Application\Runtime\Cache\Home\d0982f7d8a1ec16abe67cc93527b690e.php 第 23 行.
NOTIC: [8] Undefined index: parent_id_code C:\xampp\htdocs\project\exploitproject\学库\exploit1\websource\Application\Runtime\Cache\Home\d0982f7d8a1ec16abe67cc93527b690e.php 第 31 行.
INFO: Run Behavior\ParseTemplateBehavior [ RunTime:0.011527s ]
INFO: [ view_parse ] --END-- [ RunTime:0.011759s ]
INFO: [ view_filter ] --START--
INFO: Run Behavior\WriteHtmlCacheBehavior [ RunTime:0.001021s ]
INFO: [ view_filter ] --END-- [ RunTime:0.001157s ]
INFO: [ app_end ] --START--
INFO: Run Behavior\ShowPageTraceBehavior [ RunTime:0.001447s ]
INFO: [ app_end ] --END-- [ RunTime:0.001576s ]

[ 2019-07-04T19:04:32+08:00 ] 127.0.0.1 /index.php/Home/QuestionCategory/index/func/save/id/1.html
INFO: [ app_init ] --START--
INFO: Run Behavior\BuildLiteBehavior [ RunTime:0.000063s ]
INFO: [ app_init ] --END-- [ RunTime:0.001049s ]
INFO: [ app_begin ] --START--
INFO: Run Behavior\ReadHtmlCacheBehavior [ RunTime:0.000904s ]
INFO: [ app_begin ] --END-- [ RunTime:0.001035s ]
SQL: SHOW COLUMNS FROM `erp_user` [ RunTime:0.0022s ]
SQL: SELECT * FROM `erp_user` WHERE ( id = 1 ) LIMIT 1   [ RunTime:0.0004s ]
NOTIC: [8] Undefined index: customer_id C:\xampp\htdocs\project\exploitproject\学库\exploit1\websource\Application\Home\Controller\BasicController.class.php 第 83 行.
NOTIC: [8] Undefined index: customer_id C:\xampp\htdocs\project\exploitproject\学库\exploit1\websource\Application\Home\Controller\BasicController.class.php 第 91 行.
SQL: SHOW COLUMNS FROM `erp_system_parameter` [ RunTime:0.0010s ]
SQL: SELECT `value` FROM `erp_system_parameter` WHERE ( code = 'notice_open' AND status = 1 ) LIMIT 1   [ RunTime:0.0004s ]
SQL: SELECT `value` FROM `erp_system_parameter` WHERE ( code = 'notice_title' AND status = 1 ) LIMIT 1   [ RunTime:0.0003s ]
SQL: SHOW COLUMNS FROM `erp_node` [ RunTime:0.0010s ]
SQL: SELECT name as `key` FROM `erp_node` WHERE ( level = 3 AND module = '/Home/QuestionCategory' )  [ RunTime:0.0003s ]
SQL: SELECT name as `key` FROM `erp_node` WHERE ( level = 3 AND module = '/Home/QuestionCategory' )  [ RunTime:0.0003s ]
SQL: SHOW COLUMNS FROM `erp_user_summary_column` [ RunTime:0.0009s ]
SQL: SELECT * FROM `erp_user_summary_column` WHERE ( user_code='admin' AND summary='QuestionCategory' ) ORDER BY sort  [ RunTime:0.0005s ]
SQL: SHOW COLUMNS FROM `erp_question_category` [ RunTime:0.0040s ]
SQL: SELECT * FROM `erp_question_category` WHERE ( id!=1 and name='标准c' ) LIMIT 1   [ RunTime:0.0042s ]
SQL: SELECT * FROM `erp_question_category` WHERE `id` = 1 LIMIT 1   [ RunTime:0.0012s ]
SQL: update erp_question_category set full_path=replace(full_path,'标准/','标准c/') where code!='01' and code like '01%' [ RunTime:0.0064s ]
SQL: SELECT * FROM `erp_question_category` WHERE ( id='1' ) LIMIT 1   [ RunTime:0.0013s ]
SQL: UPDATE `erp_question_category` SET `name`='标准c',`full_path`='标准c',`level`='1',`modify_user`='admin',`modify_time`='2019-07-04 19:04:32.7' WHERE ( id = 1 ) [ RunTime:0.0017s ]
NOTIC: [8] Undefined index: parent_id C:\xampp\htdocs\project\exploitproject\学库\exploit1\websource\Application\Home\Controller\QuestionCategoryController.class.php 第 268 行.
SQL: SELECT * FROM `erp_question_category` WHERE ( id='1' ) LIMIT 1   [ RunTime:0.0012s ]
SQL: SHOW COLUMNS FROM `erp_log_common` [ RunTime:0.0034s ]
SQL: INSERT INTO `erp_log_common` (`type`,`data_id`,`data_code`,`status`,`create_time`,`create_user`,`subject`,`content`) VALUES ('question_category','1','01','1','2019-07-04 19:04:32','admin','变更知识点分类','[名称:标准c];') [ RunTime:0.0033s ]

[ 2019-07-04T19:07:48+08:00 ] 127.0.0.1 /index.php/Home/Index/index?_op_=http%3A%2F%2F127.0.0.1%3A9090%2F%3FXDEBUG_SESSION_START%3D10248
INFO: [ app_init ] --START--
INFO: Run Behavior\BuildLiteBehavior [ RunTime:0.000039s ]
INFO: [ app_init ] --END-- [ RunTime:0.000782s ]
INFO: [ app_begin ] --START--
INFO: Run Behavior\ReadHtmlCacheBehavior [ RunTime:0.001522s ]
INFO: [ app_begin ] --END-- [ RunTime:0.001756s ]
SQL: SHOW COLUMNS FROM `erp_user` [ RunTime:0.0021s ]
SQL: SELECT * FROM `erp_user` WHERE ( id = 1 ) LIMIT 1   [ RunTime:0.0007s ]
NOTIC: [8] Undefined index: customer_id C:\xampp\htdocs\project\exploitproject\学库\exploit1\websource\Application\Home\Controller\BasicController.class.php 第 83 行.
NOTIC: [8] Undefined index: customer_id C:\xampp\htdocs\project\exploitproject\学库\exploit1\websource\Application\Home\Controller\BasicController.class.php 第 91 行.
SQL: SHOW COLUMNS FROM `erp_system_parameter` [ RunTime:0.0010s ]
SQL: SELECT `value` FROM `erp_system_parameter` WHERE ( code = 'notice_open' AND status = 1 ) LIMIT 1   [ RunTime:0.0003s ]
SQL: SELECT `value` FROM `erp_system_parameter` WHERE ( code = 'notice_title' AND status = 1 ) LIMIT 1   [ RunTime:0.0003s ]
SQL: select node.id,node.name,node.module from erp_role as role,erp_role_user as user,erp_role_node as access ,erp_node as node where user.user_id='1' and user.role_id=role.id and ( access.role_id=role.id  or (access.role_id=role.pid and role.pid!=0 ) ) and role.status=1 and access.node_id=node.id  and node.status=1 [ RunTime:0.0008s ]
NOTIC: [8] Undefined index: APP C:\xampp\htdocs\project\exploitproject\学库\exploit1\websource\Application\Home\Controller\BasicController.class.php 第 124 行.
NOTIC: [8] Undefined index: customer_id C:\xampp\htdocs\project\exploitproject\学库\exploit1\websource\Application\Home\Controller\IndexController.class.php 第 12 行.
SQL: SHOW COLUMNS FROM `erp_node` [ RunTime:0.0010s ]
SQL: SELECT DISTINCT title,`name`,`id`,`is_admin`,`model`,`sort`,`ico`,`default_open` FROM erp_node as a WHERE (  a.level='1' AND status='1' and side='0' ) ORDER BY sort ASC,id ASC  [ RunTime:0.0004s ]
SQL: SELECT DISTINCT title,`name`,`pid`,`id`,`is_admin`,`model`,`sort`,`ico`,`default_open` FROM erp_node as a WHERE (  a.level='2' AND status='1' and side='0' ) ORDER BY sort ASC,id ASC  [ RunTime:0.0005s ]
SQL: SELECT DISTINCT title,`name`,`id`,`pid`,a.module,a.btn_name,`is_admin`,`model`,`sort`,`ico`,`default_open` FROM erp_node as a WHERE (  a.level='3' AND status='1' and side='0' ) ORDER BY sort ASC,id ASC  [ RunTime:0.0010s ]
SQL: SELECT `value` FROM `erp_system_parameter` WHERE ( code='notice_open' ) LIMIT 1   [ RunTime:0.0005s ]
SQL: SELECT `value` FROM `erp_system_parameter` WHERE ( code='notice_title' ) LIMIT 1   [ RunTime:0.0006s ]
INFO: [ view_parse ] --START--
INFO: [ template_filter ] --START--
INFO: Run Behavior\ContentReplaceBehavior [ RunTime:0.000100s ]
INFO: [ template_filter ] --END-- [ RunTime:0.000269s ]
NOTIC: [8] Undefined offset: 1 C:\xampp\htdocs\project\exploitproject\学库\exploit1\websource\Application\Common\Common\function.php 第 520 行.
INFO: Run Behavior\ParseTemplateBehavior [ RunTime:0.020319s ]
INFO: [ view_parse ] --END-- [ RunTime:0.020494s ]
INFO: [ view_filter ] --START--
INFO: Run Behavior\WriteHtmlCacheBehavior [ RunTime:0.000774s ]
INFO: [ view_filter ] --END-- [ RunTime:0.000915s ]
INFO: [ app_end ] --START--
INFO: Run Behavior\ShowPageTraceBehavior [ RunTime:0.001255s ]
INFO: [ app_end ] --END-- [ RunTime:0.001415s ]

